{"logTime": "0920/230542", "correlationVector":"db6xnJ8wnioprV8hUYyR9b.50","action":"GetUpdates", "result":"DeleteReceived", "context":{"id":"d1b99953-b42b-4ca8-b52a-d492dcba2da0", "isDeleted:":"true", "version":"1707801619016"}}
{"logTime": "0920/230542", "correlationVector":"db6xnJ8wnioprV8hUYyR9b.51","action":"GetUpdates", "result":"DeleteReceived", "context":{"id":"a905aad2-0db9-49bf-b56a-b74898cd7f4a", "isDeleted:":"true", "version":"1707801619017"}}
{"logTime": "0920/230542", "correlationVector":"db6xnJ8wnioprV8hUYyR9b.52","action":"GetUpdates", "result":"DeleteReceived", "context":{"id":"aecb005b-ab59-41a4-bd20-08f36ba463ff", "isDeleted:":"true", "version":"1707930625740"}}
{"logTime": "0920/230542", "correlationVector":"db6xnJ8wnioprV8hUYyR9b.53","action":"GetUpdates", "result":"DeleteReceived", "context":{"id":"73ed6c31-2f77-4b8a-b187-13d400a882e4", "isDeleted:":"true", "version":"1707930625741"}}
{"logTime": "0920/230542", "correlationVector":"db6xnJ8wnioprV8hUYyR9b.54","action":"GetUpdates", "result":"DeleteReceived", "context":{"id":"bc1ea7a7-243f-40fb-830d-d384419a4458", "isDeleted:":"true", "version":"1707930625742"}}
{"logTime": "0920/230542", "correlationVector":"db6xnJ8wnioprV8hUYyR9b.55","action":"GetUpdates", "result":"DeleteReceived", "context":{"id":"b21b72e8-4a78-40fd-85e7-bcdaf3e3db6e", "isDeleted:":"true", "version":"1707930625743"}}
{"logTime": "0920/230542", "correlationVector":"db6xnJ8wnioprV8hUYyR9b.56","action":"GetUpdates", "result":"DeleteReceived", "context":{"id":"741260e4-8941-41b8-b6f5-bb46c9a03af9", "isDeleted:":"true", "version":"1707930625744"}}
{"logTime": "0920/230542", "correlationVector":"db6xnJ8wnioprV8hUYyR9b.57","action":"GetUpdates", "result":"DeleteReceived", "context":{"id":"1169505a-6ce1-42c6-9824-8ed6568d1d28", "isDeleted:":"true", "version":"1707930625745"}}
{"logTime": "0920/230542", "correlationVector":"db6xnJ8wnioprV8hUYyR9b.58","action":"GetUpdates", "result":"DeleteReceived", "context":{"id":"7b0795a1-d46f-4d06-8cec-80badf6f7eeb", "isDeleted:":"true", "version":"1707930625746"}}
{"logTime": "0920/230542", "correlationVector":"db6xnJ8wnioprV8hUYyR9b.59","action":"GetUpdates", "result":"DeleteReceived", "context":{"id":"753c7b02-2dfd-4cc1-b8dc-1b336ce5be8c", "isDeleted:":"true", "version":"1716300892840"}}
{"logTime": "0920/230542", "correlationVector":"db6xnJ8wnioprV8hUYyR9b.60","action":"GetUpdates", "result":"DeleteReceived", "context":{"id":"38399ed2-3198-4100-9090-b0a0d8bc0d29", "isDeleted:":"true", "version":"1716300892842"}}
{"logTime": "0920/230542", "correlationVector":"db6xnJ8wnioprV8hUYyR9b.61","action":"GetUpdates", "result":"DeleteReceived", "context":{"id":"fe18b253-10c6-4afb-90b1-7893ae115923", "isDeleted:":"true", "version":"1716300892851"}}
{"logTime": "0920/230542", "correlationVector":"db6xnJ8wnioprV8hUYyR9b.62","action":"GetUpdates", "result":"DeleteReceived", "context":{"id":"0919b11a-7f73-4ca1-8a10-93dc17ff0f71", "isDeleted:":"true", "version":"1716300892855"}}
{"logTime": "0920/230542", "correlationVector":"db6xnJ8wnioprV8hUYyR9b.63","action":"GetUpdates", "result":"DeleteReceived", "context":{"id":"faadf3e8-898e-4fa1-8dbf-245d610654e8", "isDeleted:":"true", "version":"1716300892856"}}
{"logTime": "0920/230542", "correlationVector":"db6xnJ8wnioprV8hUYyR9b.64","action":"GetUpdates", "result":"DeleteReceived", "context":{"id":"e88a7bd3-fbce-482b-9536-6492d2aba02a", "isDeleted:":"true", "version":"1716300892858"}}
{"logTime": "0920/230542", "correlationVector":"db6xnJ8wnioprV8hUYyR9b.65","action":"GetUpdates", "result":"DeleteReceived", "context":{"id":"60acc48f-81f7-4115-9258-392a573943f3", "isDeleted:":"true", "version":"1716300892859"}}
{"logTime": "0920/230542", "correlationVector":"db6xnJ8wnioprV8hUYyR9b.66","action":"GetUpdates", "result":"DeleteReceived", "context":{"id":"516adf0c-50e0-459e-90f2-04f549e2d598", "isDeleted:":"true", "version":"1716300892860"}}
{"logTime": "0920/230542", "correlationVector":"db6xnJ8wnioprV8hUYyR9b.67","action":"GetUpdates", "result":"DeleteReceived", "context":{"id":"3c27c88b-22ca-477a-b322-bfeb35150bd6", "isDeleted:":"true", "version":"1716300892866"}}
{"logTime": "0920/230542", "correlationVector":"db6xnJ8wnioprV8hUYyR9b.68","action":"GetUpdates", "result":"DeleteReceived", "context":{"id":"d7d79044-4444-467f-af06-0950bfd03ef4", "isDeleted:":"true", "version":"1716300892867"}}
{"logTime": "0920/230542", "correlationVector":"db6xnJ8wnioprV8hUYyR9b.69","action":"GetUpdates", "result":"DeleteReceived", "context":{"id":"30ec5c8e-fd00-4e34-b3ed-392ceaf2c8d4", "isDeleted:":"true", "version":"1716300892873"}}
{"logTime": "0920/230542", "correlationVector":"db6xnJ8wnioprV8hUYyR9b.70","action":"GetUpdates", "result":"DeleteReceived", "context":{"id":"dd61d880-1212-47c5-9914-16ade5d146d0", "isDeleted:":"true", "version":"1716300892874"}}
{"logTime": "0920/230542", "correlationVector":"db6xnJ8wnioprV8hUYyR9b.71","action":"GetUpdates", "result":"DeleteReceived", "context":{"id":"d7372098-b95f-4ad5-a4fc-2ce86e0dfe2c", "isDeleted:":"true", "version":"1716300892876"}}
{"logTime": "0920/230542", "correlationVector":"db6xnJ8wnioprV8hUYyR9b.72","action":"GetUpdates", "result":"DeleteReceived", "context":{"id":"dcfefc79-3b59-4abb-a5fc-e1c81cea1dcf", "isDeleted:":"true", "version":"1716300894251"}}
{"logTime": "0920/230542", "correlationVector":"db6xnJ8wnioprV8hUYyR9b.73","action":"GetUpdates", "result":"DeleteReceived", "context":{"id":"3922be7c-1bab-46dd-a700-98799ead5845", "isDeleted:":"true", "version":"1716300894265"}}
{"logTime": "0920/230542", "correlationVector":"db6xnJ8wnioprV8hUYyR9b.74","action":"GetUpdates", "result":"DeleteReceived", "context":{"id":"6deea4da-cf37-449f-9a4a-f279d9863f7c", "isDeleted:":"true", "version":"1716300894269"}}
{"logTime": "0920/230542", "correlationVector":"db6xnJ8wnioprV8hUYyR9b.75","action":"GetUpdates", "result":"DeleteReceived", "context":{"id":"186bcf1b-9ed9-4e25-b335-932d9403b18a", "isDeleted:":"true", "version":"1716300894272"}}
{"logTime": "0920/230542", "correlationVector":"db6xnJ8wnioprV8hUYyR9b.76","action":"GetUpdates", "result":"DeleteReceived", "context":{"id":"7903b9b4-283e-444d-a483-87c0abaa2d82", "isDeleted:":"true", "version":"1716300894273"}}
{"logTime": "0920/230542", "correlationVector":"db6xnJ8wnioprV8hUYyR9b.77","action":"GetUpdates", "result":"DeleteReceived", "context":{"id":"860885c3-a748-40f4-8988-c1661f8e7c1d", "isDeleted:":"true", "version":"1716300894274"}}
{"logTime": "0920/230542", "correlationVector":"db6xnJ8wnioprV8hUYyR9b.78","action":"GetUpdates", "result":"DeleteReceived", "context":{"id":"3475dbd8-51dd-40f3-88f4-b35250d59677", "isDeleted:":"true", "version":"1716300894277"}}
{"logTime": "0920/230542", "correlationVector":"db6xnJ8wnioprV8hUYyR9b.79","action":"GetUpdates", "result":"DeleteReceived", "context":{"id":"9529f9f1-4685-43a4-8fb9-ad9974c01a80", "isDeleted:":"true", "version":"1716300894279"}}
{"logTime": "0920/230542", "correlationVector":"db6xnJ8wnioprV8hUYyR9b.80","action":"GetUpdates", "result":"DeleteReceived", "context":{"id":"a385d6d2-b4c9-415a-b45a-2ccebfe47d14", "isDeleted:":"true", "version":"1716300894282"}}
{"logTime": "0920/230542", "correlationVector":"db6xnJ8wnioprV8hUYyR9b.81","action":"GetUpdates", "result":"DeleteReceived", "context":{"id":"561afc1a-4431-4b5a-9881-8f0b68a09c61", "isDeleted:":"true", "version":"1716300894283"}}
{"logTime": "0920/230542", "correlationVector":"db6xnJ8wnioprV8hUYyR9b.82","action":"GetUpdates", "result":"DeleteReceived", "context":{"id":"40efca3d-dfcb-4a2b-84dd-98d60d61e1ab", "isDeleted:":"true", "version":"1716300895623"}}
{"logTime": "0920/230542", "correlationVector":"db6xnJ8wnioprV8hUYyR9b.83","action":"GetUpdates", "result":"DeleteReceived", "context":{"id":"0246fccd-4226-4a16-8eef-4fd234b656ff", "isDeleted:":"true", "version":"1716300895624"}}
{"logTime": "0920/230542", "correlationVector":"db6xnJ8wnioprV8hUYyR9b.84","action":"GetUpdates", "result":"DeleteReceived", "context":{"id":"e656e378-ad0c-4836-94f4-530388fbfd13", "isDeleted:":"true", "version":"1716300895628"}}
{"logTime": "0920/230542", "correlationVector":"db6xnJ8wnioprV8hUYyR9b.85","action":"GetUpdates", "result":"DeleteReceived", "context":{"id":"7d15255d-a63a-4ef5-ab54-665f260f6003", "isDeleted:":"true", "version":"1716300895633"}}
{"logTime": "0920/230542", "correlationVector":"db6xnJ8wnioprV8hUYyR9b.86","action":"GetUpdates", "result":"DeleteReceived", "context":{"id":"bb4c9a18-31b5-4403-901f-169202d37e04", "isDeleted:":"true", "version":"1716300895638"}}
{"logTime": "0920/230542", "correlationVector":"db6xnJ8wnioprV8hUYyR9b.87","action":"GetUpdates", "result":"DeleteReceived", "context":{"id":"2a6d141b-c7bd-4695-8b99-c28214427136", "isDeleted:":"true", "version":"1716300895641"}}
{"logTime": "0920/230542", "correlationVector":"db6xnJ8wnioprV8hUYyR9b.88","action":"GetUpdates", "result":"DeleteReceived", "context":{"id":"1b4e98f7-7fc0-4058-b664-6a72b6310182", "isDeleted:":"true", "version":"1716300895642"}}
{"logTime": "0920/230542", "correlationVector":"db6xnJ8wnioprV8hUYyR9b.89","action":"GetUpdates", "result":"DeleteReceived", "context":{"id":"0c93dd66-2f3a-4655-9d5c-79eb885484a6", "isDeleted:":"true", "version":"1716300895646"}}
{"logTime": "0920/230542", "correlationVector":"db6xnJ8wnioprV8hUYyR9b.90","action":"GetUpdates", "result":"DeleteReceived", "context":{"id":"825ce053-3ec8-45d5-9c8a-43ddc61104a5", "isDeleted:":"true", "version":"1716300895649"}}
{"logTime": "0920/230542", "correlationVector":"db6xnJ8wnioprV8hUYyR9b.91","action":"GetUpdates", "result":"DeleteReceived", "context":{"id":"daa9a118-4e2e-444c-a065-a2cbffacf9a2", "isDeleted:":"true", "version":"1716300895655"}}
{"logTime": "0920/230542", "correlationVector":"db6xnJ8wnioprV8hUYyR9b.92","action":"GetUpdates", "result":"DeleteReceived", "context":{"id":"9c3b75e3-b3f9-48c7-b33a-76d98ae12a18", "isDeleted:":"true", "version":"1716300895658"}}
{"logTime": "0920/230542", "correlationVector":"db6xnJ8wnioprV8hUYyR9b.93","action":"GetUpdates", "result":"DeleteReceived", "context":{"id":"4efee942-9e62-4fdd-95d1-8b850b041b20", "isDeleted:":"true", "version":"1716300895660"}}
{"logTime": "0920/230542", "correlationVector":"db6xnJ8wnioprV8hUYyR9b.94","action":"GetUpdates", "result":"DeleteReceived", "context":{"id":"3fbedd97-32e2-4bd8-9bc8-d6bfe1fac98b", "isDeleted:":"true", "version":"1716300896999"}}
{"logTime": "0920/230542", "correlationVector":"db6xnJ8wnioprV8hUYyR9b.95","action":"GetUpdates", "result":"DeleteReceived", "context":{"id":"d03c7f37-78f1-4948-9ecb-b060e038baaa", "isDeleted:":"true", "version":"1716300897003"}}
{"logTime": "0920/230542", "correlationVector":"db6xnJ8wnioprV8hUYyR9b.96","action":"GetUpdates", "result":"DeleteReceived", "context":{"id":"4952b875-2535-421e-8026-b2b6d81ea19e", "isDeleted:":"true", "version":"1716300897004"}}
{"logTime": "0920/230542", "correlationVector":"db6xnJ8wnioprV8hUYyR9b.97","action":"GetUpdates", "result":"DeleteReceived", "context":{"id":"7832d6c8-586a-4e5c-9829-3e6dcd6624c0", "isDeleted:":"true", "version":"1716300897005"}}
{"logTime": "0920/230542", "correlationVector":"db6xnJ8wnioprV8hUYyR9b.98","action":"GetUpdates", "result":"DeleteReceived", "context":{"id":"39b8cf6b-40c2-4010-8bbf-eddc88d65551", "isDeleted:":"true", "version":"1716300897013"}}
{"logTime": "0920/230542", "correlationVector":"db6xnJ8wnioprV8hUYyR9b.99","action":"GetUpdates", "result":"DeleteReceived", "context":{"id":"81b164cf-79d3-4bc7-a68f-64232a5b9f6d", "isDeleted:":"true", "version":"1716300897014"}}
{"logTime": "0920/230542", "correlationVector":"db6xnJ8wnioprV8hUYyR9b.100","action":"GetUpdates", "result":"DeleteReceived", "context":{"id":"d537d9e0-2f98-4596-b182-79ed60c4bd14", "isDeleted:":"true", "version":"1716300897015"}}
{"logTime": "0920/230542", "correlationVector":"db6xnJ8wnioprV8hUYyR9b.101","action":"GetUpdates", "result":"DeleteReceived", "context":{"id":"a4c6ab4d-1827-48f5-8562-1aee4596ca5c", "isDeleted:":"true", "version":"1716300897018"}}
{"logTime": "0920/230542", "correlationVector":"db6xnJ8wnioprV8hUYyR9b.102","action":"GetUpdates", "result":"DeleteReceived", "context":{"id":"80119333-4315-4fa4-8d12-37b29eccb30c", "isDeleted:":"true", "version":"1716300897024"}}
{"logTime": "0920/230542", "correlationVector":"db6xnJ8wnioprV8hUYyR9b.103","action":"GetUpdates", "result":"DeleteReceived", "context":{"id":"bccb80d5-9e14-41ff-b0fc-0f267a6f8fa7", "isDeleted:":"true", "version":"1716300897025"}}
{"logTime": "0920/230542", "correlationVector":"db6xnJ8wnioprV8hUYyR9b.104","action":"GetUpdates", "result":"DeleteReceived", "context":{"id":"33068176-39ad-4a90-accc-ebf1571e7e29", "isDeleted:":"true", "version":"1716300897026"}}
{"logTime": "0920/230542", "correlationVector":"db6xnJ8wnioprV8hUYyR9b.105","action":"GetUpdates", "result":"DeleteReceived", "context":{"id":"7d28a1d0-8ed0-499d-8ddc-1fde9832993a", "isDeleted:":"true", "version":"1716300898315"}}
{"logTime": "0920/230542", "correlationVector":"db6xnJ8wnioprV8hUYyR9b.106","action":"GetUpdates", "result":"DeleteReceived", "context":{"id":"092ec20f-d7cb-4450-bfcf-9952a298f7f3", "isDeleted:":"true", "version":"1716300898316"}}
{"logTime": "0920/230542", "correlationVector":"db6xnJ8wnioprV8hUYyR9b.107","action":"GetUpdates", "result":"DeleteReceived", "context":{"id":"37a901f9-56bc-4ba8-9626-b787b481ba3b", "isDeleted:":"true", "version":"1716300898317"}}
{"logTime": "0920/230542", "correlationVector":"db6xnJ8wnioprV8hUYyR9b.108","action":"GetUpdates", "result":"DeleteReceived", "context":{"id":"ac6f10ba-12fc-4178-a9ea-8744d90c7677", "isDeleted:":"true", "version":"1716300898318"}}
{"logTime": "0920/230542", "correlationVector":"db6xnJ8wnioprV8hUYyR9b.109","action":"GetUpdates", "result":"DeleteReceived", "context":{"id":"b1abfd12-a19b-4d8c-984e-0f684963a10e", "isDeleted:":"true", "version":"1716300898319"}}
{"logTime": "0920/230542", "correlationVector":"db6xnJ8wnioprV8hUYyR9b.110","action":"GetUpdates", "result":"DeleteReceived", "context":{"id":"0b87452d-4503-4e77-90bf-b8d6060e09d2", "isDeleted:":"true", "version":"1716300898322"}}
{"logTime": "0920/230542", "correlationVector":"db6xnJ8wnioprV8hUYyR9b.111","action":"GetUpdates", "result":"DeleteReceived", "context":{"id":"c63fffb6-7a2b-462a-a2bd-f7c396ffc968", "isDeleted:":"true", "version":"1716300898323"}}
{"logTime": "0920/230542", "correlationVector":"db6xnJ8wnioprV8hUYyR9b.112","action":"GetUpdates", "result":"DeleteReceived", "context":{"id":"149cfa2a-6b29-4e44-acdf-f4c00b94542b", "isDeleted:":"true", "version":"1716300898328"}}
{"logTime": "0920/230542", "correlationVector":"db6xnJ8wnioprV8hUYyR9b.113","action":"GetUpdates", "result":"DeleteReceived", "context":{"id":"528ee0b6-74d9-46ab-8c10-10e179a9b22a", "isDeleted:":"true", "version":"1716300898331"}}
{"logTime": "0920/230542", "correlationVector":"db6xnJ8wnioprV8hUYyR9b.114","action":"GetUpdates", "result":"DeleteReceived", "context":{"id":"42d4ec7a-6cc5-408f-9d1c-cdac1a63e7b0", "isDeleted:":"true", "version":"1716300898332"}}
{"logTime": "0920/230542", "correlationVector":"db6xnJ8wnioprV8hUYyR9b.115","action":"GetUpdates", "result":"DeleteReceived", "context":{"id":"6ad622e6-77fd-4600-9f5d-369e6f995b87", "isDeleted:":"true", "version":"1716300898333"}}
{"logTime": "0920/230542", "correlationVector":"db6xnJ8wnioprV8hUYyR9b.116","action":"GetUpdates", "result":"DeleteReceived", "context":{"id":"2259e557-7f52-4719-bf05-0b709f6563d2", "isDeleted:":"true", "version":"1716300898339"}}
{"logTime": "0920/230542", "correlationVector":"db6xnJ8wnioprV8hUYyR9b.117","action":"GetUpdates", "result":"DeleteReceived", "context":{"id":"b248a8d6-97b1-41a1-934d-7e842ac32d5e", "isDeleted:":"true", "version":"1716300898342"}}
{"logTime": "0920/230542", "correlationVector":"db6xnJ8wnioprV8hUYyR9b.118","action":"GetUpdates", "result":"DeleteReceived", "context":{"id":"b93a6bc7-c983-466b-90af-1f02af376ec1", "isDeleted:":"true", "version":"1716300898345"}}
{"logTime": "0920/230542", "correlationVector":"db6xnJ8wnioprV8hUYyR9b.119","action":"GetUpdates", "result":"DeleteReceived", "context":{"id":"c31693ce-3d8b-48b5-9188-bf7301f5204f", "isDeleted:":"true", "version":"1716300898349"}}
{"logTime": "0920/230542", "correlationVector":"db6xnJ8wnioprV8hUYyR9b.120","action":"GetUpdates", "result":"DeleteReceived", "context":{"id":"65f0ee46-b43f-4a91-9b53-d68cb6727c5d", "isDeleted:":"true", "version":"1716300898351"}}
{"logTime": "0920/230542", "correlationVector":"db6xnJ8wnioprV8hUYyR9b.121","action":"GetUpdates", "result":"DeleteReceived", "context":{"id":"3dcf2632-c11d-44c3-b87f-307fa640f40b", "isDeleted:":"true", "version":"1716300898354"}}
{"logTime": "0920/230542", "correlationVector":"db6xnJ8wnioprV8hUYyR9b.122","action":"GetUpdates", "result":"DeleteReceived", "context":{"id":"372aabab-9f0a-49ba-b6f9-af1e1819c0dc", "isDeleted:":"true", "version":"1716300899801"}}
{"logTime": "0920/230542", "correlationVector":"db6xnJ8wnioprV8hUYyR9b.123","action":"GetUpdates", "result":"DeleteReceived", "context":{"id":"236c493d-ccf8-47ea-84ea-1562fb1e9efd", "isDeleted:":"true", "version":"1716300899803"}}
{"logTime": "0920/230542", "correlationVector":"db6xnJ8wnioprV8hUYyR9b.124","action":"GetUpdates", "result":"DeleteReceived", "context":{"id":"a79ea694-ab61-45bc-891f-66f6a56a504e", "isDeleted:":"true", "version":"1716300899806"}}
{"logTime": "0920/230542", "correlationVector":"db6xnJ8wnioprV8hUYyR9b.125","action":"GetUpdates", "result":"DeleteReceived", "context":{"id":"764a1fe4-863a-48bc-9148-40737ad4031e", "isDeleted:":"true", "version":"1716300899807"}}
{"logTime": "0920/230542", "correlationVector":"db6xnJ8wnioprV8hUYyR9b.126","action":"GetUpdates", "result":"DeleteReceived", "context":{"id":"14d5d55c-2b87-4dd1-9e60-a14b4587c265", "isDeleted:":"true", "version":"1716300899809"}}
{"logTime": "0920/230542", "correlationVector":"db6xnJ8wnioprV8hUYyR9b.127","action":"GetUpdates", "result":"DeleteReceived", "context":{"id":"80d49b2d-8f7a-4d22-94b3-d526cc1dfb52", "isDeleted:":"true", "version":"1716300899810"}}
{"logTime": "0920/230542", "correlationVector":"db6xnJ8wnioprV8hUYyR9b.128","action":"GetUpdates", "result":"DeleteReceived", "context":{"id":"ab7d3c53-eaa8-4d4a-a573-1dcb8b2f4132", "isDeleted:":"true", "version":"1716300899812"}}
{"logTime": "0920/230542", "correlationVector":"db6xnJ8wnioprV8hUYyR9b.129","action":"GetUpdates", "result":"DeleteReceived", "context":{"id":"a4d70abf-fbcd-40db-862f-af8eca4fcfa5", "isDeleted:":"true", "version":"1716300899813"}}
{"logTime": "0920/230542", "correlationVector":"db6xnJ8wnioprV8hUYyR9b.130","action":"GetUpdates", "result":"DeleteReceived", "context":{"id":"f02b583e-edd9-4f5a-bb30-767fae105cea", "isDeleted:":"true", "version":"1716300899815"}}
{"logTime": "0920/230542", "correlationVector":"db6xnJ8wnioprV8hUYyR9b.131","action":"GetUpdates", "result":"DeleteReceived", "context":{"id":"17552a6c-104e-47ae-b18d-f9558df838a1", "isDeleted:":"true", "version":"1716300899816"}}
{"logTime": "0920/230542", "correlationVector":"db6xnJ8wnioprV8hUYyR9b.132","action":"GetUpdates", "result":"DeleteReceived", "context":{"id":"bc15b2a0-706e-4245-87bb-439ddecbb121", "isDeleted:":"true", "version":"1716300899821"}}
{"logTime": "0920/230542", "correlationVector":"db6xnJ8wnioprV8hUYyR9b.133","action":"GetUpdates", "result":"DeleteReceived", "context":{"id":"c7724fa6-65b7-49d0-940d-47b4b322cc7c", "isDeleted:":"true", "version":"1716300899822"}}
{"logTime": "0920/230542", "correlationVector":"db6xnJ8wnioprV8hUYyR9b.134","action":"GetUpdates", "result":"DeleteReceived", "context":{"id":"76ab909e-0241-4750-a30d-5c33050b4d32", "isDeleted:":"true", "version":"1716300899823"}}
{"logTime": "0920/230542", "correlationVector":"db6xnJ8wnioprV8hUYyR9b.135","action":"GetUpdates", "result":"DeleteReceived", "context":{"id":"644a1560-05e8-4d7b-92cb-9512b1b3d7ca", "isDeleted:":"true", "version":"1716300899828"}}
{"logTime": "0920/230542", "correlationVector":"db6xnJ8wnioprV8hUYyR9b.136","action":"GetUpdates", "result":"DeleteReceived", "context":{"id":"afcee517-fccf-41c9-bfc0-fb2e6c1d0e73", "isDeleted:":"true", "version":"1716300899829"}}
{"logTime": "0920/230542", "correlationVector":"db6xnJ8wnioprV8hUYyR9b.137","action":"GetUpdates", "result":"DeleteReceived", "context":{"id":"3c5a6c40-7098-48ca-a5e1-bc6bcf2b79bf", "isDeleted:":"true", "version":"1716300899831"}}
{"logTime": "0920/230542", "correlationVector":"db6xnJ8wnioprV8hUYyR9b.138","action":"GetUpdates", "result":"DeleteReceived", "context":{"id":"c5ed5c2b-002e-4b75-a7ef-74e8454d0e1d", "isDeleted:":"true", "version":"1716300899833"}}
{"logTime": "0920/230542", "correlationVector":"db6xnJ8wnioprV8hUYyR9b.139","action":"GetUpdates", "result":"DeleteReceived", "context":{"id":"df4b35a2-7bd0-4672-bcef-198f668e502f", "isDeleted:":"true", "version":"1716300901112"}}
{"logTime": "0920/230542", "correlationVector":"db6xnJ8wnioprV8hUYyR9b.140","action":"GetUpdates", "result":"DeleteReceived", "context":{"id":"c5dd6c34-353a-4d4e-af03-91a74bc76dcd", "isDeleted:":"true", "version":"1717541022581"}}
{"logTime": "0920/230542", "correlationVector":"db6xnJ8wnioprV8hUYyR9b.141","action":"GetUpdates", "result":"DeleteReceived", "context":{"id":"397eba01-f9f9-4e4c-bfe3-9d91be8daddf", "isDeleted:":"true", "version":"1717541022582"}}
{"logTime": "0920/230542", "correlationVector":"db6xnJ8wnioprV8hUYyR9b.142","action":"GetUpdates", "result":"DeleteReceived", "context":{"id":"84700522-a1aa-4eb6-b953-aeaa1172ea8c", "isDeleted:":"true", "version":"1718828429982"}}
{"logTime": "0920/230542", "correlationVector":"db6xnJ8wnioprV8hUYyR9b.143","action":"GetUpdates", "result":"DeleteReceived", "context":{"id":"b9d4549a-1b93-4fa9-8a81-3a05b233f424", "isDeleted:":"true", "version":"1719354111212"}}
{"logTime": "0920/230542", "correlationVector":"db6xnJ8wnioprV8hUYyR9b.144","action":"GetUpdates", "result":"DeleteReceived", "context":{"id":"95207ea1-a1cc-4766-8d17-40582fe84056", "isDeleted:":"true", "version":"1719354111213"}}
{"logTime": "0920/230542", "correlationVector":"db6xnJ8wnioprV8hUYyR9b.145","action":"GetUpdates", "result":"DeleteReceived", "context":{"id":"157bf050-b0c0-4656-89cb-db547c76d028", "isDeleted:":"true", "version":"1720620484877"}}
{"logTime": "0920/230542", "correlationVector":"db6xnJ8wnioprV8hUYyR9b.146","action":"GetUpdates", "result":"DeleteReceived", "context":{"id":"143b79f5-9ef4-46b2-846d-40b7f6e61975", "isDeleted:":"true", "version":"1720636005170"}}
{"logTime": "0920/230542", "correlationVector":"db6xnJ8wnioprV8hUYyR9b.147","action":"GetUpdates", "result":"DeleteReceived", "context":{"id":"8170902c-c3f6-41c0-be6e-9e9874cf0b6f", "isDeleted:":"true", "version":"1720636016681"}}
{"logTime": "0920/230542", "correlationVector":"db6xnJ8wnioprV8hUYyR9b.148","action":"GetUpdates", "result":"DeleteReceived", "context":{"id":"9675d4f0-a9b7-43c1-a63f-507b6b2e4ce6", "isDeleted:":"true", "version":"1720636017152"}}
{"logTime": "0920/230542", "correlationVector":"db6xnJ8wnioprV8hUYyR9b.149","action":"GetUpdates", "result":"DeleteReceived", "context":{"id":"792cd677-2692-4df5-a9f7-836664a5866e", "isDeleted:":"true", "version":"1720636017589"}}
{"logTime": "0920/230542", "correlationVector":"db6xnJ8wnioprV8hUYyR9b.150","action":"GetUpdates", "result":"DeleteReceived", "context":{"id":"f7cf969d-75d0-49b2-a075-0715115dc425", "isDeleted:":"true", "version":"1720636026483"}}
{"logTime": "0920/230542", "correlationVector":"db6xnJ8wnioprV8hUYyR9b.151","action":"GetUpdates", "result":"DeleteReceived", "context":{"id":"7f22a5a6-8903-4976-9eb5-7ad56cf7a258", "isDeleted:":"true", "version":"1720636028033"}}
{"logTime": "0920/230542", "correlationVector":"db6xnJ8wnioprV8hUYyR9b.152","action":"GetUpdates", "result":"DeleteReceived", "context":{"id":"f9f93d59-304d-4de0-868a-dee80aa8530a", "isDeleted:":"true", "version":"1720636033378"}}
{"logTime": "0920/230542", "correlationVector":"db6xnJ8wnioprV8hUYyR9b.153","action":"GetUpdates", "result":"DeleteReceived", "context":{"id":"ca66bad0-8ba7-46d8-be94-567982a0e9cc", "isDeleted:":"true", "version":"1720636038035"}}
{"logTime": "0920/230542", "correlationVector":"db6xnJ8wnioprV8hUYyR9b.154","action":"GetUpdates", "result":"DeleteReceived", "context":{"id":"84f7e865-486f-4c02-8c17-0b12fcd02048", "isDeleted:":"true", "version":"1720636040798"}}
{"logTime": "0920/230542", "correlationVector":"db6xnJ8wnioprV8hUYyR9b.155","action":"GetUpdates", "result":"DeleteReceived", "context":{"id":"5f886ef8-ee0a-4f88-8b1f-aed342e9d2ea", "isDeleted:":"true", "version":"1720636042999"}}
{"logTime": "0920/230542", "correlationVector":"db6xnJ8wnioprV8hUYyR9b.156","action":"GetUpdates", "result":"DeleteReceived", "context":{"id":"10163b6e-bf9e-46b6-a4e2-f7bdf877ec65", "isDeleted:":"true", "version":"1720636056069"}}
{"logTime": "0920/230542", "correlationVector":"db6xnJ8wnioprV8hUYyR9b.157","action":"GetUpdates", "result":"DeleteReceived", "context":{"id":"b4959a2e-c1d5-4101-b518-5585222b06a3", "isDeleted:":"true", "version":"1720636056575"}}
{"logTime": "0920/230542", "correlationVector":"db6xnJ8wnioprV8hUYyR9b.158","action":"GetUpdates", "result":"DeleteReceived", "context":{"id":"de1d7938-6c2a-405a-94eb-74dfcae3f565", "isDeleted:":"true", "version":"1720636057422"}}
{"logTime": "0920/230542", "correlationVector":"db6xnJ8wnioprV8hUYyR9b.159","action":"GetUpdates", "result":"DeleteReceived", "context":{"id":"4f649ead-b383-4594-9179-a82d34a91f85", "isDeleted:":"true", "version":"1720636057949"}}
{"logTime": "0920/230542", "correlationVector":"db6xnJ8wnioprV8hUYyR9b.160","action":"GetUpdates", "result":"DeleteReceived", "context":{"id":"dd921343-b425-44be-9bd3-992f836e1605", "isDeleted:":"true", "version":"1720636058491"}}
{"logTime": "0920/230542", "correlationVector":"db6xnJ8wnioprV8hUYyR9b.161","action":"GetUpdates", "result":"DeleteReceived", "context":{"id":"20787a03-5482-451d-9914-178c449eec6d", "isDeleted:":"true", "version":"1720636061061"}}
{"logTime": "0920/230542", "correlationVector":"db6xnJ8wnioprV8hUYyR9b.162","action":"GetUpdates", "result":"DeleteReceived", "context":{"id":"e2986674-8772-4e84-93e5-a55105c2998f", "isDeleted:":"true", "version":"1720636061659"}}
{"logTime": "0920/230542", "correlationVector":"db6xnJ8wnioprV8hUYyR9b.163","action":"GetUpdates", "result":"DeleteReceived", "context":{"id":"bea85b1a-9e18-4986-be52-8c7a9c268358", "isDeleted:":"true", "version":"1720636062414"}}
{"logTime": "0920/230542", "correlationVector":"db6xnJ8wnioprV8hUYyR9b.164","action":"GetUpdates", "result":"DeleteReceived", "context":{"id":"70e9b7b0-62e6-4b65-8b87-502bd0aeb913", "isDeleted:":"true", "version":"1720636063977"}}
{"logTime": "0920/230542", "correlationVector":"db6xnJ8wnioprV8hUYyR9b.165","action":"GetUpdates", "result":"DeleteReceived", "context":{"id":"e24e70a3-b11c-4114-b835-fa398cc63d42", "isDeleted:":"true", "version":"1720636086896"}}
{"logTime": "0920/230542", "correlationVector":"db6xnJ8wnioprV8hUYyR9b.166","action":"GetUpdates", "result":"DeleteReceived", "context":{"id":"0d0d59a4-0d28-4db1-aae2-d9e871774257", "isDeleted:":"true", "version":"1721826962765"}}
{"logTime": "0920/230542", "correlationVector":"db6xnJ8wnioprV8hUYyR9b.167","action":"GetUpdates", "result":"DeleteReceived", "context":{"id":"717de805-c132-4cb0-b395-0f21e8ddf8e8", "isDeleted:":"true", "version":"1721826962766"}}
{"logTime": "0920/230542", "correlationVector":"db6xnJ8wnioprV8hUYyR9b.168","action":"GetUpdates", "result":"DeleteReceived", "context":{"id":"ce995240-df55-4647-bbbe-bbac8b363567", "isDeleted:":"true", "version":"1721826962767"}}
{"logTime": "0920/230542", "correlationVector":"db6xnJ8wnioprV8hUYyR9b.169","action":"GetUpdates", "result":"DeleteReceived", "context":{"id":"b66a728c-04a3-42a4-bc87-15bfde124b0a", "isDeleted:":"true", "version":"1721826962768"}}
{"logTime": "0920/230542", "correlationVector":"db6xnJ8wnioprV8hUYyR9b.170","action":"GetUpdates", "result":"DeleteReceived", "context":{"id":"1ce7d716-250c-42cb-ad3a-bdd3adc6f68e", "isDeleted:":"true", "version":"1721826962769"}}
{"logTime": "0920/230542", "correlationVector":"db6xnJ8wnioprV8hUYyR9b.171","action":"GetUpdates", "result":"DeleteReceived", "context":{"id":"8a31fd35-86fb-4b81-9c4e-0bee1865f3b0", "isDeleted:":"true", "version":"1721826962770"}}
{"logTime": "0920/230542", "correlationVector":"db6xnJ8wnioprV8hUYyR9b.172","action":"GetUpdates", "result":"DeleteReceived", "context":{"id":"a0e6b4f5-0fc1-41ff-b360-663e697bb89f", "isDeleted:":"true", "version":"1721826962771"}}
{"logTime": "0920/230542", "correlationVector":"db6xnJ8wnioprV8hUYyR9b.173","action":"GetUpdates", "result":"DeleteReceived", "context":{"id":"e42ddb8a-e721-44c9-9a3d-0c949feaf6f3", "isDeleted:":"true", "version":"1721826962772"}}
{"logTime": "0920/230542", "correlationVector":"db6xnJ8wnioprV8hUYyR9b.174","action":"GetUpdates", "result":"DeleteReceived", "context":{"id":"bede170c-78c2-414f-8257-e0410bf34a4d", "isDeleted:":"true", "version":"1721908612505"}}
{"logTime": "0920/230542", "correlationVector":"db6xnJ8wnioprV8hUYyR9b.175","action":"GetUpdates", "result":"DeleteReceived", "context":{"id":"cecdb3cf-9d8d-48ec-ab36-b8ce3bfd1130", "isDeleted:":"true", "version":"1721908613880"}}
{"logTime": "0920/230542", "correlationVector":"db6xnJ8wnioprV8hUYyR9b.176","action":"GetUpdates", "result":"DeleteReceived", "context":{"id":"ede6b404-ce5d-41d0-92be-bfb380ebf46f", "isDeleted:":"true", "version":"1721908621869"}}
{"logTime": "0920/230542", "correlationVector":"db6xnJ8wnioprV8hUYyR9b.177","action":"GetUpdates", "result":"DeleteReceived", "context":{"id":"bc8c26c7-5e50-4291-b81f-75cf31bf036c", "isDeleted:":"true", "version":"1721908622811"}}
{"logTime": "0920/230542", "correlationVector":"db6xnJ8wnioprV8hUYyR9b.178","action":"GetUpdates", "result":"DeleteReceived", "context":{"id":"e1f6f952-d17a-4bf0-b933-001db5a171cd", "isDeleted:":"true", "version":"1721908632079"}}
{"logTime": "0920/230542", "correlationVector":"db6xnJ8wnioprV8hUYyR9b.179","action":"GetUpdates", "result":"DeleteReceived", "context":{"id":"9c3ab990-442c-4645-984f-f44ce408724c", "isDeleted:":"true", "version":"1721908653764"}}
{"logTime": "0920/230542", "correlationVector":"db6xnJ8wnioprV8hUYyR9b.180","action":"GetUpdates", "result":"DeleteReceived", "context":{"id":"b1675935-70ef-4da1-8bc5-5d9a4f7b9bed", "isDeleted:":"true", "version":"1721994778733"}}
{"logTime": "0920/230542", "correlationVector":"db6xnJ8wnioprV8hUYyR9b.181","action":"GetUpdates", "result":"DeleteReceived", "context":{"id":"0e5c5a26-7c66-4990-af3c-86d7140f778c", "isDeleted:":"true", "version":"1722354438341"}}
{"logTime": "0920/230542", "correlationVector":"db6xnJ8wnioprV8hUYyR9b.182","action":"GetUpdates", "result":"DeleteReceived", "context":{"id":"c318c9c7-ab09-41ad-88af-9bf49bf7c9f8", "isDeleted:":"true", "version":"1724716481024"}}
{"logTime": "0920/230542", "correlationVector":"db6xnJ8wnioprV8hUYyR9b.183","action":"GetUpdates", "result":"DeleteReceived", "context":{"id":"edbb1af0-5189-4a16-83d2-b112aeb7e974", "isDeleted:":"true", "version":"1724716493610"}}
{"logTime": "0920/230542", "correlationVector":"db6xnJ8wnioprV8hUYyR9b.184","action":"GetUpdates", "result":"DeleteReceived", "context":{"id":"2f874e39-03fa-4353-80bd-e0ac07a1d1bb", "isDeleted:":"true", "version":"1724716512549"}}
{"logTime": "0920/230542", "correlationVector":"db6xnJ8wnioprV8hUYyR9b.185","action":"GetUpdates", "result":"DeleteReceived", "context":{"id":"45519b41-7938-4aca-9bf4-386990e2dc5d", "isDeleted:":"true", "version":"1724716514509"}}
{"logTime": "0920/230542", "correlationVector":"db6xnJ8wnioprV8hUYyR9b.186","action":"GetUpdates", "result":"DeleteReceived", "context":{"id":"3d4e3fbb-55bb-45b8-94af-e6c04fc4f7ed", "isDeleted:":"true", "version":"1724716518024"}}
{"logTime": "0920/230542", "correlationVector":"db6xnJ8wnioprV8hUYyR9b.187","action":"GetUpdates", "result":"DeleteReceived", "context":{"id":"2821d7d4-312a-4ffa-84a2-913bc71c94ce", "isDeleted:":"true", "version":"1724716520367"}}
{"logTime": "0920/230542", "correlationVector":"db6xnJ8wnioprV8hUYyR9b.188","action":"GetUpdates", "result":"DeleteReceived", "context":{"id":"c1204896-2455-43b1-81b7-7f0047ea5a2e", "isDeleted:":"true", "version":"1724716523932"}}
{"logTime": "0920/230542", "correlationVector":"db6xnJ8wnioprV8hUYyR9b.189","action":"GetUpdates", "result":"DeleteReceived", "context":{"id":"e61c9107-3c65-498a-a104-9bac20c88b18", "isDeleted:":"true", "version":"1724716527071"}}
{"logTime": "0920/230542", "correlationVector":"db6xnJ8wnioprV8hUYyR9b.190","action":"GetUpdates", "result":"DeleteReceived", "context":{"id":"601236a6-2eea-4b28-8da8-1dc3370c37e5", "isDeleted:":"true", "version":"1724716528032"}}
{"logTime": "0920/230542", "correlationVector":"db6xnJ8wnioprV8hUYyR9b.191","action":"GetUpdates", "result":"DeleteReceived", "context":{"id":"661144e3-b01b-4cb9-8953-ad3ea85c20f9", "isDeleted:":"true", "version":"1724716551591"}}
{"logTime": "0920/230542", "correlationVector":"db6xnJ8wnioprV8hUYyR9b.192","action":"GetUpdates", "result":"DeleteReceived", "context":{"id":"9a139cff-aad6-4b4f-a543-4a4e19a96903", "isDeleted:":"true", "version":"1724716557386"}}
{"logTime": "0920/230542", "correlationVector":"db6xnJ8wnioprV8hUYyR9b.193","action":"GetUpdates", "result":"DeleteReceived", "context":{"id":"4a34de9c-45be-436b-af2c-aa73d26a2f8e", "isDeleted:":"true", "version":"1726075691656"}}
{"logTime": "0920/230542", "correlationVector":"db6xnJ8wnioprV8hUYyR9b.194","action":"GetUpdates", "result":"DeleteReceived", "context":{"id":"69ff4a89-2bc4-4dfc-82bc-1d9bf4314798", "isDeleted:":"true", "version":"1726076006762"}}
{"logTime": "0920/230542", "correlationVector":"db6xnJ8wnioprV8hUYyR9b.195","action":"GetUpdates", "result":"DeleteReceived", "context":{"id":"ebbe8329-f34c-4f42-a351-d34be5b48f8c", "isDeleted:":"true", "version":"1726076007310"}}
{"logTime": "0920/230542", "correlationVector":"db6xnJ8wnioprV8hUYyR9b.196","action":"GetUpdates", "result":"DeleteReceived", "context":{"id":"cd171374-bf1a-47c7-83a3-51c342f6a253", "isDeleted:":"true", "version":"1726076007876"}}
{"logTime": "0920/230542", "correlationVector":"db6xnJ8wnioprV8hUYyR9b.197","action":"GetUpdates", "result":"DeleteReceived", "context":{"id":"cc364345-46d1-4db2-a21f-b7a0a477c004", "isDeleted:":"true", "version":"1726076008448"}}
{"logTime": "0920/230542", "correlationVector":"db6xnJ8wnioprV8hUYyR9b.198","action":"GetUpdates", "result":"DeleteReceived", "context":{"id":"e867caf4-0b81-4a1d-ad1b-4987f33fc129", "isDeleted:":"true", "version":"1726076010091"}}
{"logTime": "0920/230542", "correlationVector":"db6xnJ8wnioprV8hUYyR9b.199","action":"GetUpdates", "result":"DeleteReceived", "context":{"id":"3d0867a3-7861-4d7f-91a3-3808b3d46073", "isDeleted:":"true", "version":"1726076010587"}}
{"logTime": "0920/230542", "correlationVector":"db6xnJ8wnioprV8hUYyR9b.200","action":"GetUpdates", "result":"DeleteReceived", "context":{"id":"7459350f-575e-43dc-9155-64f8820be595", "isDeleted:":"true", "version":"1726076011623"}}
{"logTime": "0920/230542", "correlationVector":"db6xnJ8wnioprV8hUYyR9b.201","action":"GetUpdates", "result":"DeleteReceived", "context":{"id":"7611e2b5-3804-4494-be6a-712720d6fa7a", "isDeleted:":"true", "version":"1726076012231"}}
{"logTime": "0920/230542", "correlationVector":"db6xnJ8wnioprV8hUYyR9b.202","action":"GetUpdates", "result":"DeleteReceived", "context":{"id":"9fa72366-863f-49d7-ac46-0afcc90dadd0", "isDeleted:":"true", "version":"1726076012774"}}
{"logTime": "0920/230542", "correlationVector":"db6xnJ8wnioprV8hUYyR9b.203","action":"GetUpdates", "result":"DeleteReceived", "context":{"id":"504dbec7-a75a-412c-b381-39998110fa72", "isDeleted:":"true", "version":"1726076014179"}}
{"logTime": "0920/230542", "correlationVector":"db6xnJ8wnioprV8hUYyR9b.204","action":"GetUpdates", "result":"DeleteReceived", "context":{"id":"a14c99f4-8031-4d0a-bda5-e8300b99d25f", "isDeleted:":"true", "version":"1726076015316"}}
{"logTime": "0920/230542", "correlationVector":"db6xnJ8wnioprV8hUYyR9b.205","action":"GetUpdates Response", "result":"Success", "context":Received 250 update(s). cV=db6xnJ8wnioprV8hUYyR9b.0;server=GENERAL0100000V;cloudType=Consumer;environment=Prod_NorthCentralUS_000g;migrationStage=NotStarted Some updates remain.}
{"logTime": "0920/230542", "correlationVector":"ariwma3AfLK0rUA39Feqr8","action":"Initial GetUpdates", "result":"", "context":Reason: NEWLY_SUPPORTED_DATATYPE. cV=ariwma3AfLK0rUA39Feqr8}
{"logTime": "0920/230542", "correlationVector":"ariwma3AfLK0rUA39Feqr8.1","action":"SyncServerConnectionManagerRequest", "result":"SYNC_SERVER_OK", "context":{"environment":"Prod_NorthCentralUS_000g", "migrationStage":"NotStarted", "server":"GENERAL0100001R"}}
{"logTime": "0920/230542", "correlationVector":"ariwma3AfLK0rUA39Feqr8.2","action":"GetUpdates", "result":"DeleteReceived", "context":{"id":"d7d16cdb-6388-4617-81d2-aadd4d699a3c", "isDeleted:":"true", "version":"1726076016887"}}
{"logTime": "0920/230542", "correlationVector":"ariwma3AfLK0rUA39Feqr8.3","action":"GetUpdates", "result":"DeleteReceived", "context":{"id":"02e274ff-aaa6-4c52-9dde-985b4f9eabd2", "isDeleted:":"true", "version":"1726076019157"}}
{"logTime": "0920/230542", "correlationVector":"ariwma3AfLK0rUA39Feqr8.4","action":"GetUpdates", "result":"DeleteReceived", "context":{"id":"d08d5209-8725-4da0-9276-7d59ad334f9a", "isDeleted:":"true", "version":"1726076020160"}}
{"logTime": "0920/230542", "correlationVector":"ariwma3AfLK0rUA39Feqr8.5","action":"GetUpdates", "result":"DeleteReceived", "context":{"id":"c78dd701-b26c-4fc6-b083-08c38cffad38", "isDeleted:":"true", "version":"1726076022014"}}
{"logTime": "0920/230542", "correlationVector":"ariwma3AfLK0rUA39Feqr8.6","action":"GetUpdates", "result":"DeleteReceived", "context":{"id":"26e0056e-51ab-4e25-bfa1-defbc71f488d", "isDeleted:":"true", "version":"1726076022964"}}
{"logTime": "0920/230542", "correlationVector":"ariwma3AfLK0rUA39Feqr8.7","action":"GetUpdates", "result":"DeleteReceived", "context":{"id":"bda1bd49-edaa-4ea5-95eb-e9bdf99fe1d5", "isDeleted:":"true", "version":"1726076024206"}}
{"logTime": "0920/230542", "correlationVector":"ariwma3AfLK0rUA39Feqr8.8","action":"GetUpdates", "result":"DeleteReceived", "context":{"id":"eea881f6-0d59-4c9a-b621-4778e5a7f705", "isDeleted:":"true", "version":"1726076024987"}}
{"logTime": "0920/230542", "correlationVector":"ariwma3AfLK0rUA39Feqr8.9","action":"GetUpdates", "result":"DeleteReceived", "context":{"id":"bd2a369a-1439-4607-bd58-000e1d66e07b", "isDeleted:":"true", "version":"1726076026178"}}
{"logTime": "0920/230542", "correlationVector":"ariwma3AfLK0rUA39Feqr8.10","action":"GetUpdates", "result":"DeleteReceived", "context":{"id":"d0e4f9e3-935f-4c0d-b96a-ddd690679831", "isDeleted:":"true", "version":"1726076026891"}}
{"logTime": "0920/230542", "correlationVector":"ariwma3AfLK0rUA39Feqr8.11","action":"GetUpdates", "result":"DeleteReceived", "context":{"id":"a7bae31d-7733-4630-84c1-bdfc78e2a30a", "isDeleted:":"true", "version":"1726076032315"}}
{"logTime": "0920/230542", "correlationVector":"ariwma3AfLK0rUA39Feqr8.12","action":"GetUpdates Response", "result":"Success", "context":Received 248 update(s). cV=ariwma3AfLK0rUA39Feqr8.0;server=GENERAL0100001R;cloudType=Consumer;environment=Prod_NorthCentralUS_000g;migrationStage=NotStarted}
{"logTime": "0920/230543", "correlationVector":"QYKBg1MLlLaOREMb2eBx33","action":"Normal GetUpdate request", "result":"", "context":cV=QYKBg1MLlLaOREMb2eBx33
Refresh requested types: Bookmarks, Preferences, Passwords, Autofill Profiles, Autofill, Extensions, Extension settings, Device Info, User Consents, Send Tab To Self, Web Apps, Collection, Edge E Drop, Edge Hub App Usage, Edge Wallet, Encryption Keys}
{"logTime": "0920/230543", "correlationVector":"QYKBg1MLlLaOREMb2eBx33.1","action":"SyncServerConnectionManagerRequest", "result":"SYNC_SERVER_OK", "context":{"environment":"Prod_NorthCentralUS_000g", "migrationStage":"NotStarted", "server":"GENERAL0100000S"}}
{"logTime": "0920/230543", "correlationVector":"QYKBg1MLlLaOREMb2eBx33.2","action":"GetUpdates Response", "result":"Success", "context":Received 1 update(s). cV=QYKBg1MLlLaOREMb2eBx33.0;server=GENERAL0100000S;cloudType=Consumer;environment=Prod_NorthCentralUS_000g;migrationStage=NotStarted}
{"logTime": "0920/231040", "correlationVector":"w73f0foL28crEqHB+m/6jL","action":"Normal GetUpdate request", "result":"", "context":cV=w73f0foL28crEqHB+m/6jL
Refresh requested types: Bookmarks, Preferences, Passwords, Autofill Profiles, Autofill, Extensions, Extension settings, Device Info, User Consents, Send Tab To Self, Web Apps, Collection, Edge E Drop, Edge Hub App Usage, Edge Wallet, Encryption Keys}
{"logTime": "0920/231040", "correlationVector":"w73f0foL28crEqHB+m/6jL.1","action":"SyncServerConnectionManagerRequest", "result":"SYNC_SERVER_OK", "context":{"environment":"Prod_NorthCentralUS_000g", "migrationStage":"NotStarted", "server":"GENERAL0100000R"}}
{"logTime": "0920/231040", "correlationVector":"w73f0foL28crEqHB+m/6jL.2","action":"GetUpdates Response", "result":"Success", "context":Received 0 update(s). cV=w73f0foL28crEqHB+m/6jL.0;server=GENERAL0100000R;cloudType=Consumer;environment=Prod_NorthCentralUS_000g;migrationStage=NotStarted}
{"logTime": "0920/231917", "correlationVector":"LNnmq/vaKcYMiSwaJXwF7C","action":"Poll GetUpdate request", "result":"", "context":cV=LNnmq/vaKcYMiSwaJXwF7C}
{"logTime": "0920/231917", "correlationVector":"LNnmq/vaKcYMiSwaJXwF7C.1","action":"SyncServerConnectionManagerRequest", "result":"SYNC_SERVER_OK", "context":{"environment":"Prod_NorthCentralUS_000g", "migrationStage":"NotStarted", "server":"GENERAL0100001W"}}
{"logTime": "0920/231917", "correlationVector":"LNnmq/vaKcYMiSwaJXwF7C.2","action":"GetUpdates Response", "result":"Success", "context":Received 0 update(s). cV=LNnmq/vaKcYMiSwaJXwF7C.0;server=GENERAL0100001W;cloudType=Consumer;environment=Prod_NorthCentralUS_000g;migrationStage=NotStarted}
{"logTime": "0920/234144", "correlationVector":"2ObLLyOnoXdmRKv2SGVnn9.1","action":"SyncServerConnectionManagerRequest", "result":"SYNC_SERVER_OK", "context":{"environment":"Prod_NorthCentralUS_000g", "migrationStage":"NotStarted", "server":"GENERAL0100000S"}}
{"logTime": "0920/234144", "correlationVector":"XTak/vDEqpUpai5eOEEy1+","action":"SyncServerConnectionManagerRequest", "result":"SYNC_SERVER_OK", "context":{"environment":"", "migrationStage":"", "server":""}}
{"logTime": "0920/234144", "correlationVector":"2ObLLyOnoXdmRKv2SGVnn9","action":"Initial GetUpdates", "result":"", "context":Reason: NEW_CLIENT. cV=2ObLLyOnoXdmRKv2SGVnn9}
{"logTime": "0920/234144", "correlationVector":"2ObLLyOnoXdmRKv2SGVnn9.2","action":"GetUpdates Response", "result":"Success", "context":Received 1 update(s). cV=2ObLLyOnoXdmRKv2SGVnn9.0;server=GENERAL0100000S;cloudType=Consumer;environment=Prod_NorthCentralUS_000g;migrationStage=NotStarted}
{"logTime": "0920/234144", "correlationVector":"P/1FCY1ujXWtyBbCnJW6/E","action":"Initial GetUpdates", "result":"", "context":Reason: NEWLY_SUPPORTED_DATATYPE. cV=P/1FCY1ujXWtyBbCnJW6/E}
{"logTime": "0920/234145", "correlationVector":"P/1FCY1ujXWtyBbCnJW6/E.1","action":"SyncServerConnectionManagerRequest", "result":"SYNC_SERVER_OK", "context":{"environment":"Prod_NorthCentralUS_000g", "migrationStage":"NotStarted", "server":"GENERAL0100002G"}}
{"logTime": "0920/234145", "correlationVector":"P/1FCY1ujXWtyBbCnJW6/E.2","action":"GetUpdates", "result":"DeleteReceived", "context":{"id":"060f4e17-6d44-488b-9e49-558f61d29fe4", "isDeleted:":"true", "version":"1697829368339"}}
{"logTime": "0920/234145", "correlationVector":"P/1FCY1ujXWtyBbCnJW6/E.3","action":"GetUpdates", "result":"DeleteReceived", "context":{"id":"1f6820d3-7764-4976-849e-595aeb3178f2", "isDeleted:":"true", "version":"1698757696326"}}
{"logTime": "0920/234145", "correlationVector":"P/1FCY1ujXWtyBbCnJW6/E.4","action":"GetUpdates", "result":"DeleteReceived", "context":{"id":"b4c58c4e-999d-479a-9d00-aacbfa0d6fa7", "isDeleted:":"true", "version":"1698784507339"}}
{"logTime": "0920/234145", "correlationVector":"P/1FCY1ujXWtyBbCnJW6/E.5","action":"GetUpdates", "result":"DeleteReceived", "context":{"id":"ba789f75-06a8-4d78-9820-9ab7c6774e0d", "isDeleted:":"true", "version":"1698785389913"}}
{"logTime": "0920/234145", "correlationVector":"P/1FCY1ujXWtyBbCnJW6/E.6","action":"GetUpdates", "result":"DeleteReceived", "context":{"id":"db3c693f-fdf2-4a0b-bd88-4da4b0d480d0", "isDeleted:":"true", "version":"1698785397930"}}
{"logTime": "0920/234145", "correlationVector":"P/1FCY1ujXWtyBbCnJW6/E.7","action":"GetUpdates", "result":"DeleteReceived", "context":{"id":"c9fd5ce0-ed75-4d41-b2e8-03e6a132bf76", "isDeleted:":"true", "version":"1698785403573"}}
{"logTime": "0920/234145", "correlationVector":"P/1FCY1ujXWtyBbCnJW6/E.8","action":"GetUpdates", "result":"DeleteReceived", "context":{"id":"de2e3664-5efd-405e-8f80-056d86712fd8", "isDeleted:":"true", "version":"1698785408140"}}
{"logTime": "0920/234145", "correlationVector":"P/1FCY1ujXWtyBbCnJW6/E.9","action":"GetUpdates", "result":"DeleteReceived", "context":{"id":"4e04d1c5-2990-4e80-b1ce-2f613a96fc21", "isDeleted:":"true", "version":"1698785436578"}}
{"logTime": "0920/234145", "correlationVector":"P/1FCY1ujXWtyBbCnJW6/E.10","action":"GetUpdates", "result":"DeleteReceived", "context":{"id":"4b74248b-f5a6-4457-8af7-bd779fa700c8", "isDeleted:":"true", "version":"1698785449774"}}
{"logTime": "0920/234145", "correlationVector":"P/1FCY1ujXWtyBbCnJW6/E.11","action":"GetUpdates", "result":"DeleteReceived", "context":{"id":"552bcdd7-bbdf-4380-960d-a72b4416c992", "isDeleted:":"true", "version":"1698785454876"}}
{"logTime": "0920/234145", "correlationVector":"P/1FCY1ujXWtyBbCnJW6/E.12","action":"GetUpdates", "result":"DeleteReceived", "context":{"id":"ebedd9af-3ce8-4fd0-b7b9-764a702a2791", "isDeleted:":"true", "version":"1698785460845"}}
{"logTime": "0920/234145", "correlationVector":"P/1FCY1ujXWtyBbCnJW6/E.13","action":"GetUpdates", "result":"DeleteReceived", "context":{"id":"6f937e4e-2740-436c-8192-8a399d6fccd8", "isDeleted:":"true", "version":"1698785466114"}}
{"logTime": "0920/234145", "correlationVector":"P/1FCY1ujXWtyBbCnJW6/E.14","action":"GetUpdates", "result":"DeleteReceived", "context":{"id":"9efb2a4b-9def-4d24-a582-904528b9a9dc", "isDeleted:":"true", "version":"1698948269898"}}
{"logTime": "0920/234145", "correlationVector":"P/1FCY1ujXWtyBbCnJW6/E.15","action":"GetUpdates", "result":"DeleteReceived", "context":{"id":"916990dd-58b4-4862-9d7e-6f4bd77911c1", "isDeleted:":"true", "version":"1698948280383"}}
{"logTime": "0920/234145", "correlationVector":"P/1FCY1ujXWtyBbCnJW6/E.16","action":"GetUpdates", "result":"DeleteReceived", "context":{"id":"bde1c1ad-8936-4d7e-94fb-a607c4180db7", "isDeleted:":"true", "version":"1706304064214"}}
{"logTime": "0920/234145", "correlationVector":"P/1FCY1ujXWtyBbCnJW6/E.17","action":"GetUpdates", "result":"DeleteReceived", "context":{"id":"ff1a3101-d324-4002-bef2-85d75f8753a9", "isDeleted:":"true", "version":"1706304067391"}}
{"logTime": "0920/234145", "correlationVector":"P/1FCY1ujXWtyBbCnJW6/E.18","action":"GetUpdates", "result":"DeleteReceived", "context":{"id":"6df090f1-09b7-48b6-8e93-8b50f0085e71", "isDeleted:":"true", "version":"1706710394104"}}
{"logTime": "0920/234145", "correlationVector":"P/1FCY1ujXWtyBbCnJW6/E.19","action":"GetUpdates", "result":"DeleteReceived", "context":{"id":"9710d51a-f368-4357-95a4-5fb956cbebfa", "isDeleted:":"true", "version":"1706710408367"}}
{"logTime": "0920/234145", "correlationVector":"P/1FCY1ujXWtyBbCnJW6/E.20","action":"GetUpdates", "result":"DeleteReceived", "context":{"id":"943f88b3-7bc7-442b-a0eb-20b52c33a8d3", "isDeleted:":"true", "version":"1706710420906"}}
{"logTime": "0920/234145", "correlationVector":"P/1FCY1ujXWtyBbCnJW6/E.21","action":"GetUpdates", "result":"DeleteReceived", "context":{"id":"cd389495-5908-4a02-b0a1-fea84972df4e", "isDeleted:":"true", "version":"1706710465752"}}
{"logTime": "0920/234145", "correlationVector":"P/1FCY1ujXWtyBbCnJW6/E.22","action":"GetUpdates", "result":"DeleteReceived", "context":{"id":"99b205db-3d7b-497c-910e-41e1cd41f831", "isDeleted:":"true", "version":"1706710518391"}}
{"logTime": "0920/234145", "correlationVector":"P/1FCY1ujXWtyBbCnJW6/E.23","action":"GetUpdates", "result":"DeleteReceived", "context":{"id":"6eae43f3-7fb0-4f21-8984-dc4f33f080c1", "isDeleted:":"true", "version":"1706710524289"}}
{"logTime": "0920/234145", "correlationVector":"P/1FCY1ujXWtyBbCnJW6/E.24","action":"GetUpdates", "result":"DeleteReceived", "context":{"id":"18293e24-1a52-4840-9c36-96ceda8627dc", "isDeleted:":"true", "version":"1706710530599"}}
{"logTime": "0920/234145", "correlationVector":"P/1FCY1ujXWtyBbCnJW6/E.25","action":"GetUpdates", "result":"DeleteReceived", "context":{"id":"f1c520b4-4c61-4b27-a0d6-e0cb248c0dd5", "isDeleted:":"true", "version":"1706710534742"}}
{"logTime": "0920/234145", "correlationVector":"P/1FCY1ujXWtyBbCnJW6/E.26","action":"GetUpdates", "result":"DeleteReceived", "context":{"id":"1f18983a-259d-4d3c-bad3-ed4604c33d5b", "isDeleted:":"true", "version":"1706710737341"}}
{"logTime": "0920/234145", "correlationVector":"P/1FCY1ujXWtyBbCnJW6/E.27","action":"GetUpdates", "result":"DeleteReceived", "context":{"id":"fbac6960-71b5-43e4-8298-d1b188777f38", "isDeleted:":"true", "version":"1706710740708"}}
{"logTime": "0920/234145", "correlationVector":"P/1FCY1ujXWtyBbCnJW6/E.28","action":"GetUpdates", "result":"DeleteReceived", "context":{"id":"0472d2b3-f3b7-431f-b131-99d3e3301b98", "isDeleted:":"true", "version":"1706710746776"}}
{"logTime": "0920/234145", "correlationVector":"P/1FCY1ujXWtyBbCnJW6/E.29","action":"GetUpdates", "result":"DeleteReceived", "context":{"id":"170c2d54-beca-4b4d-98f2-77ec4573d4e1", "isDeleted:":"true", "version":"1706710750850"}}
{"logTime": "0920/234145", "correlationVector":"P/1FCY1ujXWtyBbCnJW6/E.30","action":"GetUpdates", "result":"DeleteReceived", "context":{"id":"9e939b4d-9e75-4fcc-9b27-405330731f65", "isDeleted:":"true", "version":"1706710756992"}}
{"logTime": "0920/234145", "correlationVector":"P/1FCY1ujXWtyBbCnJW6/E.31","action":"GetUpdates", "result":"DeleteReceived", "context":{"id":"38396ed5-ec73-413b-8c29-f2be9db80c95", "isDeleted:":"true", "version":"1706710759370"}}
{"logTime": "0920/234145", "correlationVector":"P/1FCY1ujXWtyBbCnJW6/E.32","action":"GetUpdates", "result":"DeleteReceived", "context":{"id":"aa0abe77-ed70-48e8-beee-345267d0e6b8", "isDeleted:":"true", "version":"1706710762459"}}
{"logTime": "0920/234145", "correlationVector":"P/1FCY1ujXWtyBbCnJW6/E.33","action":"GetUpdates", "result":"DeleteReceived", "context":{"id":"d933dc17-0ffa-4001-8a09-f4c7e1c3f75f", "isDeleted:":"true", "version":"1706710781489"}}
{"logTime": "0920/234145", "correlationVector":"P/1FCY1ujXWtyBbCnJW6/E.34","action":"GetUpdates", "result":"DeleteReceived", "context":{"id":"b39b972f-1241-415e-9dab-00439e4b2ed0", "isDeleted:":"true", "version":"1706710788686"}}
{"logTime": "0920/234145", "correlationVector":"P/1FCY1ujXWtyBbCnJW6/E.35","action":"GetUpdates", "result":"DeleteReceived", "context":{"id":"f430ea26-b611-4d95-ada2-e69164aa4e36", "isDeleted:":"true", "version":"1706710792045"}}
{"logTime": "0920/234145", "correlationVector":"P/1FCY1ujXWtyBbCnJW6/E.36","action":"GetUpdates", "result":"DeleteReceived", "context":{"id":"fe9dfa03-d3d5-47da-9456-8982b15d166d", "isDeleted:":"true", "version":"1706710792939"}}
{"logTime": "0920/234145", "correlationVector":"P/1FCY1ujXWtyBbCnJW6/E.37","action":"GetUpdates", "result":"DeleteReceived", "context":{"id":"db2a7bc9-411a-41a1-a83f-967c7276a2cd", "isDeleted:":"true", "version":"1706710794840"}}
{"logTime": "0920/234145", "correlationVector":"P/1FCY1ujXWtyBbCnJW6/E.38","action":"GetUpdates", "result":"DeleteReceived", "context":{"id":"752f1327-5255-41cf-ad3f-4b64fe1f265a", "isDeleted:":"true", "version":"1706710797045"}}
{"logTime": "0920/234145", "correlationVector":"P/1FCY1ujXWtyBbCnJW6/E.39","action":"GetUpdates", "result":"DeleteReceived", "context":{"id":"c8f004eb-a864-4c65-97a0-abd80bc6f9db", "isDeleted:":"true", "version":"1706710802097"}}
{"logTime": "0920/234145", "correlationVector":"P/1FCY1ujXWtyBbCnJW6/E.40","action":"GetUpdates", "result":"DeleteReceived", "context":{"id":"ce360e2d-a676-45b2-9230-cd7750f651d0", "isDeleted:":"true", "version":"1706710806410"}}
{"logTime": "0920/234145", "correlationVector":"P/1FCY1ujXWtyBbCnJW6/E.41","action":"GetUpdates", "result":"DeleteReceived", "context":{"id":"5a80381b-e84a-40fc-9aae-43b234cd3261", "isDeleted:":"true", "version":"1706710811463"}}
{"logTime": "0920/234145", "correlationVector":"P/1FCY1ujXWtyBbCnJW6/E.42","action":"GetUpdates", "result":"DeleteReceived", "context":{"id":"0195f66b-fba4-4d98-a32a-9c92e9bf1ada", "isDeleted:":"true", "version":"1706710816747"}}
{"logTime": "0920/234145", "correlationVector":"P/1FCY1ujXWtyBbCnJW6/E.43","action":"GetUpdates", "result":"DeleteReceived", "context":{"id":"f20694b7-dce1-4acf-8a1e-30cd6df92ac0", "isDeleted:":"true", "version":"1707801542208"}}
{"logTime": "0920/234145", "correlationVector":"P/1FCY1ujXWtyBbCnJW6/E.44","action":"GetUpdates", "result":"DeleteReceived", "context":{"id":"15266902-a139-46f7-9a7b-2eaa3e5607cb", "isDeleted:":"true", "version":"1707801542209"}}
{"logTime": "0920/234145", "correlationVector":"P/1FCY1ujXWtyBbCnJW6/E.45","action":"GetUpdates", "result":"DeleteReceived", "context":{"id":"08ef54bd-47e2-4fa3-943e-fef0561ded71", "isDeleted:":"true", "version":"1707801542210"}}
{"logTime": "0920/234145", "correlationVector":"P/1FCY1ujXWtyBbCnJW6/E.46","action":"GetUpdates", "result":"DeleteReceived", "context":{"id":"1dd2afae-a421-45da-8b16-9fe7653947bc", "isDeleted:":"true", "version":"1707801619012"}}
{"logTime": "0920/234145", "correlationVector":"P/1FCY1ujXWtyBbCnJW6/E.47","action":"GetUpdates", "result":"DeleteReceived", "context":{"id":"7eb59561-bbbf-45cf-a16e-5dab8495c1a5", "isDeleted:":"true", "version":"1707801619013"}}
{"logTime": "0920/234145", "correlationVector":"P/1FCY1ujXWtyBbCnJW6/E.48","action":"GetUpdates", "result":"DeleteReceived", "context":{"id":"b8177dd2-4df8-4858-b74a-fa746e05b938", "isDeleted:":"true", "version":"1707801619014"}}
{"logTime": "0920/234145", "correlationVector":"P/1FCY1ujXWtyBbCnJW6/E.49","action":"GetUpdates", "result":"DeleteReceived", "context":{"id":"9cc0017d-758b-480f-a60e-8926ea860243", "isDeleted:":"true", "version":"1707801619015"}}
{"logTime": "0920/234145", "correlationVector":"P/1FCY1ujXWtyBbCnJW6/E.50","action":"GetUpdates", "result":"DeleteReceived", "context":{"id":"d1b99953-b42b-4ca8-b52a-d492dcba2da0", "isDeleted:":"true", "version":"1707801619016"}}
{"logTime": "0920/234145", "correlationVector":"P/1FCY1ujXWtyBbCnJW6/E.51","action":"GetUpdates", "result":"DeleteReceived", "context":{"id":"a905aad2-0db9-49bf-b56a-b74898cd7f4a", "isDeleted:":"true", "version":"1707801619017"}}
{"logTime": "0920/234145", "correlationVector":"P/1FCY1ujXWtyBbCnJW6/E.52","action":"GetUpdates", "result":"DeleteReceived", "context":{"id":"aecb005b-ab59-41a4-bd20-08f36ba463ff", "isDeleted:":"true", "version":"1707930625740"}}
{"logTime": "0920/234145", "correlationVector":"P/1FCY1ujXWtyBbCnJW6/E.53","action":"GetUpdates", "result":"DeleteReceived", "context":{"id":"73ed6c31-2f77-4b8a-b187-13d400a882e4", "isDeleted:":"true", "version":"1707930625741"}}
{"logTime": "0920/234145", "correlationVector":"P/1FCY1ujXWtyBbCnJW6/E.54","action":"GetUpdates", "result":"DeleteReceived", "context":{"id":"bc1ea7a7-243f-40fb-830d-d384419a4458", "isDeleted:":"true", "version":"1707930625742"}}
{"logTime": "0920/234145", "correlationVector":"P/1FCY1ujXWtyBbCnJW6/E.55","action":"GetUpdates", "result":"DeleteReceived", "context":{"id":"b21b72e8-4a78-40fd-85e7-bcdaf3e3db6e", "isDeleted:":"true", "version":"1707930625743"}}
{"logTime": "0920/234145", "correlationVector":"P/1FCY1ujXWtyBbCnJW6/E.56","action":"GetUpdates", "result":"DeleteReceived", "context":{"id":"741260e4-8941-41b8-b6f5-bb46c9a03af9", "isDeleted:":"true", "version":"1707930625744"}}
{"logTime": "0920/234145", "correlationVector":"P/1FCY1ujXWtyBbCnJW6/E.57","action":"GetUpdates", "result":"DeleteReceived", "context":{"id":"1169505a-6ce1-42c6-9824-8ed6568d1d28", "isDeleted:":"true", "version":"1707930625745"}}
{"logTime": "0920/234145", "correlationVector":"P/1FCY1ujXWtyBbCnJW6/E.58","action":"GetUpdates", "result":"DeleteReceived", "context":{"id":"7b0795a1-d46f-4d06-8cec-80badf6f7eeb", "isDeleted:":"true", "version":"1707930625746"}}
{"logTime": "0920/234145", "correlationVector":"P/1FCY1ujXWtyBbCnJW6/E.59","action":"GetUpdates", "result":"DeleteReceived", "context":{"id":"753c7b02-2dfd-4cc1-b8dc-1b336ce5be8c", "isDeleted:":"true", "version":"1716300892840"}}
{"logTime": "0920/234145", "correlationVector":"P/1FCY1ujXWtyBbCnJW6/E.60","action":"GetUpdates", "result":"DeleteReceived", "context":{"id":"38399ed2-3198-4100-9090-b0a0d8bc0d29", "isDeleted:":"true", "version":"1716300892842"}}
{"logTime": "0920/234145", "correlationVector":"P/1FCY1ujXWtyBbCnJW6/E.61","action":"GetUpdates", "result":"DeleteReceived", "context":{"id":"fe18b253-10c6-4afb-90b1-7893ae115923", "isDeleted:":"true", "version":"1716300892851"}}
{"logTime": "0920/234145", "correlationVector":"P/1FCY1ujXWtyBbCnJW6/E.62","action":"GetUpdates", "result":"DeleteReceived", "context":{"id":"0919b11a-7f73-4ca1-8a10-93dc17ff0f71", "isDeleted:":"true", "version":"1716300892855"}}
{"logTime": "0920/234145", "correlationVector":"P/1FCY1ujXWtyBbCnJW6/E.63","action":"GetUpdates", "result":"DeleteReceived", "context":{"id":"faadf3e8-898e-4fa1-8dbf-245d610654e8", "isDeleted:":"true", "version":"1716300892856"}}
{"logTime": "0920/234145", "correlationVector":"P/1FCY1ujXWtyBbCnJW6/E.64","action":"GetUpdates", "result":"DeleteReceived", "context":{"id":"e88a7bd3-fbce-482b-9536-6492d2aba02a", "isDeleted:":"true", "version":"1716300892858"}}
{"logTime": "0920/234145", "correlationVector":"P/1FCY1ujXWtyBbCnJW6/E.65","action":"GetUpdates", "result":"DeleteReceived", "context":{"id":"60acc48f-81f7-4115-9258-392a573943f3", "isDeleted:":"true", "version":"1716300892859"}}
{"logTime": "0920/234145", "correlationVector":"P/1FCY1ujXWtyBbCnJW6/E.66","action":"GetUpdates", "result":"DeleteReceived", "context":{"id":"516adf0c-50e0-459e-90f2-04f549e2d598", "isDeleted:":"true", "version":"1716300892860"}}
{"logTime": "0920/234145", "correlationVector":"P/1FCY1ujXWtyBbCnJW6/E.67","action":"GetUpdates", "result":"DeleteReceived", "context":{"id":"3c27c88b-22ca-477a-b322-bfeb35150bd6", "isDeleted:":"true", "version":"1716300892866"}}
{"logTime": "0920/234145", "correlationVector":"P/1FCY1ujXWtyBbCnJW6/E.68","action":"GetUpdates", "result":"DeleteReceived", "context":{"id":"d7d79044-4444-467f-af06-0950bfd03ef4", "isDeleted:":"true", "version":"1716300892867"}}
{"logTime": "0920/234145", "correlationVector":"P/1FCY1ujXWtyBbCnJW6/E.69","action":"GetUpdates", "result":"DeleteReceived", "context":{"id":"30ec5c8e-fd00-4e34-b3ed-392ceaf2c8d4", "isDeleted:":"true", "version":"1716300892873"}}
{"logTime": "0920/234145", "correlationVector":"P/1FCY1ujXWtyBbCnJW6/E.70","action":"GetUpdates", "result":"DeleteReceived", "context":{"id":"dd61d880-1212-47c5-9914-16ade5d146d0", "isDeleted:":"true", "version":"1716300892874"}}
{"logTime": "0920/234145", "correlationVector":"P/1FCY1ujXWtyBbCnJW6/E.71","action":"GetUpdates", "result":"DeleteReceived", "context":{"id":"d7372098-b95f-4ad5-a4fc-2ce86e0dfe2c", "isDeleted:":"true", "version":"1716300892876"}}
{"logTime": "0920/234145", "correlationVector":"P/1FCY1ujXWtyBbCnJW6/E.72","action":"GetUpdates", "result":"DeleteReceived", "context":{"id":"dcfefc79-3b59-4abb-a5fc-e1c81cea1dcf", "isDeleted:":"true", "version":"1716300894251"}}
{"logTime": "0920/234145", "correlationVector":"P/1FCY1ujXWtyBbCnJW6/E.73","action":"GetUpdates", "result":"DeleteReceived", "context":{"id":"3922be7c-1bab-46dd-a700-98799ead5845", "isDeleted:":"true", "version":"1716300894265"}}
{"logTime": "0920/234145", "correlationVector":"P/1FCY1ujXWtyBbCnJW6/E.74","action":"GetUpdates", "result":"DeleteReceived", "context":{"id":"6deea4da-cf37-449f-9a4a-f279d9863f7c", "isDeleted:":"true", "version":"1716300894269"}}
{"logTime": "0920/234145", "correlationVector":"P/1FCY1ujXWtyBbCnJW6/E.75","action":"GetUpdates", "result":"DeleteReceived", "context":{"id":"186bcf1b-9ed9-4e25-b335-932d9403b18a", "isDeleted:":"true", "version":"1716300894272"}}
{"logTime": "0920/234145", "correlationVector":"P/1FCY1ujXWtyBbCnJW6/E.76","action":"GetUpdates", "result":"DeleteReceived", "context":{"id":"7903b9b4-283e-444d-a483-87c0abaa2d82", "isDeleted:":"true", "version":"1716300894273"}}
{"logTime": "0920/234145", "correlationVector":"P/1FCY1ujXWtyBbCnJW6/E.77","action":"GetUpdates", "result":"DeleteReceived", "context":{"id":"860885c3-a748-40f4-8988-c1661f8e7c1d", "isDeleted:":"true", "version":"1716300894274"}}
{"logTime": "0920/234145", "correlationVector":"P/1FCY1ujXWtyBbCnJW6/E.78","action":"GetUpdates", "result":"DeleteReceived", "context":{"id":"3475dbd8-51dd-40f3-88f4-b35250d59677", "isDeleted:":"true", "version":"1716300894277"}}
{"logTime": "0920/234145", "correlationVector":"P/1FCY1ujXWtyBbCnJW6/E.79","action":"GetUpdates", "result":"DeleteReceived", "context":{"id":"9529f9f1-4685-43a4-8fb9-ad9974c01a80", "isDeleted:":"true", "version":"1716300894279"}}
{"logTime": "0920/234145", "correlationVector":"P/1FCY1ujXWtyBbCnJW6/E.80","action":"GetUpdates", "result":"DeleteReceived", "context":{"id":"a385d6d2-b4c9-415a-b45a-2ccebfe47d14", "isDeleted:":"true", "version":"1716300894282"}}
{"logTime": "0920/234145", "correlationVector":"P/1FCY1ujXWtyBbCnJW6/E.81","action":"GetUpdates", "result":"DeleteReceived", "context":{"id":"561afc1a-4431-4b5a-9881-8f0b68a09c61", "isDeleted:":"true", "version":"1716300894283"}}
{"logTime": "0920/234145", "correlationVector":"P/1FCY1ujXWtyBbCnJW6/E.82","action":"GetUpdates", "result":"DeleteReceived", "context":{"id":"40efca3d-dfcb-4a2b-84dd-98d60d61e1ab", "isDeleted:":"true", "version":"1716300895623"}}
{"logTime": "0920/234145", "correlationVector":"P/1FCY1ujXWtyBbCnJW6/E.83","action":"GetUpdates", "result":"DeleteReceived", "context":{"id":"0246fccd-4226-4a16-8eef-4fd234b656ff", "isDeleted:":"true", "version":"1716300895624"}}
{"logTime": "0920/234145", "correlationVector":"P/1FCY1ujXWtyBbCnJW6/E.84","action":"GetUpdates", "result":"DeleteReceived", "context":{"id":"e656e378-ad0c-4836-94f4-530388fbfd13", "isDeleted:":"true", "version":"1716300895628"}}
{"logTime": "0920/234145", "correlationVector":"P/1FCY1ujXWtyBbCnJW6/E.85","action":"GetUpdates", "result":"DeleteReceived", "context":{"id":"7d15255d-a63a-4ef5-ab54-665f260f6003", "isDeleted:":"true", "version":"1716300895633"}}
{"logTime": "0920/234145", "correlationVector":"P/1FCY1ujXWtyBbCnJW6/E.86","action":"GetUpdates", "result":"DeleteReceived", "context":{"id":"bb4c9a18-31b5-4403-901f-169202d37e04", "isDeleted:":"true", "version":"1716300895638"}}
{"logTime": "0920/234145", "correlationVector":"P/1FCY1ujXWtyBbCnJW6/E.87","action":"GetUpdates", "result":"DeleteReceived", "context":{"id":"2a6d141b-c7bd-4695-8b99-c28214427136", "isDeleted:":"true", "version":"1716300895641"}}
{"logTime": "0920/234145", "correlationVector":"P/1FCY1ujXWtyBbCnJW6/E.88","action":"GetUpdates", "result":"DeleteReceived", "context":{"id":"1b4e98f7-7fc0-4058-b664-6a72b6310182", "isDeleted:":"true", "version":"1716300895642"}}
{"logTime": "0920/234145", "correlationVector":"P/1FCY1ujXWtyBbCnJW6/E.89","action":"GetUpdates", "result":"DeleteReceived", "context":{"id":"0c93dd66-2f3a-4655-9d5c-79eb885484a6", "isDeleted:":"true", "version":"1716300895646"}}
{"logTime": "0920/234145", "correlationVector":"P/1FCY1ujXWtyBbCnJW6/E.90","action":"GetUpdates", "result":"DeleteReceived", "context":{"id":"825ce053-3ec8-45d5-9c8a-43ddc61104a5", "isDeleted:":"true", "version":"1716300895649"}}
{"logTime": "0920/234145", "correlationVector":"P/1FCY1ujXWtyBbCnJW6/E.91","action":"GetUpdates", "result":"DeleteReceived", "context":{"id":"daa9a118-4e2e-444c-a065-a2cbffacf9a2", "isDeleted:":"true", "version":"1716300895655"}}
{"logTime": "0920/234145", "correlationVector":"P/1FCY1ujXWtyBbCnJW6/E.92","action":"GetUpdates", "result":"DeleteReceived", "context":{"id":"9c3b75e3-b3f9-48c7-b33a-76d98ae12a18", "isDeleted:":"true", "version":"1716300895658"}}
{"logTime": "0920/234145", "correlationVector":"P/1FCY1ujXWtyBbCnJW6/E.93","action":"GetUpdates", "result":"DeleteReceived", "context":{"id":"4efee942-9e62-4fdd-95d1-8b850b041b20", "isDeleted:":"true", "version":"1716300895660"}}
{"logTime": "0920/234145", "correlationVector":"P/1FCY1ujXWtyBbCnJW6/E.94","action":"GetUpdates", "result":"DeleteReceived", "context":{"id":"3fbedd97-32e2-4bd8-9bc8-d6bfe1fac98b", "isDeleted:":"true", "version":"1716300896999"}}
{"logTime": "0920/234145", "correlationVector":"P/1FCY1ujXWtyBbCnJW6/E.95","action":"GetUpdates", "result":"DeleteReceived", "context":{"id":"d03c7f37-78f1-4948-9ecb-b060e038baaa", "isDeleted:":"true", "version":"1716300897003"}}
{"logTime": "0920/234145", "correlationVector":"P/1FCY1ujXWtyBbCnJW6/E.96","action":"GetUpdates", "result":"DeleteReceived", "context":{"id":"4952b875-2535-421e-8026-b2b6d81ea19e", "isDeleted:":"true", "version":"1716300897004"}}
{"logTime": "0920/234145", "correlationVector":"P/1FCY1ujXWtyBbCnJW6/E.97","action":"GetUpdates", "result":"DeleteReceived", "context":{"id":"7832d6c8-586a-4e5c-9829-3e6dcd6624c0", "isDeleted:":"true", "version":"1716300897005"}}
{"logTime": "0920/234145", "correlationVector":"P/1FCY1ujXWtyBbCnJW6/E.98","action":"GetUpdates", "result":"DeleteReceived", "context":{"id":"39b8cf6b-40c2-4010-8bbf-eddc88d65551", "isDeleted:":"true", "version":"1716300897013"}}
{"logTime": "0920/234145", "correlationVector":"P/1FCY1ujXWtyBbCnJW6/E.99","action":"GetUpdates", "result":"DeleteReceived", "context":{"id":"81b164cf-79d3-4bc7-a68f-64232a5b9f6d", "isDeleted:":"true", "version":"1716300897014"}}
{"logTime": "0920/234145", "correlationVector":"P/1FCY1ujXWtyBbCnJW6/E.100","action":"GetUpdates", "result":"DeleteReceived", "context":{"id":"d537d9e0-2f98-4596-b182-79ed60c4bd14", "isDeleted:":"true", "version":"1716300897015"}}
{"logTime": "0920/234145", "correlationVector":"P/1FCY1ujXWtyBbCnJW6/E.101","action":"GetUpdates", "result":"DeleteReceived", "context":{"id":"a4c6ab4d-1827-48f5-8562-1aee4596ca5c", "isDeleted:":"true", "version":"1716300897018"}}
{"logTime": "0920/234145", "correlationVector":"P/1FCY1ujXWtyBbCnJW6/E.102","action":"GetUpdates", "result":"DeleteReceived", "context":{"id":"80119333-4315-4fa4-8d12-37b29eccb30c", "isDeleted:":"true", "version":"1716300897024"}}
{"logTime": "0920/234145", "correlationVector":"P/1FCY1ujXWtyBbCnJW6/E.103","action":"GetUpdates", "result":"DeleteReceived", "context":{"id":"bccb80d5-9e14-41ff-b0fc-0f267a6f8fa7", "isDeleted:":"true", "version":"1716300897025"}}
{"logTime": "0920/234145", "correlationVector":"P/1FCY1ujXWtyBbCnJW6/E.104","action":"GetUpdates", "result":"DeleteReceived", "context":{"id":"33068176-39ad-4a90-accc-ebf1571e7e29", "isDeleted:":"true", "version":"1716300897026"}}
{"logTime": "0920/234145", "correlationVector":"P/1FCY1ujXWtyBbCnJW6/E.105","action":"GetUpdates", "result":"DeleteReceived", "context":{"id":"7d28a1d0-8ed0-499d-8ddc-1fde9832993a", "isDeleted:":"true", "version":"1716300898315"}}
{"logTime": "0920/234145", "correlationVector":"P/1FCY1ujXWtyBbCnJW6/E.106","action":"GetUpdates", "result":"DeleteReceived", "context":{"id":"092ec20f-d7cb-4450-bfcf-9952a298f7f3", "isDeleted:":"true", "version":"1716300898316"}}
{"logTime": "0920/234145", "correlationVector":"P/1FCY1ujXWtyBbCnJW6/E.107","action":"GetUpdates", "result":"DeleteReceived", "context":{"id":"37a901f9-56bc-4ba8-9626-b787b481ba3b", "isDeleted:":"true", "version":"1716300898317"}}
{"logTime": "0920/234145", "correlationVector":"P/1FCY1ujXWtyBbCnJW6/E.108","action":"GetUpdates", "result":"DeleteReceived", "context":{"id":"ac6f10ba-12fc-4178-a9ea-8744d90c7677", "isDeleted:":"true", "version":"1716300898318"}}
{"logTime": "0920/234145", "correlationVector":"P/1FCY1ujXWtyBbCnJW6/E.109","action":"GetUpdates", "result":"DeleteReceived", "context":{"id":"b1abfd12-a19b-4d8c-984e-0f684963a10e", "isDeleted:":"true", "version":"1716300898319"}}
{"logTime": "0920/234145", "correlationVector":"P/1FCY1ujXWtyBbCnJW6/E.110","action":"GetUpdates", "result":"DeleteReceived", "context":{"id":"0b87452d-4503-4e77-90bf-b8d6060e09d2", "isDeleted:":"true", "version":"1716300898322"}}
{"logTime": "0920/234145", "correlationVector":"P/1FCY1ujXWtyBbCnJW6/E.111","action":"GetUpdates", "result":"DeleteReceived", "context":{"id":"c63fffb6-7a2b-462a-a2bd-f7c396ffc968", "isDeleted:":"true", "version":"1716300898323"}}
{"logTime": "0920/234145", "correlationVector":"P/1FCY1ujXWtyBbCnJW6/E.112","action":"GetUpdates", "result":"DeleteReceived", "context":{"id":"149cfa2a-6b29-4e44-acdf-f4c00b94542b", "isDeleted:":"true", "version":"1716300898328"}}
{"logTime": "0920/234145", "correlationVector":"P/1FCY1ujXWtyBbCnJW6/E.113","action":"GetUpdates", "result":"DeleteReceived", "context":{"id":"528ee0b6-74d9-46ab-8c10-10e179a9b22a", "isDeleted:":"true", "version":"1716300898331"}}
{"logTime": "0920/234145", "correlationVector":"P/1FCY1ujXWtyBbCnJW6/E.114","action":"GetUpdates", "result":"DeleteReceived", "context":{"id":"42d4ec7a-6cc5-408f-9d1c-cdac1a63e7b0", "isDeleted:":"true", "version":"1716300898332"}}
{"logTime": "0920/234145", "correlationVector":"P/1FCY1ujXWtyBbCnJW6/E.115","action":"GetUpdates", "result":"DeleteReceived", "context":{"id":"6ad622e6-77fd-4600-9f5d-369e6f995b87", "isDeleted:":"true", "version":"1716300898333"}}
{"logTime": "0920/234145", "correlationVector":"P/1FCY1ujXWtyBbCnJW6/E.116","action":"GetUpdates", "result":"DeleteReceived", "context":{"id":"2259e557-7f52-4719-bf05-0b709f6563d2", "isDeleted:":"true", "version":"1716300898339"}}
{"logTime": "0920/234145", "correlationVector":"P/1FCY1ujXWtyBbCnJW6/E.117","action":"GetUpdates", "result":"DeleteReceived", "context":{"id":"b248a8d6-97b1-41a1-934d-7e842ac32d5e", "isDeleted:":"true", "version":"1716300898342"}}
{"logTime": "0920/234145", "correlationVector":"P/1FCY1ujXWtyBbCnJW6/E.118","action":"GetUpdates", "result":"DeleteReceived", "context":{"id":"b93a6bc7-c983-466b-90af-1f02af376ec1", "isDeleted:":"true", "version":"1716300898345"}}
{"logTime": "0920/234145", "correlationVector":"P/1FCY1ujXWtyBbCnJW6/E.119","action":"GetUpdates", "result":"DeleteReceived", "context":{"id":"c31693ce-3d8b-48b5-9188-bf7301f5204f", "isDeleted:":"true", "version":"1716300898349"}}
{"logTime": "0920/234145", "correlationVector":"P/1FCY1ujXWtyBbCnJW6/E.120","action":"GetUpdates", "result":"DeleteReceived", "context":{"id":"65f0ee46-b43f-4a91-9b53-d68cb6727c5d", "isDeleted:":"true", "version":"1716300898351"}}
{"logTime": "0920/234145", "correlationVector":"P/1FCY1ujXWtyBbCnJW6/E.121","action":"GetUpdates", "result":"DeleteReceived", "context":{"id":"3dcf2632-c11d-44c3-b87f-307fa640f40b", "isDeleted:":"true", "version":"1716300898354"}}
{"logTime": "0920/234145", "correlationVector":"P/1FCY1ujXWtyBbCnJW6/E.122","action":"GetUpdates", "result":"DeleteReceived", "context":{"id":"372aabab-9f0a-49ba-b6f9-af1e1819c0dc", "isDeleted:":"true", "version":"1716300899801"}}
{"logTime": "0920/234145", "correlationVector":"P/1FCY1ujXWtyBbCnJW6/E.123","action":"GetUpdates", "result":"DeleteReceived", "context":{"id":"236c493d-ccf8-47ea-84ea-1562fb1e9efd", "isDeleted:":"true", "version":"1716300899803"}}
{"logTime": "0920/234145", "correlationVector":"P/1FCY1ujXWtyBbCnJW6/E.124","action":"GetUpdates", "result":"DeleteReceived", "context":{"id":"a79ea694-ab61-45bc-891f-66f6a56a504e", "isDeleted:":"true", "version":"1716300899806"}}
{"logTime": "0920/234145", "correlationVector":"P/1FCY1ujXWtyBbCnJW6/E.125","action":"GetUpdates", "result":"DeleteReceived", "context":{"id":"764a1fe4-863a-48bc-9148-40737ad4031e", "isDeleted:":"true", "version":"1716300899807"}}
{"logTime": "0920/234145", "correlationVector":"P/1FCY1ujXWtyBbCnJW6/E.126","action":"GetUpdates", "result":"DeleteReceived", "context":{"id":"14d5d55c-2b87-4dd1-9e60-a14b4587c265", "isDeleted:":"true", "version":"1716300899809"}}
{"logTime": "0920/234145", "correlationVector":"P/1FCY1ujXWtyBbCnJW6/E.127","action":"GetUpdates", "result":"DeleteReceived", "context":{"id":"80d49b2d-8f7a-4d22-94b3-d526cc1dfb52", "isDeleted:":"true", "version":"1716300899810"}}
{"logTime": "0920/234145", "correlationVector":"P/1FCY1ujXWtyBbCnJW6/E.128","action":"GetUpdates", "result":"DeleteReceived", "context":{"id":"ab7d3c53-eaa8-4d4a-a573-1dcb8b2f4132", "isDeleted:":"true", "version":"1716300899812"}}
{"logTime": "0920/234145", "correlationVector":"P/1FCY1ujXWtyBbCnJW6/E.129","action":"GetUpdates", "result":"DeleteReceived", "context":{"id":"a4d70abf-fbcd-40db-862f-af8eca4fcfa5", "isDeleted:":"true", "version":"1716300899813"}}
{"logTime": "0920/234145", "correlationVector":"P/1FCY1ujXWtyBbCnJW6/E.130","action":"GetUpdates", "result":"DeleteReceived", "context":{"id":"f02b583e-edd9-4f5a-bb30-767fae105cea", "isDeleted:":"true", "version":"1716300899815"}}
{"logTime": "0920/234145", "correlationVector":"P/1FCY1ujXWtyBbCnJW6/E.131","action":"GetUpdates", "result":"DeleteReceived", "context":{"id":"17552a6c-104e-47ae-b18d-f9558df838a1", "isDeleted:":"true", "version":"1716300899816"}}
{"logTime": "0920/234145", "correlationVector":"P/1FCY1ujXWtyBbCnJW6/E.132","action":"GetUpdates", "result":"DeleteReceived", "context":{"id":"bc15b2a0-706e-4245-87bb-439ddecbb121", "isDeleted:":"true", "version":"1716300899821"}}
{"logTime": "0920/234145", "correlationVector":"P/1FCY1ujXWtyBbCnJW6/E.133","action":"GetUpdates", "result":"DeleteReceived", "context":{"id":"c7724fa6-65b7-49d0-940d-47b4b322cc7c", "isDeleted:":"true", "version":"1716300899822"}}
{"logTime": "0920/234145", "correlationVector":"P/1FCY1ujXWtyBbCnJW6/E.134","action":"GetUpdates", "result":"DeleteReceived", "context":{"id":"76ab909e-0241-4750-a30d-5c33050b4d32", "isDeleted:":"true", "version":"1716300899823"}}
{"logTime": "0920/234145", "correlationVector":"P/1FCY1ujXWtyBbCnJW6/E.135","action":"GetUpdates", "result":"DeleteReceived", "context":{"id":"644a1560-05e8-4d7b-92cb-9512b1b3d7ca", "isDeleted:":"true", "version":"1716300899828"}}
{"logTime": "0920/234145", "correlationVector":"P/1FCY1ujXWtyBbCnJW6/E.136","action":"GetUpdates", "result":"DeleteReceived", "context":{"id":"afcee517-fccf-41c9-bfc0-fb2e6c1d0e73", "isDeleted:":"true", "version":"1716300899829"}}
{"logTime": "0920/234145", "correlationVector":"P/1FCY1ujXWtyBbCnJW6/E.137","action":"GetUpdates", "result":"DeleteReceived", "context":{"id":"3c5a6c40-7098-48ca-a5e1-bc6bcf2b79bf", "isDeleted:":"true", "version":"1716300899831"}}
{"logTime": "0920/234145", "correlationVector":"P/1FCY1ujXWtyBbCnJW6/E.138","action":"GetUpdates", "result":"DeleteReceived", "context":{"id":"c5ed5c2b-002e-4b75-a7ef-74e8454d0e1d", "isDeleted:":"true", "version":"1716300899833"}}
{"logTime": "0920/234145", "correlationVector":"P/1FCY1ujXWtyBbCnJW6/E.139","action":"GetUpdates", "result":"DeleteReceived", "context":{"id":"df4b35a2-7bd0-4672-bcef-198f668e502f", "isDeleted:":"true", "version":"1716300901112"}}
{"logTime": "0920/234145", "correlationVector":"P/1FCY1ujXWtyBbCnJW6/E.140","action":"GetUpdates", "result":"DeleteReceived", "context":{"id":"c5dd6c34-353a-4d4e-af03-91a74bc76dcd", "isDeleted:":"true", "version":"1717541022581"}}
{"logTime": "0920/234145", "correlationVector":"P/1FCY1ujXWtyBbCnJW6/E.141","action":"GetUpdates", "result":"DeleteReceived", "context":{"id":"397eba01-f9f9-4e4c-bfe3-9d91be8daddf", "isDeleted:":"true", "version":"1717541022582"}}
{"logTime": "0920/234145", "correlationVector":"P/1FCY1ujXWtyBbCnJW6/E.142","action":"GetUpdates", "result":"DeleteReceived", "context":{"id":"84700522-a1aa-4eb6-b953-aeaa1172ea8c", "isDeleted:":"true", "version":"1718828429982"}}
{"logTime": "0920/234145", "correlationVector":"P/1FCY1ujXWtyBbCnJW6/E.143","action":"GetUpdates", "result":"DeleteReceived", "context":{"id":"b9d4549a-1b93-4fa9-8a81-3a05b233f424", "isDeleted:":"true", "version":"1719354111212"}}
{"logTime": "0920/234145", "correlationVector":"P/1FCY1ujXWtyBbCnJW6/E.144","action":"GetUpdates", "result":"DeleteReceived", "context":{"id":"95207ea1-a1cc-4766-8d17-40582fe84056", "isDeleted:":"true", "version":"1719354111213"}}
{"logTime": "0920/234145", "correlationVector":"P/1FCY1ujXWtyBbCnJW6/E.145","action":"GetUpdates", "result":"DeleteReceived", "context":{"id":"157bf050-b0c0-4656-89cb-db547c76d028", "isDeleted:":"true", "version":"1720620484877"}}
{"logTime": "0920/234145", "correlationVector":"P/1FCY1ujXWtyBbCnJW6/E.146","action":"GetUpdates", "result":"DeleteReceived", "context":{"id":"143b79f5-9ef4-46b2-846d-40b7f6e61975", "isDeleted:":"true", "version":"1720636005170"}}
{"logTime": "0920/234145", "correlationVector":"P/1FCY1ujXWtyBbCnJW6/E.147","action":"GetUpdates", "result":"DeleteReceived", "context":{"id":"8170902c-c3f6-41c0-be6e-9e9874cf0b6f", "isDeleted:":"true", "version":"1720636016681"}}
{"logTime": "0920/234145", "correlationVector":"P/1FCY1ujXWtyBbCnJW6/E.148","action":"GetUpdates", "result":"DeleteReceived", "context":{"id":"9675d4f0-a9b7-43c1-a63f-507b6b2e4ce6", "isDeleted:":"true", "version":"1720636017152"}}
{"logTime": "0920/234145", "correlationVector":"P/1FCY1ujXWtyBbCnJW6/E.149","action":"GetUpdates", "result":"DeleteReceived", "context":{"id":"792cd677-2692-4df5-a9f7-836664a5866e", "isDeleted:":"true", "version":"1720636017589"}}
{"logTime": "0920/234145", "correlationVector":"P/1FCY1ujXWtyBbCnJW6/E.150","action":"GetUpdates", "result":"DeleteReceived", "context":{"id":"f7cf969d-75d0-49b2-a075-0715115dc425", "isDeleted:":"true", "version":"1720636026483"}}
{"logTime": "0920/234145", "correlationVector":"P/1FCY1ujXWtyBbCnJW6/E.151","action":"GetUpdates", "result":"DeleteReceived", "context":{"id":"7f22a5a6-8903-4976-9eb5-7ad56cf7a258", "isDeleted:":"true", "version":"1720636028033"}}
{"logTime": "0920/234145", "correlationVector":"P/1FCY1ujXWtyBbCnJW6/E.152","action":"GetUpdates", "result":"DeleteReceived", "context":{"id":"f9f93d59-304d-4de0-868a-dee80aa8530a", "isDeleted:":"true", "version":"1720636033378"}}
{"logTime": "0920/234145", "correlationVector":"P/1FCY1ujXWtyBbCnJW6/E.153","action":"GetUpdates", "result":"DeleteReceived", "context":{"id":"ca66bad0-8ba7-46d8-be94-567982a0e9cc", "isDeleted:":"true", "version":"1720636038035"}}
{"logTime": "0920/234145", "correlationVector":"P/1FCY1ujXWtyBbCnJW6/E.154","action":"GetUpdates", "result":"DeleteReceived", "context":{"id":"84f7e865-486f-4c02-8c17-0b12fcd02048", "isDeleted:":"true", "version":"1720636040798"}}
{"logTime": "0920/234145", "correlationVector":"P/1FCY1ujXWtyBbCnJW6/E.155","action":"GetUpdates", "result":"DeleteReceived", "context":{"id":"5f886ef8-ee0a-4f88-8b1f-aed342e9d2ea", "isDeleted:":"true", "version":"1720636042999"}}
{"logTime": "0920/234145", "correlationVector":"P/1FCY1ujXWtyBbCnJW6/E.156","action":"GetUpdates", "result":"DeleteReceived", "context":{"id":"10163b6e-bf9e-46b6-a4e2-f7bdf877ec65", "isDeleted:":"true", "version":"1720636056069"}}
{"logTime": "0920/234145", "correlationVector":"P/1FCY1ujXWtyBbCnJW6/E.157","action":"GetUpdates", "result":"DeleteReceived", "context":{"id":"b4959a2e-c1d5-4101-b518-5585222b06a3", "isDeleted:":"true", "version":"1720636056575"}}
{"logTime": "0920/234145", "correlationVector":"P/1FCY1ujXWtyBbCnJW6/E.158","action":"GetUpdates", "result":"DeleteReceived", "context":{"id":"de1d7938-6c2a-405a-94eb-74dfcae3f565", "isDeleted:":"true", "version":"1720636057422"}}
{"logTime": "0920/234145", "correlationVector":"P/1FCY1ujXWtyBbCnJW6/E.159","action":"GetUpdates", "result":"DeleteReceived", "context":{"id":"4f649ead-b383-4594-9179-a82d34a91f85", "isDeleted:":"true", "version":"1720636057949"}}
{"logTime": "0920/234145", "correlationVector":"P/1FCY1ujXWtyBbCnJW6/E.160","action":"GetUpdates", "result":"DeleteReceived", "context":{"id":"dd921343-b425-44be-9bd3-992f836e1605", "isDeleted:":"true", "version":"1720636058491"}}
{"logTime": "0920/234145", "correlationVector":"P/1FCY1ujXWtyBbCnJW6/E.161","action":"GetUpdates", "result":"DeleteReceived", "context":{"id":"20787a03-5482-451d-9914-178c449eec6d", "isDeleted:":"true", "version":"1720636061061"}}
{"logTime": "0920/234145", "correlationVector":"P/1FCY1ujXWtyBbCnJW6/E.162","action":"GetUpdates", "result":"DeleteReceived", "context":{"id":"e2986674-8772-4e84-93e5-a55105c2998f", "isDeleted:":"true", "version":"1720636061659"}}
{"logTime": "0920/234145", "correlationVector":"P/1FCY1ujXWtyBbCnJW6/E.163","action":"GetUpdates", "result":"DeleteReceived", "context":{"id":"bea85b1a-9e18-4986-be52-8c7a9c268358", "isDeleted:":"true", "version":"1720636062414"}}
{"logTime": "0920/234145", "correlationVector":"P/1FCY1ujXWtyBbCnJW6/E.164","action":"GetUpdates", "result":"DeleteReceived", "context":{"id":"70e9b7b0-62e6-4b65-8b87-502bd0aeb913", "isDeleted:":"true", "version":"1720636063977"}}
{"logTime": "0920/234145", "correlationVector":"P/1FCY1ujXWtyBbCnJW6/E.165","action":"GetUpdates", "result":"DeleteReceived", "context":{"id":"e24e70a3-b11c-4114-b835-fa398cc63d42", "isDeleted:":"true", "version":"1720636086896"}}
{"logTime": "0920/234145", "correlationVector":"P/1FCY1ujXWtyBbCnJW6/E.166","action":"GetUpdates", "result":"DeleteReceived", "context":{"id":"0d0d59a4-0d28-4db1-aae2-d9e871774257", "isDeleted:":"true", "version":"1721826962765"}}
{"logTime": "0920/234145", "correlationVector":"P/1FCY1ujXWtyBbCnJW6/E.167","action":"GetUpdates", "result":"DeleteReceived", "context":{"id":"717de805-c132-4cb0-b395-0f21e8ddf8e8", "isDeleted:":"true", "version":"1721826962766"}}
{"logTime": "0920/234145", "correlationVector":"P/1FCY1ujXWtyBbCnJW6/E.168","action":"GetUpdates", "result":"DeleteReceived", "context":{"id":"ce995240-df55-4647-bbbe-bbac8b363567", "isDeleted:":"true", "version":"1721826962767"}}
{"logTime": "0920/234145", "correlationVector":"P/1FCY1ujXWtyBbCnJW6/E.169","action":"GetUpdates", "result":"DeleteReceived", "context":{"id":"b66a728c-04a3-42a4-bc87-15bfde124b0a", "isDeleted:":"true", "version":"1721826962768"}}
{"logTime": "0920/234145", "correlationVector":"P/1FCY1ujXWtyBbCnJW6/E.170","action":"GetUpdates", "result":"DeleteReceived", "context":{"id":"1ce7d716-250c-42cb-ad3a-bdd3adc6f68e", "isDeleted:":"true", "version":"1721826962769"}}
{"logTime": "0920/234145", "correlationVector":"P/1FCY1ujXWtyBbCnJW6/E.171","action":"GetUpdates", "result":"DeleteReceived", "context":{"id":"8a31fd35-86fb-4b81-9c4e-0bee1865f3b0", "isDeleted:":"true", "version":"1721826962770"}}
{"logTime": "0920/234145", "correlationVector":"P/1FCY1ujXWtyBbCnJW6/E.172","action":"GetUpdates", "result":"DeleteReceived", "context":{"id":"a0e6b4f5-0fc1-41ff-b360-663e697bb89f", "isDeleted:":"true", "version":"1721826962771"}}
{"logTime": "0920/234145", "correlationVector":"P/1FCY1ujXWtyBbCnJW6/E.173","action":"GetUpdates", "result":"DeleteReceived", "context":{"id":"e42ddb8a-e721-44c9-9a3d-0c949feaf6f3", "isDeleted:":"true", "version":"1721826962772"}}
{"logTime": "0920/234145", "correlationVector":"P/1FCY1ujXWtyBbCnJW6/E.174","action":"GetUpdates", "result":"DeleteReceived", "context":{"id":"bede170c-78c2-414f-8257-e0410bf34a4d", "isDeleted:":"true", "version":"1721908612505"}}
{"logTime": "0920/234145", "correlationVector":"P/1FCY1ujXWtyBbCnJW6/E.175","action":"GetUpdates", "result":"DeleteReceived", "context":{"id":"cecdb3cf-9d8d-48ec-ab36-b8ce3bfd1130", "isDeleted:":"true", "version":"1721908613880"}}
{"logTime": "0920/234145", "correlationVector":"P/1FCY1ujXWtyBbCnJW6/E.176","action":"GetUpdates", "result":"DeleteReceived", "context":{"id":"ede6b404-ce5d-41d0-92be-bfb380ebf46f", "isDeleted:":"true", "version":"1721908621869"}}
{"logTime": "0920/234145", "correlationVector":"P/1FCY1ujXWtyBbCnJW6/E.177","action":"GetUpdates", "result":"DeleteReceived", "context":{"id":"bc8c26c7-5e50-4291-b81f-75cf31bf036c", "isDeleted:":"true", "version":"1721908622811"}}
{"logTime": "0920/234145", "correlationVector":"P/1FCY1ujXWtyBbCnJW6/E.178","action":"GetUpdates", "result":"DeleteReceived", "context":{"id":"e1f6f952-d17a-4bf0-b933-001db5a171cd", "isDeleted:":"true", "version":"1721908632079"}}
{"logTime": "0920/234145", "correlationVector":"P/1FCY1ujXWtyBbCnJW6/E.179","action":"GetUpdates", "result":"DeleteReceived", "context":{"id":"9c3ab990-442c-4645-984f-f44ce408724c", "isDeleted:":"true", "version":"1721908653764"}}
{"logTime": "0920/234145", "correlationVector":"P/1FCY1ujXWtyBbCnJW6/E.180","action":"GetUpdates", "result":"DeleteReceived", "context":{"id":"b1675935-70ef-4da1-8bc5-5d9a4f7b9bed", "isDeleted:":"true", "version":"1721994778733"}}
{"logTime": "0920/234145", "correlationVector":"P/1FCY1ujXWtyBbCnJW6/E.181","action":"GetUpdates", "result":"DeleteReceived", "context":{"id":"0e5c5a26-7c66-4990-af3c-86d7140f778c", "isDeleted:":"true", "version":"1722354438341"}}
{"logTime": "0920/234145", "correlationVector":"P/1FCY1ujXWtyBbCnJW6/E.182","action":"GetUpdates", "result":"DeleteReceived", "context":{"id":"c318c9c7-ab09-41ad-88af-9bf49bf7c9f8", "isDeleted:":"true", "version":"1724716481024"}}
{"logTime": "0920/234145", "correlationVector":"P/1FCY1ujXWtyBbCnJW6/E.183","action":"GetUpdates", "result":"DeleteReceived", "context":{"id":"edbb1af0-5189-4a16-83d2-b112aeb7e974", "isDeleted:":"true", "version":"1724716493610"}}
{"logTime": "0920/234145", "correlationVector":"P/1FCY1ujXWtyBbCnJW6/E.184","action":"GetUpdates", "result":"DeleteReceived", "context":{"id":"2f874e39-03fa-4353-80bd-e0ac07a1d1bb", "isDeleted:":"true", "version":"1724716512549"}}
{"logTime": "0920/234145", "correlationVector":"P/1FCY1ujXWtyBbCnJW6/E.185","action":"GetUpdates", "result":"DeleteReceived", "context":{"id":"45519b41-7938-4aca-9bf4-386990e2dc5d", "isDeleted:":"true", "version":"1724716514509"}}
{"logTime": "0920/234145", "correlationVector":"P/1FCY1ujXWtyBbCnJW6/E.186","action":"GetUpdates", "result":"DeleteReceived", "context":{"id":"3d4e3fbb-55bb-45b8-94af-e6c04fc4f7ed", "isDeleted:":"true", "version":"1724716518024"}}
{"logTime": "0920/234145", "correlationVector":"P/1FCY1ujXWtyBbCnJW6/E.187","action":"GetUpdates", "result":"DeleteReceived", "context":{"id":"2821d7d4-312a-4ffa-84a2-913bc71c94ce", "isDeleted:":"true", "version":"1724716520367"}}
{"logTime": "0920/234145", "correlationVector":"P/1FCY1ujXWtyBbCnJW6/E.188","action":"GetUpdates", "result":"DeleteReceived", "context":{"id":"c1204896-2455-43b1-81b7-7f0047ea5a2e", "isDeleted:":"true", "version":"1724716523932"}}
{"logTime": "0920/234145", "correlationVector":"P/1FCY1ujXWtyBbCnJW6/E.189","action":"GetUpdates", "result":"DeleteReceived", "context":{"id":"e61c9107-3c65-498a-a104-9bac20c88b18", "isDeleted:":"true", "version":"1724716527071"}}
{"logTime": "0920/234145", "correlationVector":"P/1FCY1ujXWtyBbCnJW6/E.190","action":"GetUpdates", "result":"DeleteReceived", "context":{"id":"601236a6-2eea-4b28-8da8-1dc3370c37e5", "isDeleted:":"true", "version":"1724716528032"}}
{"logTime": "0920/234145", "correlationVector":"P/1FCY1ujXWtyBbCnJW6/E.191","action":"GetUpdates", "result":"DeleteReceived", "context":{"id":"661144e3-b01b-4cb9-8953-ad3ea85c20f9", "isDeleted:":"true", "version":"1724716551591"}}
{"logTime": "0920/234145", "correlationVector":"P/1FCY1ujXWtyBbCnJW6/E.192","action":"GetUpdates", "result":"DeleteReceived", "context":{"id":"9a139cff-aad6-4b4f-a543-4a4e19a96903", "isDeleted:":"true", "version":"1724716557386"}}
{"logTime": "0920/234145", "correlationVector":"P/1FCY1ujXWtyBbCnJW6/E.193","action":"GetUpdates", "result":"DeleteReceived", "context":{"id":"4a34de9c-45be-436b-af2c-aa73d26a2f8e", "isDeleted:":"true", "version":"1726075691656"}}
{"logTime": "0920/234145", "correlationVector":"P/1FCY1ujXWtyBbCnJW6/E.194","action":"GetUpdates", "result":"DeleteReceived", "context":{"id":"69ff4a89-2bc4-4dfc-82bc-1d9bf4314798", "isDeleted:":"true", "version":"1726076006762"}}
{"logTime": "0920/234145", "correlationVector":"P/1FCY1ujXWtyBbCnJW6/E.195","action":"GetUpdates", "result":"DeleteReceived", "context":{"id":"ebbe8329-f34c-4f42-a351-d34be5b48f8c", "isDeleted:":"true", "version":"1726076007310"}}
{"logTime": "0920/234145", "correlationVector":"P/1FCY1ujXWtyBbCnJW6/E.196","action":"GetUpdates", "result":"DeleteReceived", "context":{"id":"cd171374-bf1a-47c7-83a3-51c342f6a253", "isDeleted:":"true", "version":"1726076007876"}}
{"logTime": "0920/234145", "correlationVector":"P/1FCY1ujXWtyBbCnJW6/E.197","action":"GetUpdates", "result":"DeleteReceived", "context":{"id":"cc364345-46d1-4db2-a21f-b7a0a477c004", "isDeleted:":"true", "version":"1726076008448"}}
{"logTime": "0920/234145", "correlationVector":"P/1FCY1ujXWtyBbCnJW6/E.198","action":"GetUpdates", "result":"DeleteReceived", "context":{"id":"e867caf4-0b81-4a1d-ad1b-4987f33fc129", "isDeleted:":"true", "version":"1726076010091"}}
{"logTime": "0920/234145", "correlationVector":"P/1FCY1ujXWtyBbCnJW6/E.199","action":"GetUpdates", "result":"DeleteReceived", "context":{"id":"3d0867a3-7861-4d7f-91a3-3808b3d46073", "isDeleted:":"true", "version":"1726076010587"}}
{"logTime": "0920/234145", "correlationVector":"P/1FCY1ujXWtyBbCnJW6/E.200","action":"GetUpdates", "result":"DeleteReceived", "context":{"id":"7459350f-575e-43dc-9155-64f8820be595", "isDeleted:":"true", "version":"1726076011623"}}
{"logTime": "0920/234145", "correlationVector":"P/1FCY1ujXWtyBbCnJW6/E.201","action":"GetUpdates", "result":"DeleteReceived", "context":{"id":"7611e2b5-3804-4494-be6a-712720d6fa7a", "isDeleted:":"true", "version":"1726076012231"}}
{"logTime": "0920/234145", "correlationVector":"P/1FCY1ujXWtyBbCnJW6/E.202","action":"GetUpdates", "result":"DeleteReceived", "context":{"id":"9fa72366-863f-49d7-ac46-0afcc90dadd0", "isDeleted:":"true", "version":"1726076012774"}}
{"logTime": "0920/234145", "correlationVector":"P/1FCY1ujXWtyBbCnJW6/E.203","action":"GetUpdates", "result":"DeleteReceived", "context":{"id":"504dbec7-a75a-412c-b381-39998110fa72", "isDeleted:":"true", "version":"1726076014179"}}
{"logTime": "0920/234145", "correlationVector":"P/1FCY1ujXWtyBbCnJW6/E.204","action":"GetUpdates", "result":"DeleteReceived", "context":{"id":"a14c99f4-8031-4d0a-bda5-e8300b99d25f", "isDeleted:":"true", "version":"1726076015316"}}
{"logTime": "0920/234145", "correlationVector":"P/1FCY1ujXWtyBbCnJW6/E.205","action":"GetUpdates Response", "result":"Success", "context":Received 250 update(s). cV=P/1FCY1ujXWtyBbCnJW6/E.0;server=GENERAL0100002G;cloudType=Consumer;environment=Prod_NorthCentralUS_000g;migrationStage=NotStarted Some updates remain.}
{"logTime": "0920/234145", "correlationVector":"144Ls6os+zs7jhc9hTjmaV","action":"Initial GetUpdates", "result":"", "context":Reason: NEWLY_SUPPORTED_DATATYPE. cV=144Ls6os+zs7jhc9hTjmaV}
{"logTime": "0920/234145", "correlationVector":"144Ls6os+zs7jhc9hTjmaV.1","action":"SyncServerConnectionManagerRequest", "result":"SYNC_SERVER_OK", "context":{"environment":"Prod_NorthCentralUS_000g", "migrationStage":"NotStarted", "server":"GENERAL0100000R"}}
{"logTime": "0920/234145", "correlationVector":"144Ls6os+zs7jhc9hTjmaV.2","action":"GetUpdates", "result":"DeleteReceived", "context":{"id":"d7d16cdb-6388-4617-81d2-aadd4d699a3c", "isDeleted:":"true", "version":"1726076016887"}}
{"logTime": "0920/234145", "correlationVector":"144Ls6os+zs7jhc9hTjmaV.3","action":"GetUpdates", "result":"DeleteReceived", "context":{"id":"02e274ff-aaa6-4c52-9dde-985b4f9eabd2", "isDeleted:":"true", "version":"1726076019157"}}
{"logTime": "0920/234145", "correlationVector":"144Ls6os+zs7jhc9hTjmaV.4","action":"GetUpdates", "result":"DeleteReceived", "context":{"id":"d08d5209-8725-4da0-9276-7d59ad334f9a", "isDeleted:":"true", "version":"1726076020160"}}
{"logTime": "0920/234145", "correlationVector":"144Ls6os+zs7jhc9hTjmaV.5","action":"GetUpdates", "result":"DeleteReceived", "context":{"id":"c78dd701-b26c-4fc6-b083-08c38cffad38", "isDeleted:":"true", "version":"1726076022014"}}
{"logTime": "0920/234145", "correlationVector":"144Ls6os+zs7jhc9hTjmaV.6","action":"GetUpdates", "result":"DeleteReceived", "context":{"id":"26e0056e-51ab-4e25-bfa1-defbc71f488d", "isDeleted:":"true", "version":"1726076022964"}}
{"logTime": "0920/234145", "correlationVector":"144Ls6os+zs7jhc9hTjmaV.7","action":"GetUpdates", "result":"DeleteReceived", "context":{"id":"bda1bd49-edaa-4ea5-95eb-e9bdf99fe1d5", "isDeleted:":"true", "version":"1726076024206"}}
{"logTime": "0920/234145", "correlationVector":"144Ls6os+zs7jhc9hTjmaV.8","action":"GetUpdates", "result":"DeleteReceived", "context":{"id":"eea881f6-0d59-4c9a-b621-4778e5a7f705", "isDeleted:":"true", "version":"1726076024987"}}
{"logTime": "0920/234145", "correlationVector":"144Ls6os+zs7jhc9hTjmaV.9","action":"GetUpdates", "result":"DeleteReceived", "context":{"id":"bd2a369a-1439-4607-bd58-000e1d66e07b", "isDeleted:":"true", "version":"1726076026178"}}
{"logTime": "0920/234145", "correlationVector":"144Ls6os+zs7jhc9hTjmaV.10","action":"GetUpdates", "result":"DeleteReceived", "context":{"id":"d0e4f9e3-935f-4c0d-b96a-ddd690679831", "isDeleted:":"true", "version":"1726076026891"}}
{"logTime": "0920/234145", "correlationVector":"144Ls6os+zs7jhc9hTjmaV.11","action":"GetUpdates", "result":"DeleteReceived", "context":{"id":"a7bae31d-7733-4630-84c1-bdfc78e2a30a", "isDeleted:":"true", "version":"1726076032315"}}
{"logTime": "0920/234145", "correlationVector":"144Ls6os+zs7jhc9hTjmaV.12","action":"GetUpdates Response", "result":"Success", "context":Received 248 update(s). cV=144Ls6os+zs7jhc9hTjmaV.0;server=GENERAL0100000R;cloudType=Consumer;environment=Prod_NorthCentralUS_000g;migrationStage=NotStarted}
{"logTime": "0920/234146", "correlationVector":"M2xpVY5Ozqy4ZRRrAHrIra","action":"Normal GetUpdate request", "result":"", "context":cV=M2xpVY5Ozqy4ZRRrAHrIra
Refresh requested types: Bookmarks, Preferences, Passwords, Autofill Profiles, Autofill, Extensions, Extension settings, Device Info, User Consents, Send Tab To Self, Web Apps, Collection, Edge E Drop, Edge Hub App Usage, Edge Wallet, Encryption Keys}
{"logTime": "0920/234146", "correlationVector":"M2xpVY5Ozqy4ZRRrAHrIra.1","action":"SyncServerConnectionManagerRequest", "result":"SYNC_SERVER_OK", "context":{"environment":"Prod_NorthCentralUS_000g", "migrationStage":"NotStarted", "server":"GENERAL01000013"}}
{"logTime": "0920/234146", "correlationVector":"M2xpVY5Ozqy4ZRRrAHrIra.2","action":"GetUpdates Response", "result":"Success", "context":Received 0 update(s). cV=M2xpVY5Ozqy4ZRRrAHrIra.0;server=GENERAL01000013;cloudType=Consumer;environment=Prod_NorthCentralUS_000g;migrationStage=NotStarted}
{"logTime": "0920/234644", "correlationVector":"X5p+DNOnvzC9IVzL/hl4km","action":"Normal GetUpdate request", "result":"", "context":cV=X5p+DNOnvzC9IVzL/hl4km
Refresh requested types: Bookmarks, Preferences, Passwords, Autofill Profiles, Autofill, Extensions, Extension settings, Device Info, User Consents, Send Tab To Self, Web Apps, Collection, Edge E Drop, Edge Hub App Usage, Edge Wallet, Encryption Keys}
{"logTime": "0920/234644", "correlationVector":"X5p+DNOnvzC9IVzL/hl4km.1","action":"SyncServerConnectionManagerRequest", "result":"SYNC_SERVER_OK", "context":{"environment":"Prod_NorthCentralUS_000g", "migrationStage":"NotStarted", "server":"GENERAL01000023"}}
{"logTime": "0920/234644", "correlationVector":"X5p+DNOnvzC9IVzL/hl4km.2","action":"GetUpdates Response", "result":"Success", "context":Received 0 update(s). cV=X5p+DNOnvzC9IVzL/hl4km.0;server=GENERAL01000023;cloudType=Consumer;environment=Prod_NorthCentralUS_000g;migrationStage=NotStarted}
