2024-09-20T15:19:08.060Z P:11092 T:14996] SyncServiceImpl::Initialize,SyncState after authenticated was: NotSignedIn
2024-09-20T15:19:08.254Z P:11092 T:14996] SyncServiceImpl::TryStartImpl,Try to start sync engine
2024-09-20T15:19:08.255Z P:11092 T:10980] SyncManagerImpl::ConfigureSyncer,Types to download: Encryption Keys
2024-09-20T15:19:08.383Z P:11092 T:14996] SyncAuthManager::SetLastAuthError,Current auth error: None
2024-09-20T15:19:08.383Z P:11092 T:14996] SyncAuthManager::EdgeLogTokenErrorState,Token error with: None for account type: MSA
2024-09-20T15:19:08.383Z P:11092 T:14996] SyncServiceImpl::CredentialsChanged,Credentials changed for: EdgeSyncScopeNew
2024-09-20T15:19:10.533Z P:11092 T:14996] SyncAuthManager::SetLastAuthError,Current auth error: None
2024-09-20T15:19:10.533Z P:11092 T:14996] SyncAuthManager::EdgeLogTokenErrorState,Token error with: None for account type: MSA
2024-09-20T15:19:10.533Z P:11092 T:14996] SyncServiceImpl::CredentialsChangedForKeyData,Credentials changed for: EdgeSyncKeyDataScope
2024-09-20T15:19:10.887Z P:11092 T:14996] SyncServiceImpl::OnEngineInitialized,Initialize engine with: Success
2024-09-20T15:19:10.887Z P:11092 T:14996] ModelLoadManager::Configure,Desired types without errors: Bookmarks, Preferences, Extensions, Extension settings, Device Info, User Consents, Send Tab To Self, Web Apps, Collection, Edge E Drop, Edge Hub App Usage, Edge Wallet, Encryption Keys and types with errors: Passwords, Autofill Profiles, Autofill
2024-09-20T15:19:10.887Z P:11092 T:14996] ModelLoadManager::ModelLoadCallback,Load Bookmarks: success
2024-09-20T15:19:10.887Z P:11092 T:14996] ModelLoadManager::LoadDesiredTypes,Loading type: Bookmarks
2024-09-20T15:19:10.887Z P:11092 T:14996] ModelLoadManager::LoadDesiredTypes,Loading type: Preferences
2024-09-20T15:19:10.887Z P:11092 T:14996] ModelLoadManager::LoadDesiredTypes,Loading type: Extensions
2024-09-20T15:19:10.887Z P:11092 T:14996] ModelLoadManager::LoadDesiredTypes,Loading type: Extension settings
2024-09-20T15:19:10.887Z P:11092 T:14996] ModelLoadManager::LoadDesiredTypes,Loading type: Device Info
2024-09-20T15:19:10.888Z P:11092 T:14996] ModelLoadManager::LoadDesiredTypes,Loading type: User Consents
2024-09-20T15:19:10.888Z P:11092 T:14996] ModelLoadManager::LoadDesiredTypes,Loading type: Send Tab To Self
2024-09-20T15:19:10.888Z P:11092 T:14996] ModelLoadManager::LoadDesiredTypes,Loading type: Web Apps
2024-09-20T15:19:10.888Z P:11092 T:14996] ModelLoadManager::LoadDesiredTypes,Loading type: Collection
2024-09-20T15:19:10.888Z P:11092 T:14996] ModelLoadManager::LoadDesiredTypes,Loading type: Edge E Drop
2024-09-20T15:19:10.888Z P:11092 T:14996] ModelLoadManager::LoadDesiredTypes,Loading type: Edge Hub App Usage
2024-09-20T15:19:10.888Z P:11092 T:14996] ModelLoadManager::LoadDesiredTypes,Loading type: Edge Wallet
2024-09-20T15:19:10.888Z P:11092 T:14996] ModelLoadManager::ModelLoadCallback,Load Preferences: success
2024-09-20T15:19:10.888Z P:11092 T:14996] ModelLoadManager::ModelLoadCallback,Load Extensions: success
2024-09-20T15:19:10.888Z P:11092 T:14996] ModelLoadManager::ModelLoadCallback,Load Extension settings: success
2024-09-20T15:19:10.888Z P:11092 T:14996] ModelLoadManager::ModelLoadCallback,Load Device Info: success
2024-09-20T15:19:10.888Z P:11092 T:14996] ModelLoadManager::ModelLoadCallback,Load User Consents: success
2024-09-20T15:19:10.888Z P:11092 T:14996] ModelLoadManager::ModelLoadCallback,Load Send Tab To Self: success
2024-09-20T15:19:10.888Z P:11092 T:14996] ModelLoadManager::ModelLoadCallback,Load Web Apps: success
2024-09-20T15:19:10.888Z P:11092 T:14996] ModelLoadManager::ModelLoadCallback,Load Collection: success
2024-09-20T15:19:10.888Z P:11092 T:14996] ModelLoadManager::ModelLoadCallback,Load Edge Hub App Usage: success
2024-09-20T15:19:10.888Z P:11092 T:14996] ModelLoadManager::ModelLoadCallback,Load Edge Wallet: success
2024-09-20T15:19:10.888Z P:11092 T:14996] ModelLoadManager::ModelLoadCallback,Load Edge E Drop: success
2024-09-20T15:19:10.888Z P:11092 T:14996] DataTypeManagerImpl::OnAllDataTypesReadyForConfigure,Start to configure data types
2024-09-20T15:19:10.888Z P:11092 T:14996] DataTypeManagerImpl::StartNextConfiguration,Remain to be configured size: 4 and next configuring types are: Encryption Keys
2024-09-20T15:19:10.888Z P:11092 T:14996] DataTypeManagerImpl::PrepareConfigureParams,Prepare to be configured types: 
2024-09-20T15:19:11.556Z P:11092 T:10980] SyncManagerImpl::ConfigureSyncer,Types to download: 
2024-09-20T15:19:11.558Z P:11092 T:14996] DataTypeManagerImpl::ConfigurationCompleted,Need reconfigure with failed types: 
2024-09-20T15:19:11.558Z P:11092 T:14996] ModelLoadManager::Configure,Desired types without errors: Bookmarks, Preferences, Passwords, Autofill Profiles, Autofill, Extensions, Extension settings, Device Info, User Consents, Send Tab To Self, Web Apps, Collection, Edge E Drop, Edge Hub App Usage, Edge Wallet, Encryption Keys and types with errors: 
2024-09-20T15:19:11.558Z P:11092 T:14996] ModelLoadManager::LoadDesiredTypes,Loading type: Passwords
2024-09-20T15:19:11.558Z P:11092 T:14996] ModelLoadManager::LoadDesiredTypes,Loading type: Autofill Profiles
2024-09-20T15:19:11.558Z P:11092 T:14996] ModelLoadManager::LoadDesiredTypes,Loading type: Autofill
2024-09-20T15:19:11.558Z P:11092 T:14996] ModelLoadManager::ModelLoadCallback,Load Passwords: success
2024-09-20T15:19:11.558Z P:11092 T:14996] ModelLoadManager::ModelLoadCallback,Load Autofill Profiles: success
2024-09-20T15:19:11.558Z P:11092 T:14996] ModelLoadManager::ModelLoadCallback,Load Autofill: success
2024-09-20T15:19:11.558Z P:11092 T:14996] DataTypeManagerImpl::OnAllDataTypesReadyForConfigure,Start to configure data types
2024-09-20T15:19:11.558Z P:11092 T:14996] DataTypeManagerImpl::StartNextConfiguration,Remain to be configured size: 4 and next configuring types are: Encryption Keys
2024-09-20T15:19:11.558Z P:11092 T:14996] DataTypeManagerImpl::PrepareConfigureParams,Prepare to be configured types: 
2024-09-20T15:19:11.558Z P:11092 T:25036] SyncManagerImpl::ConfigureSyncer,Types to download: 
2024-09-20T15:19:11.558Z P:11092 T:14996] DataTypeManagerImpl::ConfigurationCompleted,Remain to be configured size: 3
2024-09-20T15:19:11.558Z P:11092 T:14996] DataTypeManagerImpl::StartNextConfiguration,Remain to be configured size: 3 and next configuring types are: Preferences, Passwords, Device Info, Send Tab To Self, Edge E Drop
2024-09-20T15:19:11.558Z P:11092 T:14996] DataTypeManagerImpl::PrepareConfigureParams,Prepare to be configured types: Preferences, Passwords, Device Info, Send Tab To Self, Edge E Drop, Encryption Keys
2024-09-20T15:19:11.558Z P:11092 T:25036] SyncManagerImpl::ConfigureSyncer,Types to download: Preferences, Passwords, Device Info, Send Tab To Self, Edge E Drop, Encryption Keys
2024-09-20T15:19:12.999Z P:11092 T:14996] DataTypeManagerImpl::ConfigurationCompleted,Remain to be configured size: 2
2024-09-20T15:19:12.999Z P:11092 T:14996] DataTypeManagerImpl::StartNextConfiguration,Remain to be configured size: 2 and next configuring types are: Bookmarks
2024-09-20T15:19:12.999Z P:11092 T:14996] DataTypeManagerImpl::PrepareConfigureParams,Prepare to be configured types: Bookmarks, Encryption Keys
2024-09-20T15:19:12.999Z P:11092 T:25036] SyncManagerImpl::ConfigureSyncer,Types to download: Bookmarks, Encryption Keys
2024-09-20T15:19:13.150Z P:11092 T:14996] DataTypeManagerImpl::ConfigurationCompleted,Remain to be configured size: 1
2024-09-20T15:19:13.151Z P:11092 T:14996] DataTypeManagerImpl::StartNextConfiguration,Remain to be configured size: 1 and next configuring types are: Autofill Profiles, Autofill, Extensions, Extension settings, User Consents, Web Apps, Collection, Edge Hub App Usage, Edge Wallet
2024-09-20T15:19:13.151Z P:11092 T:14996] DataTypeManagerImpl::PrepareConfigureParams,Prepare to be configured types: Autofill Profiles, Autofill, Extensions, Extension settings, Web Apps, Collection, Edge Hub App Usage, Edge Wallet, Encryption Keys
2024-09-20T15:19:13.151Z P:11092 T:25036] SyncManagerImpl::ConfigureSyncer,Types to download: Autofill Profiles, Autofill, Extensions, Extension settings, Web Apps, Collection, Edge Hub App Usage, Edge Wallet, Encryption Keys
2024-09-20T15:19:17.555Z P:11092 T:14996] DataTypeManagerImpl::ConfigurationCompleted,Remain to be configured size: 0
2024-09-20T15:19:17.555Z P:11092 T:14996] SyncServiceImpl::OnConfigureDone,Configure DataTypeManager with: Ok
2024-09-20T15:19:19.029Z P:11092 T:25036] Commit::PostAndProcessResponse,Process Device Info: Success
2024-09-20T15:19:19.029Z P:11092 T:25036] Commit::PostAndProcessResponse,Process User Consents: Success
2024-09-20T15:21:20.418Z P:11092 T:25036] Commit::PostAndProcessResponse,Process Preferences: Success
2024-09-20T15:21:20.418Z P:11092 T:25036] Commit::PostAndProcessResponse,Process Passwords: Success
2024-09-20T15:42:29.128Z P:8296 T:26608] SyncServiceImpl::Initialize,SyncState after authenticated was: FeatureCanStart
2024-09-20T15:42:30.558Z P:8296 T:26608] SyncAuthManager::SetLastAuthError,Current auth error: None
2024-09-20T15:42:30.558Z P:8296 T:26608] SyncAuthManager::EdgeLogTokenErrorState,Token error with: None for account type: MSA
2024-09-20T15:42:30.558Z P:8296 T:26608] SyncServiceImpl::CredentialsChangedForKeyData,Credentials changed for: EdgeSyncKeyDataScope
2024-09-20T15:42:39.200Z P:8296 T:26608] SyncServiceImpl::TryStartImpl,Try to start sync engine
2024-09-20T15:42:39.202Z P:8296 T:18940] SyncManagerImpl::ConfigureSyncer,Types to download: Encryption Keys
2024-09-20T15:42:39.237Z P:8296 T:26608] SyncAuthManager::SetLastAuthError,Current auth error: None
2024-09-20T15:42:39.237Z P:8296 T:26608] SyncAuthManager::EdgeLogTokenErrorState,Token error with: None for account type: MSA
2024-09-20T15:42:39.237Z P:8296 T:26608] SyncServiceImpl::CredentialsChanged,Credentials changed for: EdgeSyncScopeNew
2024-09-20T15:42:39.647Z P:8296 T:26608] SyncServiceImpl::OnEngineInitialized,Initialize engine with: Success
2024-09-20T15:42:39.648Z P:8296 T:26608] ModelLoadManager::Configure,Desired types without errors: Bookmarks, Preferences, Extensions, Extension settings, Device Info, User Consents, Send Tab To Self, Web Apps, Collection, Edge E Drop, Edge Hub App Usage, Edge Wallet, Encryption Keys and types with errors: Passwords, Autofill Profiles, Autofill
2024-09-20T15:42:39.648Z P:8296 T:26608] ModelLoadManager::ModelLoadCallback,Load Bookmarks: success
2024-09-20T15:42:39.648Z P:8296 T:26608] ModelLoadManager::LoadDesiredTypes,Loading type: Bookmarks
2024-09-20T15:42:39.648Z P:8296 T:26608] ModelLoadManager::LoadDesiredTypes,Loading type: Preferences
2024-09-20T15:42:39.648Z P:8296 T:26608] ModelLoadManager::LoadDesiredTypes,Loading type: Extensions
2024-09-20T15:42:39.648Z P:8296 T:26608] ModelLoadManager::LoadDesiredTypes,Loading type: Extension settings
2024-09-20T15:42:39.648Z P:8296 T:26608] ModelLoadManager::LoadDesiredTypes,Loading type: Device Info
2024-09-20T15:42:39.648Z P:8296 T:26608] ModelLoadManager::LoadDesiredTypes,Loading type: User Consents
2024-09-20T15:42:39.648Z P:8296 T:26608] ModelLoadManager::LoadDesiredTypes,Loading type: Send Tab To Self
2024-09-20T15:42:39.648Z P:8296 T:26608] ModelLoadManager::LoadDesiredTypes,Loading type: Web Apps
2024-09-20T15:42:39.648Z P:8296 T:26608] ModelLoadManager::LoadDesiredTypes,Loading type: Collection
2024-09-20T15:42:39.648Z P:8296 T:26608] ModelLoadManager::LoadDesiredTypes,Loading type: Edge E Drop
2024-09-20T15:42:39.648Z P:8296 T:26608] ModelLoadManager::LoadDesiredTypes,Loading type: Edge Hub App Usage
2024-09-20T15:42:39.648Z P:8296 T:26608] ModelLoadManager::LoadDesiredTypes,Loading type: Edge Wallet
2024-09-20T15:42:39.649Z P:8296 T:26608] ModelLoadManager::ModelLoadCallback,Load Preferences: success
2024-09-20T15:42:39.649Z P:8296 T:26608] ModelLoadManager::ModelLoadCallback,Load Extensions: success
2024-09-20T15:42:39.649Z P:8296 T:26608] ModelLoadManager::ModelLoadCallback,Load Extension settings: success
2024-09-20T15:42:39.649Z P:8296 T:26608] ModelLoadManager::ModelLoadCallback,Load Device Info: success
2024-09-20T15:42:39.649Z P:8296 T:26608] ModelLoadManager::ModelLoadCallback,Load User Consents: success
2024-09-20T15:42:39.649Z P:8296 T:26608] ModelLoadManager::ModelLoadCallback,Load Send Tab To Self: success
2024-09-20T15:42:39.649Z P:8296 T:26608] ModelLoadManager::ModelLoadCallback,Load Web Apps: success
2024-09-20T15:42:39.649Z P:8296 T:26608] ModelLoadManager::ModelLoadCallback,Load Collection: success
2024-09-20T15:42:39.649Z P:8296 T:26608] ModelLoadManager::ModelLoadCallback,Load Edge Hub App Usage: success
2024-09-20T15:42:39.649Z P:8296 T:26608] ModelLoadManager::ModelLoadCallback,Load Edge E Drop: success
2024-09-20T15:42:39.649Z P:8296 T:26608] ModelLoadManager::ModelLoadCallback,Load Edge Wallet: success
2024-09-20T15:42:39.649Z P:8296 T:26608] DataTypeManagerImpl::OnAllDataTypesReadyForConfigure,Start to configure data types
2024-09-20T15:42:39.649Z P:8296 T:26608] DataTypeManagerImpl::StartNextConfiguration,Remain to be configured size: 4 and next configuring types are: Encryption Keys
2024-09-20T15:42:39.649Z P:8296 T:26608] DataTypeManagerImpl::PrepareConfigureParams,Prepare to be configured types: 
2024-09-20T15:42:40.300Z P:8296 T:8776] SyncManagerImpl::ConfigureSyncer,Types to download: 
2024-09-20T15:42:40.302Z P:8296 T:26608] DataTypeManagerImpl::ConfigurationCompleted,Need reconfigure with failed types: 
2024-09-20T15:42:40.302Z P:8296 T:26608] ModelLoadManager::Configure,Desired types without errors: Bookmarks, Preferences, Passwords, Autofill Profiles, Autofill, Extensions, Extension settings, Device Info, User Consents, Send Tab To Self, Web Apps, Collection, Edge E Drop, Edge Hub App Usage, Edge Wallet, Encryption Keys and types with errors: 
2024-09-20T15:42:40.302Z P:8296 T:26608] ModelLoadManager::LoadDesiredTypes,Loading type: Passwords
2024-09-20T15:42:40.302Z P:8296 T:26608] ModelLoadManager::LoadDesiredTypes,Loading type: Autofill Profiles
2024-09-20T15:42:40.302Z P:8296 T:26608] ModelLoadManager::LoadDesiredTypes,Loading type: Autofill
2024-09-20T15:42:40.305Z P:8296 T:26608] ModelLoadManager::ModelLoadCallback,Load Passwords: success
2024-09-20T15:42:40.305Z P:8296 T:26608] ModelLoadManager::ModelLoadCallback,Load Autofill Profiles: success
2024-09-20T15:42:40.305Z P:8296 T:26608] ModelLoadManager::ModelLoadCallback,Load Autofill: success
2024-09-20T15:42:40.305Z P:8296 T:26608] DataTypeManagerImpl::OnAllDataTypesReadyForConfigure,Start to configure data types
2024-09-20T15:42:40.305Z P:8296 T:26608] DataTypeManagerImpl::StartNextConfiguration,Remain to be configured size: 4 and next configuring types are: Encryption Keys
2024-09-20T15:42:40.305Z P:8296 T:26608] DataTypeManagerImpl::PrepareConfigureParams,Prepare to be configured types: 
2024-09-20T15:42:40.305Z P:8296 T:18940] SyncManagerImpl::ConfigureSyncer,Types to download: 
2024-09-20T15:42:40.305Z P:8296 T:26608] DataTypeManagerImpl::ConfigurationCompleted,Remain to be configured size: 3
2024-09-20T15:42:40.305Z P:8296 T:26608] DataTypeManagerImpl::StartNextConfiguration,Remain to be configured size: 3 and next configuring types are: Preferences, Passwords, Device Info, Send Tab To Self, Edge E Drop
2024-09-20T15:42:40.305Z P:8296 T:26608] DataTypeManagerImpl::PrepareConfigureParams,Prepare to be configured types: Passwords, Encryption Keys
2024-09-20T15:42:40.305Z P:8296 T:18940] SyncManagerImpl::ConfigureSyncer,Types to download: Passwords, Encryption Keys
2024-09-20T15:42:41.218Z P:8296 T:26608] DataTypeManagerImpl::ConfigurationCompleted,Remain to be configured size: 2
2024-09-20T15:42:41.218Z P:8296 T:26608] DataTypeManagerImpl::StartNextConfiguration,Remain to be configured size: 2 and next configuring types are: Bookmarks
2024-09-20T15:42:41.218Z P:8296 T:26608] DataTypeManagerImpl::PrepareConfigureParams,Prepare to be configured types: 
2024-09-20T15:42:41.218Z P:8296 T:18940] SyncManagerImpl::ConfigureSyncer,Types to download: 
2024-09-20T15:42:41.218Z P:8296 T:26608] DataTypeManagerImpl::ConfigurationCompleted,Remain to be configured size: 1
2024-09-20T15:42:41.219Z P:8296 T:26608] DataTypeManagerImpl::StartNextConfiguration,Remain to be configured size: 1 and next configuring types are: Autofill Profiles, Autofill, Extensions, Extension settings, User Consents, Web Apps, Collection, Edge Hub App Usage, Edge Wallet
2024-09-20T15:42:41.219Z P:8296 T:26608] DataTypeManagerImpl::PrepareConfigureParams,Prepare to be configured types: 
2024-09-20T15:42:41.219Z P:8296 T:18940] SyncManagerImpl::ConfigureSyncer,Types to download: 
2024-09-20T15:42:41.220Z P:8296 T:26608] DataTypeManagerImpl::ConfigurationCompleted,Remain to be configured size: 0
2024-09-20T15:42:41.221Z P:8296 T:26608] SyncServiceImpl::OnConfigureDone,Configure DataTypeManager with: Ok
2024-09-20T15:42:55.326Z P:8296 T:8776] Commit::PostAndProcessResponse,Process Preferences: Success
2024-09-20T15:42:55.326Z P:8296 T:8776] Commit::PostAndProcessResponse,Process Passwords: Success
2024-09-20T15:45:40.562Z P:8296 T:26608] SyncServiceImpl::ResetEngine,Reset engine with reason: 0
2024-09-20T21:23:24.678Z P:22892 T:19320] SyncServiceImpl::Initialize,SyncState after authenticated was: FeatureCanStart
2024-09-20T21:23:25.541Z P:22892 T:19320] SyncAuthManager::SetLastAuthError,Current auth error: None
2024-09-20T21:23:25.541Z P:22892 T:19320] SyncAuthManager::EdgeLogTokenErrorState,Token error with: None for account type: MSA
2024-09-20T21:23:25.541Z P:22892 T:19320] SyncServiceImpl::CredentialsChangedForKeyData,Credentials changed for: EdgeSyncKeyDataScope
2024-09-20T21:23:34.753Z P:22892 T:19320] SyncServiceImpl::TryStartImpl,Try to start sync engine
2024-09-20T21:23:34.755Z P:22892 T:26744] SyncManagerImpl::ConfigureSyncer,Types to download: Encryption Keys
2024-09-20T21:23:34.776Z P:22892 T:19320] SyncAuthManager::SetLastAuthError,Current auth error: None
2024-09-20T21:23:34.776Z P:22892 T:19320] SyncAuthManager::EdgeLogTokenErrorState,Token error with: None for account type: MSA
2024-09-20T21:23:34.776Z P:22892 T:19320] SyncServiceImpl::CredentialsChanged,Credentials changed for: EdgeSyncScopeNew
2024-09-20T21:23:35.230Z P:22892 T:19320] SyncServiceImpl::OnEngineInitialized,Initialize engine with: Success
2024-09-20T21:23:35.231Z P:22892 T:19320] ModelLoadManager::Configure,Desired types without errors: Bookmarks, Preferences, Extensions, Extension settings, Device Info, User Consents, Send Tab To Self, Web Apps, Collection, Edge E Drop, Edge Hub App Usage, Edge Wallet, Encryption Keys and types with errors: Passwords, Autofill Profiles, Autofill
2024-09-20T21:23:35.231Z P:22892 T:19320] ModelLoadManager::ModelLoadCallback,Load Bookmarks: success
2024-09-20T21:23:35.231Z P:22892 T:19320] ModelLoadManager::LoadDesiredTypes,Loading type: Bookmarks
2024-09-20T21:23:35.231Z P:22892 T:19320] ModelLoadManager::LoadDesiredTypes,Loading type: Preferences
2024-09-20T21:23:35.231Z P:22892 T:19320] ModelLoadManager::LoadDesiredTypes,Loading type: Extensions
2024-09-20T21:23:35.231Z P:22892 T:19320] ModelLoadManager::LoadDesiredTypes,Loading type: Extension settings
2024-09-20T21:23:35.232Z P:22892 T:19320] ModelLoadManager::LoadDesiredTypes,Loading type: Device Info
2024-09-20T21:23:35.232Z P:22892 T:19320] ModelLoadManager::LoadDesiredTypes,Loading type: User Consents
2024-09-20T21:23:35.232Z P:22892 T:19320] ModelLoadManager::LoadDesiredTypes,Loading type: Send Tab To Self
2024-09-20T21:23:35.232Z P:22892 T:19320] ModelLoadManager::LoadDesiredTypes,Loading type: Web Apps
2024-09-20T21:23:35.232Z P:22892 T:19320] ModelLoadManager::LoadDesiredTypes,Loading type: Collection
2024-09-20T21:23:35.232Z P:22892 T:19320] ModelLoadManager::LoadDesiredTypes,Loading type: Edge E Drop
2024-09-20T21:23:35.232Z P:22892 T:19320] ModelLoadManager::LoadDesiredTypes,Loading type: Edge Hub App Usage
2024-09-20T21:23:35.232Z P:22892 T:19320] ModelLoadManager::LoadDesiredTypes,Loading type: Edge Wallet
2024-09-20T21:23:35.233Z P:22892 T:19320] ModelLoadManager::ModelLoadCallback,Load Preferences: success
2024-09-20T21:23:35.233Z P:22892 T:19320] ModelLoadManager::ModelLoadCallback,Load Extensions: success
2024-09-20T21:23:35.233Z P:22892 T:19320] ModelLoadManager::ModelLoadCallback,Load Extension settings: success
2024-09-20T21:23:35.233Z P:22892 T:19320] ModelLoadManager::ModelLoadCallback,Load Device Info: success
2024-09-20T21:23:35.233Z P:22892 T:19320] ModelLoadManager::ModelLoadCallback,Load User Consents: success
2024-09-20T21:23:35.233Z P:22892 T:19320] ModelLoadManager::ModelLoadCallback,Load Send Tab To Self: success
2024-09-20T21:23:35.233Z P:22892 T:19320] ModelLoadManager::ModelLoadCallback,Load Web Apps: success
2024-09-20T21:23:35.233Z P:22892 T:19320] ModelLoadManager::ModelLoadCallback,Load Collection: success
2024-09-20T21:23:35.233Z P:22892 T:19320] ModelLoadManager::ModelLoadCallback,Load Edge Hub App Usage: success
2024-09-20T21:23:35.233Z P:22892 T:19320] ModelLoadManager::ModelLoadCallback,Load Edge E Drop: success
2024-09-20T21:23:35.233Z P:22892 T:19320] ModelLoadManager::ModelLoadCallback,Load Edge Wallet: success
2024-09-20T21:23:35.233Z P:22892 T:19320] DataTypeManagerImpl::OnAllDataTypesReadyForConfigure,Start to configure data types
2024-09-20T21:23:35.234Z P:22892 T:19320] DataTypeManagerImpl::StartNextConfiguration,Remain to be configured size: 4 and next configuring types are: Encryption Keys
2024-09-20T21:23:35.234Z P:22892 T:19320] DataTypeManagerImpl::PrepareConfigureParams,Prepare to be configured types: 
2024-09-20T21:23:35.521Z P:22892 T:26744] SyncManagerImpl::ConfigureSyncer,Types to download: 
2024-09-20T21:23:35.521Z P:22892 T:19320] DataTypeManagerImpl::ConfigurationCompleted,Need reconfigure with failed types: 
2024-09-20T21:23:35.521Z P:22892 T:19320] ModelLoadManager::Configure,Desired types without errors: Bookmarks, Preferences, Passwords, Autofill Profiles, Autofill, Extensions, Extension settings, Device Info, User Consents, Send Tab To Self, Web Apps, Collection, Edge E Drop, Edge Hub App Usage, Edge Wallet, Encryption Keys and types with errors: 
2024-09-20T21:23:35.521Z P:22892 T:19320] ModelLoadManager::LoadDesiredTypes,Loading type: Passwords
2024-09-20T21:23:35.521Z P:22892 T:19320] ModelLoadManager::LoadDesiredTypes,Loading type: Autofill Profiles
2024-09-20T21:23:35.521Z P:22892 T:19320] ModelLoadManager::LoadDesiredTypes,Loading type: Autofill
2024-09-20T21:23:35.521Z P:22892 T:19320] ModelLoadManager::ModelLoadCallback,Load Passwords: success
2024-09-20T21:23:35.521Z P:22892 T:19320] ModelLoadManager::ModelLoadCallback,Load Autofill Profiles: success
2024-09-20T21:23:35.521Z P:22892 T:19320] ModelLoadManager::ModelLoadCallback,Load Autofill: success
2024-09-20T21:23:35.521Z P:22892 T:19320] DataTypeManagerImpl::OnAllDataTypesReadyForConfigure,Start to configure data types
2024-09-20T21:23:35.521Z P:22892 T:19320] DataTypeManagerImpl::StartNextConfiguration,Remain to be configured size: 4 and next configuring types are: Encryption Keys
2024-09-20T21:23:35.521Z P:22892 T:19320] DataTypeManagerImpl::PrepareConfigureParams,Prepare to be configured types: 
2024-09-20T21:23:35.521Z P:22892 T:25608] SyncManagerImpl::ConfigureSyncer,Types to download: 
2024-09-20T21:23:35.521Z P:22892 T:19320] DataTypeManagerImpl::ConfigurationCompleted,Remain to be configured size: 3
2024-09-20T21:23:35.521Z P:22892 T:19320] DataTypeManagerImpl::StartNextConfiguration,Remain to be configured size: 3 and next configuring types are: Preferences, Passwords, Device Info, Send Tab To Self, Edge E Drop
2024-09-20T21:23:35.521Z P:22892 T:19320] DataTypeManagerImpl::PrepareConfigureParams,Prepare to be configured types: Passwords, Encryption Keys
2024-09-20T21:23:35.521Z P:22892 T:26744] SyncManagerImpl::ConfigureSyncer,Types to download: Passwords, Encryption Keys
2024-09-20T21:23:37.023Z P:22892 T:19320] DataTypeManagerImpl::ConfigurationCompleted,Remain to be configured size: 2
2024-09-20T21:23:37.023Z P:22892 T:19320] DataTypeManagerImpl::StartNextConfiguration,Remain to be configured size: 2 and next configuring types are: Bookmarks
2024-09-20T21:23:37.023Z P:22892 T:19320] DataTypeManagerImpl::PrepareConfigureParams,Prepare to be configured types: 
2024-09-20T21:23:37.023Z P:22892 T:26744] SyncManagerImpl::ConfigureSyncer,Types to download: 
2024-09-20T21:23:37.024Z P:22892 T:19320] DataTypeManagerImpl::ConfigurationCompleted,Remain to be configured size: 1
2024-09-20T21:23:37.024Z P:22892 T:19320] DataTypeManagerImpl::StartNextConfiguration,Remain to be configured size: 1 and next configuring types are: Autofill Profiles, Autofill, Extensions, Extension settings, User Consents, Web Apps, Collection, Edge Hub App Usage, Edge Wallet
2024-09-20T21:23:37.024Z P:22892 T:19320] DataTypeManagerImpl::PrepareConfigureParams,Prepare to be configured types: 
2024-09-20T21:23:37.024Z P:22892 T:26744] SyncManagerImpl::ConfigureSyncer,Types to download: 
2024-09-20T21:23:37.024Z P:22892 T:19320] DataTypeManagerImpl::ConfigurationCompleted,Remain to be configured size: 0
2024-09-20T21:23:37.025Z P:22892 T:19320] SyncServiceImpl::OnConfigureDone,Configure DataTypeManager with: Ok
2024-09-20T21:44:40.561Z P:6036 T:12332] SyncServiceImpl::Initialize,SyncState after authenticated was: FeatureCanStart
2024-09-20T21:44:41.302Z P:6036 T:12332] SyncAuthManager::SetLastAuthError,Current auth error: None
2024-09-20T21:44:41.302Z P:6036 T:12332] SyncAuthManager::EdgeLogTokenErrorState,Token error with: None for account type: MSA
2024-09-20T21:44:41.302Z P:6036 T:12332] SyncServiceImpl::CredentialsChangedForKeyData,Credentials changed for: EdgeSyncKeyDataScope
2024-09-20T21:44:50.634Z P:6036 T:12332] SyncServiceImpl::TryStartImpl,Try to start sync engine
2024-09-20T21:44:50.636Z P:6036 T:11692] SyncManagerImpl::ConfigureSyncer,Types to download: Encryption Keys
2024-09-20T21:44:50.655Z P:6036 T:12332] SyncAuthManager::SetLastAuthError,Current auth error: None
2024-09-20T21:44:50.655Z P:6036 T:12332] SyncAuthManager::EdgeLogTokenErrorState,Token error with: None for account type: MSA
2024-09-20T21:44:50.655Z P:6036 T:12332] SyncServiceImpl::CredentialsChanged,Credentials changed for: EdgeSyncScopeNew
2024-09-20T21:44:51.037Z P:6036 T:12332] SyncServiceImpl::OnEngineInitialized,Initialize engine with: Success
2024-09-20T21:44:51.037Z P:6036 T:12332] ModelLoadManager::Configure,Desired types without errors: Bookmarks, Preferences, Extensions, Extension settings, Device Info, User Consents, Send Tab To Self, Web Apps, Collection, Edge E Drop, Edge Hub App Usage, Edge Wallet, Encryption Keys and types with errors: Passwords, Autofill Profiles, Autofill
2024-09-20T21:44:51.038Z P:6036 T:12332] ModelLoadManager::ModelLoadCallback,Load Bookmarks: success
2024-09-20T21:44:51.038Z P:6036 T:12332] ModelLoadManager::LoadDesiredTypes,Loading type: Bookmarks
2024-09-20T21:44:51.038Z P:6036 T:12332] ModelLoadManager::LoadDesiredTypes,Loading type: Preferences
2024-09-20T21:44:51.038Z P:6036 T:12332] ModelLoadManager::LoadDesiredTypes,Loading type: Extensions
2024-09-20T21:44:51.038Z P:6036 T:12332] ModelLoadManager::LoadDesiredTypes,Loading type: Extension settings
2024-09-20T21:44:51.038Z P:6036 T:12332] ModelLoadManager::LoadDesiredTypes,Loading type: Device Info
2024-09-20T21:44:51.038Z P:6036 T:12332] ModelLoadManager::LoadDesiredTypes,Loading type: User Consents
2024-09-20T21:44:51.038Z P:6036 T:12332] ModelLoadManager::LoadDesiredTypes,Loading type: Send Tab To Self
2024-09-20T21:44:51.038Z P:6036 T:12332] ModelLoadManager::LoadDesiredTypes,Loading type: Web Apps
2024-09-20T21:44:51.038Z P:6036 T:12332] ModelLoadManager::LoadDesiredTypes,Loading type: Collection
2024-09-20T21:44:51.038Z P:6036 T:12332] ModelLoadManager::LoadDesiredTypes,Loading type: Edge E Drop
2024-09-20T21:44:51.038Z P:6036 T:12332] ModelLoadManager::LoadDesiredTypes,Loading type: Edge Hub App Usage
2024-09-20T21:44:51.038Z P:6036 T:12332] ModelLoadManager::LoadDesiredTypes,Loading type: Edge Wallet
2024-09-20T21:44:51.038Z P:6036 T:12332] ModelLoadManager::ModelLoadCallback,Load Preferences: success
2024-09-20T21:44:51.038Z P:6036 T:12332] ModelLoadManager::ModelLoadCallback,Load Extensions: success
2024-09-20T21:44:51.038Z P:6036 T:12332] ModelLoadManager::ModelLoadCallback,Load Extension settings: success
2024-09-20T21:44:51.038Z P:6036 T:12332] ModelLoadManager::ModelLoadCallback,Load Device Info: success
2024-09-20T21:44:51.038Z P:6036 T:12332] ModelLoadManager::ModelLoadCallback,Load User Consents: success
2024-09-20T21:44:51.038Z P:6036 T:12332] ModelLoadManager::ModelLoadCallback,Load Send Tab To Self: success
2024-09-20T21:44:51.038Z P:6036 T:12332] ModelLoadManager::ModelLoadCallback,Load Web Apps: success
2024-09-20T21:44:51.038Z P:6036 T:12332] ModelLoadManager::ModelLoadCallback,Load Collection: success
2024-09-20T21:44:51.038Z P:6036 T:12332] ModelLoadManager::ModelLoadCallback,Load Edge E Drop: success
2024-09-20T21:44:51.038Z P:6036 T:12332] ModelLoadManager::ModelLoadCallback,Load Edge Hub App Usage: success
2024-09-20T21:44:51.038Z P:6036 T:12332] ModelLoadManager::ModelLoadCallback,Load Edge Wallet: success
2024-09-20T21:44:51.038Z P:6036 T:12332] DataTypeManagerImpl::OnAllDataTypesReadyForConfigure,Start to configure data types
2024-09-20T21:44:51.038Z P:6036 T:12332] DataTypeManagerImpl::StartNextConfiguration,Remain to be configured size: 4 and next configuring types are: Encryption Keys
2024-09-20T21:44:51.038Z P:6036 T:12332] DataTypeManagerImpl::PrepareConfigureParams,Prepare to be configured types: 
2024-09-20T21:44:51.332Z P:6036 T:1756] SyncManagerImpl::ConfigureSyncer,Types to download: 
2024-09-20T21:44:51.333Z P:6036 T:12332] DataTypeManagerImpl::ConfigurationCompleted,Need reconfigure with failed types: 
2024-09-20T21:44:51.333Z P:6036 T:12332] ModelLoadManager::Configure,Desired types without errors: Bookmarks, Preferences, Passwords, Autofill Profiles, Autofill, Extensions, Extension settings, Device Info, User Consents, Send Tab To Self, Web Apps, Collection, Edge E Drop, Edge Hub App Usage, Edge Wallet, Encryption Keys and types with errors: 
2024-09-20T21:44:51.333Z P:6036 T:12332] ModelLoadManager::LoadDesiredTypes,Loading type: Passwords
2024-09-20T21:44:51.333Z P:6036 T:12332] ModelLoadManager::LoadDesiredTypes,Loading type: Autofill Profiles
2024-09-20T21:44:51.333Z P:6036 T:12332] ModelLoadManager::LoadDesiredTypes,Loading type: Autofill
2024-09-20T21:44:51.334Z P:6036 T:12332] ModelLoadManager::ModelLoadCallback,Load Passwords: success
2024-09-20T21:44:51.334Z P:6036 T:12332] ModelLoadManager::ModelLoadCallback,Load Autofill Profiles: success
2024-09-20T21:44:51.334Z P:6036 T:12332] ModelLoadManager::ModelLoadCallback,Load Autofill: success
2024-09-20T21:44:51.334Z P:6036 T:12332] DataTypeManagerImpl::OnAllDataTypesReadyForConfigure,Start to configure data types
2024-09-20T21:44:51.334Z P:6036 T:12332] DataTypeManagerImpl::StartNextConfiguration,Remain to be configured size: 4 and next configuring types are: Encryption Keys
2024-09-20T21:44:51.334Z P:6036 T:12332] DataTypeManagerImpl::PrepareConfigureParams,Prepare to be configured types: 
2024-09-20T21:44:51.334Z P:6036 T:1756] SyncManagerImpl::ConfigureSyncer,Types to download: 
2024-09-20T21:44:51.334Z P:6036 T:12332] DataTypeManagerImpl::ConfigurationCompleted,Remain to be configured size: 3
2024-09-20T21:44:51.334Z P:6036 T:12332] DataTypeManagerImpl::StartNextConfiguration,Remain to be configured size: 3 and next configuring types are: Preferences, Passwords, Device Info, Send Tab To Self, Edge E Drop
2024-09-20T21:44:51.334Z P:6036 T:12332] DataTypeManagerImpl::PrepareConfigureParams,Prepare to be configured types: Passwords, Encryption Keys
2024-09-20T21:44:51.334Z P:6036 T:11692] SyncManagerImpl::ConfigureSyncer,Types to download: Passwords, Encryption Keys
2024-09-20T21:44:52.158Z P:6036 T:12332] DataTypeManagerImpl::ConfigurationCompleted,Remain to be configured size: 2
2024-09-20T21:44:52.158Z P:6036 T:12332] DataTypeManagerImpl::StartNextConfiguration,Remain to be configured size: 2 and next configuring types are: Bookmarks
2024-09-20T21:44:52.158Z P:6036 T:12332] DataTypeManagerImpl::PrepareConfigureParams,Prepare to be configured types: 
2024-09-20T21:44:52.158Z P:6036 T:11692] SyncManagerImpl::ConfigureSyncer,Types to download: 
2024-09-20T21:44:52.158Z P:6036 T:12332] DataTypeManagerImpl::ConfigurationCompleted,Remain to be configured size: 1
2024-09-20T21:44:52.159Z P:6036 T:12332] DataTypeManagerImpl::StartNextConfiguration,Remain to be configured size: 1 and next configuring types are: Autofill Profiles, Autofill, Extensions, Extension settings, User Consents, Web Apps, Collection, Edge Hub App Usage, Edge Wallet
2024-09-20T21:44:52.159Z P:6036 T:12332] DataTypeManagerImpl::PrepareConfigureParams,Prepare to be configured types: 
2024-09-20T21:44:52.159Z P:6036 T:11692] SyncManagerImpl::ConfigureSyncer,Types to download: 
2024-09-20T21:44:52.162Z P:6036 T:12332] DataTypeManagerImpl::ConfigurationCompleted,Remain to be configured size: 0
2024-09-20T21:44:52.163Z P:6036 T:12332] SyncServiceImpl::OnConfigureDone,Configure DataTypeManager with: Ok
2024-09-20T22:16:56.019Z P:10616 T:28260] SyncServiceImpl::Initialize,SyncState after authenticated was: FeatureCanStart
2024-09-20T22:16:56.712Z P:10616 T:28260] SyncAuthManager::SetLastAuthError,Current auth error: None
2024-09-20T22:16:56.712Z P:10616 T:28260] SyncAuthManager::EdgeLogTokenErrorState,Token error with: None for account type: MSA
2024-09-20T22:16:56.712Z P:10616 T:28260] SyncServiceImpl::CredentialsChangedForKeyData,Credentials changed for: EdgeSyncKeyDataScope
2024-09-20T22:17:06.091Z P:10616 T:28260] SyncServiceImpl::TryStartImpl,Try to start sync engine
2024-09-20T22:17:06.094Z P:10616 T:3632] SyncManagerImpl::ConfigureSyncer,Types to download: Encryption Keys
2024-09-20T22:17:06.124Z P:10616 T:28260] SyncAuthManager::SetLastAuthError,Current auth error: None
2024-09-20T22:17:06.124Z P:10616 T:28260] SyncAuthManager::EdgeLogTokenErrorState,Token error with: None for account type: MSA
2024-09-20T22:17:06.124Z P:10616 T:28260] SyncServiceImpl::CredentialsChanged,Credentials changed for: EdgeSyncScopeNew
2024-09-20T22:17:06.483Z P:10616 T:28260] SyncServiceImpl::OnEngineInitialized,Initialize engine with: Success
2024-09-20T22:17:06.483Z P:10616 T:28260] ModelLoadManager::Configure,Desired types without errors: Bookmarks, Preferences, Extensions, Extension settings, Device Info, User Consents, Send Tab To Self, Web Apps, Collection, Edge E Drop, Edge Hub App Usage, Edge Wallet, Encryption Keys and types with errors: Passwords, Autofill Profiles, Autofill
2024-09-20T22:17:06.483Z P:10616 T:28260] ModelLoadManager::ModelLoadCallback,Load Bookmarks: success
2024-09-20T22:17:06.483Z P:10616 T:28260] ModelLoadManager::LoadDesiredTypes,Loading type: Bookmarks
2024-09-20T22:17:06.483Z P:10616 T:28260] ModelLoadManager::LoadDesiredTypes,Loading type: Preferences
2024-09-20T22:17:06.483Z P:10616 T:28260] ModelLoadManager::LoadDesiredTypes,Loading type: Extensions
2024-09-20T22:17:06.483Z P:10616 T:28260] ModelLoadManager::LoadDesiredTypes,Loading type: Extension settings
2024-09-20T22:17:06.483Z P:10616 T:28260] ModelLoadManager::LoadDesiredTypes,Loading type: Device Info
2024-09-20T22:17:06.483Z P:10616 T:28260] ModelLoadManager::LoadDesiredTypes,Loading type: User Consents
2024-09-20T22:17:06.483Z P:10616 T:28260] ModelLoadManager::LoadDesiredTypes,Loading type: Send Tab To Self
2024-09-20T22:17:06.483Z P:10616 T:28260] ModelLoadManager::LoadDesiredTypes,Loading type: Web Apps
2024-09-20T22:17:06.483Z P:10616 T:28260] ModelLoadManager::LoadDesiredTypes,Loading type: Collection
2024-09-20T22:17:06.483Z P:10616 T:28260] ModelLoadManager::LoadDesiredTypes,Loading type: Edge E Drop
2024-09-20T22:17:06.483Z P:10616 T:28260] ModelLoadManager::LoadDesiredTypes,Loading type: Edge Hub App Usage
2024-09-20T22:17:06.483Z P:10616 T:28260] ModelLoadManager::LoadDesiredTypes,Loading type: Edge Wallet
2024-09-20T22:17:06.484Z P:10616 T:28260] ModelLoadManager::ModelLoadCallback,Load Preferences: success
2024-09-20T22:17:06.484Z P:10616 T:28260] ModelLoadManager::ModelLoadCallback,Load Extensions: success
2024-09-20T22:17:06.484Z P:10616 T:28260] ModelLoadManager::ModelLoadCallback,Load Extension settings: success
2024-09-20T22:17:06.484Z P:10616 T:28260] ModelLoadManager::ModelLoadCallback,Load Device Info: success
2024-09-20T22:17:06.484Z P:10616 T:28260] ModelLoadManager::ModelLoadCallback,Load User Consents: success
2024-09-20T22:17:06.484Z P:10616 T:28260] ModelLoadManager::ModelLoadCallback,Load Send Tab To Self: success
2024-09-20T22:17:06.484Z P:10616 T:28260] ModelLoadManager::ModelLoadCallback,Load Web Apps: success
2024-09-20T22:17:06.484Z P:10616 T:28260] ModelLoadManager::ModelLoadCallback,Load Collection: success
2024-09-20T22:17:06.484Z P:10616 T:28260] ModelLoadManager::ModelLoadCallback,Load Edge Hub App Usage: success
2024-09-20T22:17:06.484Z P:10616 T:28260] ModelLoadManager::ModelLoadCallback,Load Edge E Drop: success
2024-09-20T22:17:06.484Z P:10616 T:28260] ModelLoadManager::ModelLoadCallback,Load Edge Wallet: success
2024-09-20T22:17:06.484Z P:10616 T:28260] DataTypeManagerImpl::OnAllDataTypesReadyForConfigure,Start to configure data types
2024-09-20T22:17:06.484Z P:10616 T:28260] DataTypeManagerImpl::StartNextConfiguration,Remain to be configured size: 4 and next configuring types are: Encryption Keys
2024-09-20T22:17:06.484Z P:10616 T:28260] DataTypeManagerImpl::PrepareConfigureParams,Prepare to be configured types: 
2024-09-20T22:17:06.780Z P:10616 T:3632] SyncManagerImpl::ConfigureSyncer,Types to download: 
2024-09-20T22:17:06.781Z P:10616 T:28260] DataTypeManagerImpl::ConfigurationCompleted,Need reconfigure with failed types: 
2024-09-20T22:17:06.781Z P:10616 T:28260] ModelLoadManager::Configure,Desired types without errors: Bookmarks, Preferences, Passwords, Autofill Profiles, Autofill, Extensions, Extension settings, Device Info, User Consents, Send Tab To Self, Web Apps, Collection, Edge E Drop, Edge Hub App Usage, Edge Wallet, Encryption Keys and types with errors: 
2024-09-20T22:17:06.781Z P:10616 T:28260] ModelLoadManager::LoadDesiredTypes,Loading type: Passwords
2024-09-20T22:17:06.781Z P:10616 T:28260] ModelLoadManager::LoadDesiredTypes,Loading type: Autofill Profiles
2024-09-20T22:17:06.781Z P:10616 T:28260] ModelLoadManager::LoadDesiredTypes,Loading type: Autofill
2024-09-20T22:17:06.781Z P:10616 T:28260] ModelLoadManager::ModelLoadCallback,Load Passwords: success
2024-09-20T22:17:06.781Z P:10616 T:28260] ModelLoadManager::ModelLoadCallback,Load Autofill Profiles: success
2024-09-20T22:17:06.781Z P:10616 T:28260] ModelLoadManager::ModelLoadCallback,Load Autofill: success
2024-09-20T22:17:06.781Z P:10616 T:28260] DataTypeManagerImpl::OnAllDataTypesReadyForConfigure,Start to configure data types
2024-09-20T22:17:06.781Z P:10616 T:28260] DataTypeManagerImpl::StartNextConfiguration,Remain to be configured size: 4 and next configuring types are: Encryption Keys
2024-09-20T22:17:06.781Z P:10616 T:28260] DataTypeManagerImpl::PrepareConfigureParams,Prepare to be configured types: 
2024-09-20T22:17:06.781Z P:10616 T:10712] SyncManagerImpl::ConfigureSyncer,Types to download: 
2024-09-20T22:17:06.781Z P:10616 T:28260] DataTypeManagerImpl::ConfigurationCompleted,Remain to be configured size: 3
2024-09-20T22:17:06.781Z P:10616 T:28260] DataTypeManagerImpl::StartNextConfiguration,Remain to be configured size: 3 and next configuring types are: Preferences, Passwords, Device Info, Send Tab To Self, Edge E Drop
2024-09-20T22:17:06.781Z P:10616 T:28260] DataTypeManagerImpl::PrepareConfigureParams,Prepare to be configured types: Passwords, Encryption Keys
2024-09-20T22:17:06.781Z P:10616 T:10712] SyncManagerImpl::ConfigureSyncer,Types to download: Passwords, Encryption Keys
2024-09-20T22:17:07.580Z P:10616 T:28260] DataTypeManagerImpl::ConfigurationCompleted,Remain to be configured size: 2
2024-09-20T22:17:07.580Z P:10616 T:28260] DataTypeManagerImpl::StartNextConfiguration,Remain to be configured size: 2 and next configuring types are: Bookmarks
2024-09-20T22:17:07.580Z P:10616 T:28260] DataTypeManagerImpl::PrepareConfigureParams,Prepare to be configured types: 
2024-09-20T22:17:07.580Z P:10616 T:10712] SyncManagerImpl::ConfigureSyncer,Types to download: 
2024-09-20T22:17:07.580Z P:10616 T:28260] DataTypeManagerImpl::ConfigurationCompleted,Remain to be configured size: 1
2024-09-20T22:17:07.580Z P:10616 T:28260] DataTypeManagerImpl::StartNextConfiguration,Remain to be configured size: 1 and next configuring types are: Autofill Profiles, Autofill, Extensions, Extension settings, User Consents, Web Apps, Collection, Edge Hub App Usage, Edge Wallet
2024-09-20T22:17:07.580Z P:10616 T:28260] DataTypeManagerImpl::PrepareConfigureParams,Prepare to be configured types: 
2024-09-20T22:17:07.580Z P:10616 T:10712] SyncManagerImpl::ConfigureSyncer,Types to download: 
2024-09-20T22:17:07.582Z P:10616 T:28260] DataTypeManagerImpl::ConfigurationCompleted,Remain to be configured size: 0
2024-09-20T22:17:07.583Z P:10616 T:28260] SyncServiceImpl::OnConfigureDone,Configure DataTypeManager with: Ok
2024-09-20T22:41:32.211Z P:28988 T:27136] SyncServiceImpl::Initialize,SyncState after authenticated was: FeatureCanStart
2024-09-20T22:41:33.869Z P:28988 T:27136] SyncAuthManager::SetLastAuthError,Current auth error: None
2024-09-20T22:41:33.869Z P:28988 T:27136] SyncAuthManager::EdgeLogTokenErrorState,Token error with: None for account type: MSA
2024-09-20T22:41:33.869Z P:28988 T:27136] SyncServiceImpl::CredentialsChangedForKeyData,Credentials changed for: EdgeSyncKeyDataScope
2024-09-20T22:41:42.278Z P:28988 T:27136] SyncServiceImpl::TryStartImpl,Try to start sync engine
2024-09-20T22:41:42.279Z P:28988 T:4680] SyncManagerImpl::ConfigureSyncer,Types to download: Encryption Keys
2024-09-20T22:41:42.297Z P:28988 T:27136] SyncAuthManager::SetLastAuthError,Current auth error: None
2024-09-20T22:41:42.297Z P:28988 T:27136] SyncAuthManager::EdgeLogTokenErrorState,Token error with: None for account type: MSA
2024-09-20T22:41:42.297Z P:28988 T:27136] SyncServiceImpl::CredentialsChanged,Credentials changed for: EdgeSyncScopeNew
2024-09-20T22:41:42.649Z P:28988 T:27136] SyncServiceImpl::OnEngineInitialized,Initialize engine with: Success
2024-09-20T22:41:42.650Z P:28988 T:27136] ModelLoadManager::Configure,Desired types without errors: Bookmarks, Preferences, Extensions, Extension settings, Device Info, User Consents, Send Tab To Self, Web Apps, Collection, Edge E Drop, Edge Hub App Usage, Edge Wallet, Encryption Keys and types with errors: Passwords, Autofill Profiles, Autofill
2024-09-20T22:41:42.650Z P:28988 T:27136] ModelLoadManager::ModelLoadCallback,Load Bookmarks: success
2024-09-20T22:41:42.650Z P:28988 T:27136] ModelLoadManager::LoadDesiredTypes,Loading type: Bookmarks
2024-09-20T22:41:42.650Z P:28988 T:27136] ModelLoadManager::LoadDesiredTypes,Loading type: Preferences
2024-09-20T22:41:42.650Z P:28988 T:27136] ModelLoadManager::LoadDesiredTypes,Loading type: Extensions
2024-09-20T22:41:42.650Z P:28988 T:27136] ModelLoadManager::LoadDesiredTypes,Loading type: Extension settings
2024-09-20T22:41:42.650Z P:28988 T:27136] ModelLoadManager::LoadDesiredTypes,Loading type: Device Info
2024-09-20T22:41:42.650Z P:28988 T:27136] ModelLoadManager::LoadDesiredTypes,Loading type: User Consents
2024-09-20T22:41:42.650Z P:28988 T:27136] ModelLoadManager::LoadDesiredTypes,Loading type: Send Tab To Self
2024-09-20T22:41:42.650Z P:28988 T:27136] ModelLoadManager::LoadDesiredTypes,Loading type: Web Apps
2024-09-20T22:41:42.650Z P:28988 T:27136] ModelLoadManager::LoadDesiredTypes,Loading type: Collection
2024-09-20T22:41:42.650Z P:28988 T:27136] ModelLoadManager::LoadDesiredTypes,Loading type: Edge E Drop
2024-09-20T22:41:42.650Z P:28988 T:27136] ModelLoadManager::LoadDesiredTypes,Loading type: Edge Hub App Usage
2024-09-20T22:41:42.650Z P:28988 T:27136] ModelLoadManager::LoadDesiredTypes,Loading type: Edge Wallet
2024-09-20T22:41:42.651Z P:28988 T:27136] ModelLoadManager::ModelLoadCallback,Load Preferences: success
2024-09-20T22:41:42.651Z P:28988 T:27136] ModelLoadManager::ModelLoadCallback,Load Extensions: success
2024-09-20T22:41:42.651Z P:28988 T:27136] ModelLoadManager::ModelLoadCallback,Load Extension settings: success
2024-09-20T22:41:42.651Z P:28988 T:27136] ModelLoadManager::ModelLoadCallback,Load Device Info: success
2024-09-20T22:41:42.651Z P:28988 T:27136] ModelLoadManager::ModelLoadCallback,Load User Consents: success
2024-09-20T22:41:42.651Z P:28988 T:27136] ModelLoadManager::ModelLoadCallback,Load Send Tab To Self: success
2024-09-20T22:41:42.651Z P:28988 T:27136] ModelLoadManager::ModelLoadCallback,Load Web Apps: success
2024-09-20T22:41:42.651Z P:28988 T:27136] ModelLoadManager::ModelLoadCallback,Load Collection: success
2024-09-20T22:41:42.651Z P:28988 T:27136] ModelLoadManager::ModelLoadCallback,Load Edge E Drop: success
2024-09-20T22:41:42.651Z P:28988 T:27136] ModelLoadManager::ModelLoadCallback,Load Edge Hub App Usage: success
2024-09-20T22:41:42.651Z P:28988 T:27136] ModelLoadManager::ModelLoadCallback,Load Edge Wallet: success
2024-09-20T22:41:42.651Z P:28988 T:27136] DataTypeManagerImpl::OnAllDataTypesReadyForConfigure,Start to configure data types
2024-09-20T22:41:42.651Z P:28988 T:27136] DataTypeManagerImpl::StartNextConfiguration,Remain to be configured size: 4 and next configuring types are: Encryption Keys
2024-09-20T22:41:42.651Z P:28988 T:27136] DataTypeManagerImpl::PrepareConfigureParams,Prepare to be configured types: 
2024-09-20T22:41:43.325Z P:28988 T:20968] SyncManagerImpl::ConfigureSyncer,Types to download: 
2024-09-20T22:41:43.327Z P:28988 T:27136] DataTypeManagerImpl::ConfigurationCompleted,Need reconfigure with failed types: 
2024-09-20T22:41:43.327Z P:28988 T:27136] ModelLoadManager::Configure,Desired types without errors: Bookmarks, Preferences, Passwords, Autofill Profiles, Autofill, Extensions, Extension settings, Device Info, User Consents, Send Tab To Self, Web Apps, Collection, Edge E Drop, Edge Hub App Usage, Edge Wallet, Encryption Keys and types with errors: 
2024-09-20T22:41:43.327Z P:28988 T:27136] ModelLoadManager::LoadDesiredTypes,Loading type: Passwords
2024-09-20T22:41:43.327Z P:28988 T:27136] ModelLoadManager::LoadDesiredTypes,Loading type: Autofill Profiles
2024-09-20T22:41:43.327Z P:28988 T:27136] ModelLoadManager::LoadDesiredTypes,Loading type: Autofill
2024-09-20T22:41:43.330Z P:28988 T:27136] ModelLoadManager::ModelLoadCallback,Load Passwords: success
2024-09-20T22:41:43.330Z P:28988 T:27136] ModelLoadManager::ModelLoadCallback,Load Autofill Profiles: success
2024-09-20T22:41:43.330Z P:28988 T:27136] ModelLoadManager::ModelLoadCallback,Load Autofill: success
2024-09-20T22:41:43.330Z P:28988 T:27136] DataTypeManagerImpl::OnAllDataTypesReadyForConfigure,Start to configure data types
2024-09-20T22:41:43.330Z P:28988 T:27136] DataTypeManagerImpl::StartNextConfiguration,Remain to be configured size: 4 and next configuring types are: Encryption Keys
2024-09-20T22:41:43.330Z P:28988 T:27136] DataTypeManagerImpl::PrepareConfigureParams,Prepare to be configured types: 
2024-09-20T22:41:43.330Z P:28988 T:20968] SyncManagerImpl::ConfigureSyncer,Types to download: 
2024-09-20T22:41:43.331Z P:28988 T:27136] DataTypeManagerImpl::ConfigurationCompleted,Remain to be configured size: 3
2024-09-20T22:41:43.331Z P:28988 T:27136] DataTypeManagerImpl::StartNextConfiguration,Remain to be configured size: 3 and next configuring types are: Preferences, Passwords, Device Info, Send Tab To Self, Edge E Drop
2024-09-20T22:41:43.331Z P:28988 T:27136] DataTypeManagerImpl::PrepareConfigureParams,Prepare to be configured types: Passwords, Encryption Keys
2024-09-20T22:41:43.331Z P:28988 T:20968] SyncManagerImpl::ConfigureSyncer,Types to download: Passwords, Encryption Keys
2024-09-20T22:41:44.078Z P:28988 T:27136] DataTypeManagerImpl::ConfigurationCompleted,Remain to be configured size: 2
2024-09-20T22:41:44.078Z P:28988 T:27136] DataTypeManagerImpl::StartNextConfiguration,Remain to be configured size: 2 and next configuring types are: Bookmarks
2024-09-20T22:41:44.078Z P:28988 T:27136] DataTypeManagerImpl::PrepareConfigureParams,Prepare to be configured types: 
2024-09-20T22:41:44.078Z P:28988 T:12844] SyncManagerImpl::ConfigureSyncer,Types to download: 
2024-09-20T22:41:44.079Z P:28988 T:27136] DataTypeManagerImpl::ConfigurationCompleted,Remain to be configured size: 1
2024-09-20T22:41:44.080Z P:28988 T:27136] DataTypeManagerImpl::StartNextConfiguration,Remain to be configured size: 1 and next configuring types are: Autofill Profiles, Autofill, Extensions, Extension settings, User Consents, Web Apps, Collection, Edge Hub App Usage, Edge Wallet
2024-09-20T22:41:44.080Z P:28988 T:27136] DataTypeManagerImpl::PrepareConfigureParams,Prepare to be configured types: 
2024-09-20T22:41:44.080Z P:28988 T:20968] SyncManagerImpl::ConfigureSyncer,Types to download: 
2024-09-20T22:41:44.080Z P:28988 T:27136] DataTypeManagerImpl::ConfigurationCompleted,Remain to be configured size: 0
2024-09-20T22:41:44.080Z P:28988 T:27136] SyncServiceImpl::OnConfigureDone,Configure DataTypeManager with: Ok
2024-09-20T23:05:30.062Z P:21464 T:25672] SyncServiceImpl::Initialize,SyncState after authenticated was: FeatureCanStart
2024-09-20T23:05:31.381Z P:21464 T:25672] SyncAuthManager::SetLastAuthError,Current auth error: None
2024-09-20T23:05:31.381Z P:21464 T:25672] SyncAuthManager::EdgeLogTokenErrorState,Token error with: None for account type: MSA
2024-09-20T23:05:31.381Z P:21464 T:25672] SyncServiceImpl::CredentialsChangedForKeyData,Credentials changed for: EdgeSyncKeyDataScope
2024-09-20T23:05:40.125Z P:21464 T:25672] SyncServiceImpl::TryStartImpl,Try to start sync engine
2024-09-20T23:05:40.126Z P:21464 T:5496] SyncManagerImpl::ConfigureSyncer,Types to download: Encryption Keys
2024-09-20T23:05:40.142Z P:21464 T:25672] SyncAuthManager::SetLastAuthError,Current auth error: None
2024-09-20T23:05:40.142Z P:21464 T:25672] SyncAuthManager::EdgeLogTokenErrorState,Token error with: None for account type: MSA
2024-09-20T23:05:40.142Z P:21464 T:25672] SyncServiceImpl::CredentialsChanged,Credentials changed for: EdgeSyncScopeNew
2024-09-20T23:05:40.493Z P:21464 T:25672] SyncServiceImpl::OnEngineInitialized,Initialize engine with: Success
2024-09-20T23:05:40.494Z P:21464 T:25672] ModelLoadManager::Configure,Desired types without errors: Bookmarks, Preferences, Extensions, Extension settings, Device Info, User Consents, Send Tab To Self, Web Apps, Collection, Edge E Drop, Edge Hub App Usage, Edge Wallet, Encryption Keys and types with errors: Passwords, Autofill Profiles, Autofill
2024-09-20T23:05:40.494Z P:21464 T:25672] ModelLoadManager::ModelLoadCallback,Load Bookmarks: success
2024-09-20T23:05:40.494Z P:21464 T:25672] ModelLoadManager::LoadDesiredTypes,Loading type: Bookmarks
2024-09-20T23:05:40.494Z P:21464 T:25672] ModelLoadManager::LoadDesiredTypes,Loading type: Preferences
2024-09-20T23:05:40.494Z P:21464 T:25672] ModelLoadManager::LoadDesiredTypes,Loading type: Extensions
2024-09-20T23:05:40.494Z P:21464 T:25672] ModelLoadManager::LoadDesiredTypes,Loading type: Extension settings
2024-09-20T23:05:40.494Z P:21464 T:25672] ModelLoadManager::LoadDesiredTypes,Loading type: Device Info
2024-09-20T23:05:40.494Z P:21464 T:25672] ModelLoadManager::LoadDesiredTypes,Loading type: User Consents
2024-09-20T23:05:40.494Z P:21464 T:25672] ModelLoadManager::LoadDesiredTypes,Loading type: Send Tab To Self
2024-09-20T23:05:40.494Z P:21464 T:25672] ModelLoadManager::LoadDesiredTypes,Loading type: Web Apps
2024-09-20T23:05:40.494Z P:21464 T:25672] ModelLoadManager::LoadDesiredTypes,Loading type: Collection
2024-09-20T23:05:40.494Z P:21464 T:25672] ModelLoadManager::LoadDesiredTypes,Loading type: Edge E Drop
2024-09-20T23:05:40.494Z P:21464 T:25672] ModelLoadManager::LoadDesiredTypes,Loading type: Edge Hub App Usage
2024-09-20T23:05:40.494Z P:21464 T:25672] ModelLoadManager::LoadDesiredTypes,Loading type: Edge Wallet
2024-09-20T23:05:40.495Z P:21464 T:25672] ModelLoadManager::ModelLoadCallback,Load Preferences: success
2024-09-20T23:05:40.495Z P:21464 T:25672] ModelLoadManager::ModelLoadCallback,Load Extensions: success
2024-09-20T23:05:40.495Z P:21464 T:25672] ModelLoadManager::ModelLoadCallback,Load Extension settings: success
2024-09-20T23:05:40.495Z P:21464 T:25672] ModelLoadManager::ModelLoadCallback,Load Device Info: success
2024-09-20T23:05:40.495Z P:21464 T:25672] ModelLoadManager::ModelLoadCallback,Load User Consents: success
2024-09-20T23:05:40.495Z P:21464 T:25672] ModelLoadManager::ModelLoadCallback,Load Send Tab To Self: success
2024-09-20T23:05:40.495Z P:21464 T:25672] ModelLoadManager::ModelLoadCallback,Load Web Apps: success
2024-09-20T23:05:40.495Z P:21464 T:25672] ModelLoadManager::ModelLoadCallback,Load Collection: success
2024-09-20T23:05:40.495Z P:21464 T:25672] ModelLoadManager::ModelLoadCallback,Load Edge Hub App Usage: success
2024-09-20T23:05:40.495Z P:21464 T:25672] ModelLoadManager::ModelLoadCallback,Load Edge E Drop: success
2024-09-20T23:05:40.495Z P:21464 T:25672] ModelLoadManager::ModelLoadCallback,Load Edge Wallet: success
2024-09-20T23:05:40.495Z P:21464 T:25672] DataTypeManagerImpl::OnAllDataTypesReadyForConfigure,Start to configure data types
2024-09-20T23:05:40.495Z P:21464 T:25672] DataTypeManagerImpl::StartNextConfiguration,Remain to be configured size: 4 and next configuring types are: Encryption Keys
2024-09-20T23:05:40.495Z P:21464 T:25672] DataTypeManagerImpl::PrepareConfigureParams,Prepare to be configured types: 
2024-09-20T23:05:41.185Z P:21464 T:28992] SyncManagerImpl::ConfigureSyncer,Types to download: 
2024-09-20T23:05:41.186Z P:21464 T:25672] DataTypeManagerImpl::ConfigurationCompleted,Need reconfigure with failed types: 
2024-09-20T23:05:41.186Z P:21464 T:25672] ModelLoadManager::Configure,Desired types without errors: Bookmarks, Preferences, Passwords, Autofill Profiles, Autofill, Extensions, Extension settings, Device Info, User Consents, Send Tab To Self, Web Apps, Collection, Edge E Drop, Edge Hub App Usage, Edge Wallet, Encryption Keys and types with errors: 
2024-09-20T23:05:41.186Z P:21464 T:25672] ModelLoadManager::LoadDesiredTypes,Loading type: Passwords
2024-09-20T23:05:41.186Z P:21464 T:25672] ModelLoadManager::LoadDesiredTypes,Loading type: Autofill Profiles
2024-09-20T23:05:41.186Z P:21464 T:25672] ModelLoadManager::LoadDesiredTypes,Loading type: Autofill
2024-09-20T23:05:41.189Z P:21464 T:25672] ModelLoadManager::ModelLoadCallback,Load Passwords: success
2024-09-20T23:05:41.189Z P:21464 T:25672] ModelLoadManager::ModelLoadCallback,Load Autofill Profiles: success
2024-09-20T23:05:41.189Z P:21464 T:25672] ModelLoadManager::ModelLoadCallback,Load Autofill: success
2024-09-20T23:05:41.189Z P:21464 T:25672] DataTypeManagerImpl::OnAllDataTypesReadyForConfigure,Start to configure data types
2024-09-20T23:05:41.189Z P:21464 T:25672] DataTypeManagerImpl::StartNextConfiguration,Remain to be configured size: 4 and next configuring types are: Encryption Keys
2024-09-20T23:05:41.189Z P:21464 T:25672] DataTypeManagerImpl::PrepareConfigureParams,Prepare to be configured types: 
2024-09-20T23:05:41.189Z P:21464 T:28992] SyncManagerImpl::ConfigureSyncer,Types to download: 
2024-09-20T23:05:41.189Z P:21464 T:25672] DataTypeManagerImpl::ConfigurationCompleted,Remain to be configured size: 3
2024-09-20T23:05:41.189Z P:21464 T:25672] DataTypeManagerImpl::StartNextConfiguration,Remain to be configured size: 3 and next configuring types are: Preferences, Passwords, Device Info, Send Tab To Self, Edge E Drop
2024-09-20T23:05:41.189Z P:21464 T:25672] DataTypeManagerImpl::PrepareConfigureParams,Prepare to be configured types: Passwords, Encryption Keys
2024-09-20T23:05:41.189Z P:21464 T:28992] SyncManagerImpl::ConfigureSyncer,Types to download: Passwords, Encryption Keys
2024-09-20T23:05:42.586Z P:21464 T:25672] DataTypeManagerImpl::ConfigurationCompleted,Remain to be configured size: 2
2024-09-20T23:05:42.586Z P:21464 T:25672] DataTypeManagerImpl::StartNextConfiguration,Remain to be configured size: 2 and next configuring types are: Bookmarks
2024-09-20T23:05:42.586Z P:21464 T:25672] DataTypeManagerImpl::PrepareConfigureParams,Prepare to be configured types: 
2024-09-20T23:05:42.586Z P:21464 T:28992] SyncManagerImpl::ConfigureSyncer,Types to download: 
2024-09-20T23:05:42.586Z P:21464 T:25672] DataTypeManagerImpl::ConfigurationCompleted,Remain to be configured size: 1
2024-09-20T23:05:42.587Z P:21464 T:25672] DataTypeManagerImpl::StartNextConfiguration,Remain to be configured size: 1 and next configuring types are: Autofill Profiles, Autofill, Extensions, Extension settings, User Consents, Web Apps, Collection, Edge Hub App Usage, Edge Wallet
2024-09-20T23:05:42.587Z P:21464 T:25672] DataTypeManagerImpl::PrepareConfigureParams,Prepare to be configured types: 
2024-09-20T23:05:42.587Z P:21464 T:28992] SyncManagerImpl::ConfigureSyncer,Types to download: 
2024-09-20T23:05:42.587Z P:21464 T:25672] DataTypeManagerImpl::ConfigurationCompleted,Remain to be configured size: 0
2024-09-20T23:05:42.588Z P:21464 T:25672] SyncServiceImpl::OnConfigureDone,Configure DataTypeManager with: Ok
2024-09-20T23:41:33.748Z P:14548 T:12164] SyncServiceImpl::Initialize,SyncState after authenticated was: FeatureCanStart
2024-09-20T23:41:35.100Z P:14548 T:12164] SyncAuthManager::SetLastAuthError,Current auth error: None
2024-09-20T23:41:35.100Z P:14548 T:12164] SyncAuthManager::EdgeLogTokenErrorState,Token error with: None for account type: MSA
2024-09-20T23:41:35.100Z P:14548 T:12164] SyncServiceImpl::CredentialsChangedForKeyData,Credentials changed for: EdgeSyncKeyDataScope
2024-09-20T23:41:43.814Z P:14548 T:12164] SyncServiceImpl::TryStartImpl,Try to start sync engine
2024-09-20T23:41:43.815Z P:14548 T:29116] SyncManagerImpl::ConfigureSyncer,Types to download: Encryption Keys
2024-09-20T23:41:43.834Z P:14548 T:12164] SyncAuthManager::SetLastAuthError,Current auth error: None
2024-09-20T23:41:43.834Z P:14548 T:12164] SyncAuthManager::EdgeLogTokenErrorState,Token error with: None for account type: MSA
2024-09-20T23:41:43.834Z P:14548 T:12164] SyncServiceImpl::CredentialsChanged,Credentials changed for: EdgeSyncScopeNew
2024-09-20T23:41:44.134Z P:14548 T:12164] SyncServiceImpl::OnEngineInitialized,Initialize engine with: Success
2024-09-20T23:41:44.135Z P:14548 T:12164] ModelLoadManager::Configure,Desired types without errors: Bookmarks, Preferences, Extensions, Extension settings, Device Info, User Consents, Send Tab To Self, Web Apps, Collection, Edge E Drop, Edge Hub App Usage, Edge Wallet, Encryption Keys and types with errors: Passwords, Autofill Profiles, Autofill
2024-09-20T23:41:44.135Z P:14548 T:12164] ModelLoadManager::ModelLoadCallback,Load Bookmarks: success
2024-09-20T23:41:44.135Z P:14548 T:12164] ModelLoadManager::LoadDesiredTypes,Loading type: Bookmarks
2024-09-20T23:41:44.135Z P:14548 T:12164] ModelLoadManager::LoadDesiredTypes,Loading type: Preferences
2024-09-20T23:41:44.135Z P:14548 T:12164] ModelLoadManager::LoadDesiredTypes,Loading type: Extensions
2024-09-20T23:41:44.135Z P:14548 T:12164] ModelLoadManager::LoadDesiredTypes,Loading type: Extension settings
2024-09-20T23:41:44.135Z P:14548 T:12164] ModelLoadManager::LoadDesiredTypes,Loading type: Device Info
2024-09-20T23:41:44.135Z P:14548 T:12164] ModelLoadManager::LoadDesiredTypes,Loading type: User Consents
2024-09-20T23:41:44.135Z P:14548 T:12164] ModelLoadManager::LoadDesiredTypes,Loading type: Send Tab To Self
2024-09-20T23:41:44.135Z P:14548 T:12164] ModelLoadManager::LoadDesiredTypes,Loading type: Web Apps
2024-09-20T23:41:44.135Z P:14548 T:12164] ModelLoadManager::LoadDesiredTypes,Loading type: Collection
2024-09-20T23:41:44.135Z P:14548 T:12164] ModelLoadManager::LoadDesiredTypes,Loading type: Edge E Drop
2024-09-20T23:41:44.135Z P:14548 T:12164] ModelLoadManager::LoadDesiredTypes,Loading type: Edge Hub App Usage
2024-09-20T23:41:44.135Z P:14548 T:12164] ModelLoadManager::LoadDesiredTypes,Loading type: Edge Wallet
2024-09-20T23:41:44.137Z P:14548 T:12164] ModelLoadManager::ModelLoadCallback,Load Preferences: success
2024-09-20T23:41:44.137Z P:14548 T:12164] ModelLoadManager::ModelLoadCallback,Load Extensions: success
2024-09-20T23:41:44.137Z P:14548 T:12164] ModelLoadManager::ModelLoadCallback,Load Extension settings: success
2024-09-20T23:41:44.137Z P:14548 T:12164] ModelLoadManager::ModelLoadCallback,Load Device Info: success
2024-09-20T23:41:44.137Z P:14548 T:12164] ModelLoadManager::ModelLoadCallback,Load User Consents: success
2024-09-20T23:41:44.137Z P:14548 T:12164] ModelLoadManager::ModelLoadCallback,Load Send Tab To Self: success
2024-09-20T23:41:44.137Z P:14548 T:12164] ModelLoadManager::ModelLoadCallback,Load Web Apps: success
2024-09-20T23:41:44.137Z P:14548 T:12164] ModelLoadManager::ModelLoadCallback,Load Collection: success
2024-09-20T23:41:44.137Z P:14548 T:12164] ModelLoadManager::ModelLoadCallback,Load Edge Hub App Usage: success
2024-09-20T23:41:44.137Z P:14548 T:12164] ModelLoadManager::ModelLoadCallback,Load Edge E Drop: success
2024-09-20T23:41:44.137Z P:14548 T:12164] ModelLoadManager::ModelLoadCallback,Load Edge Wallet: success
2024-09-20T23:41:44.137Z P:14548 T:12164] DataTypeManagerImpl::OnAllDataTypesReadyForConfigure,Start to configure data types
2024-09-20T23:41:44.137Z P:14548 T:12164] DataTypeManagerImpl::StartNextConfiguration,Remain to be configured size: 4 and next configuring types are: Encryption Keys
2024-09-20T23:41:44.137Z P:14548 T:12164] DataTypeManagerImpl::PrepareConfigureParams,Prepare to be configured types: 
2024-09-20T23:41:44.884Z P:14548 T:11052] SyncManagerImpl::ConfigureSyncer,Types to download: 
2024-09-20T23:41:44.885Z P:14548 T:12164] DataTypeManagerImpl::ConfigurationCompleted,Need reconfigure with failed types: 
2024-09-20T23:41:44.885Z P:14548 T:12164] ModelLoadManager::Configure,Desired types without errors: Bookmarks, Preferences, Passwords, Autofill Profiles, Autofill, Extensions, Extension settings, Device Info, User Consents, Send Tab To Self, Web Apps, Collection, Edge E Drop, Edge Hub App Usage, Edge Wallet, Encryption Keys and types with errors: 
2024-09-20T23:41:44.885Z P:14548 T:12164] ModelLoadManager::LoadDesiredTypes,Loading type: Passwords
2024-09-20T23:41:44.885Z P:14548 T:12164] ModelLoadManager::LoadDesiredTypes,Loading type: Autofill Profiles
2024-09-20T23:41:44.885Z P:14548 T:12164] ModelLoadManager::LoadDesiredTypes,Loading type: Autofill
2024-09-20T23:41:44.885Z P:14548 T:12164] ModelLoadManager::ModelLoadCallback,Load Passwords: success
2024-09-20T23:41:44.885Z P:14548 T:12164] ModelLoadManager::ModelLoadCallback,Load Autofill Profiles: success
2024-09-20T23:41:44.885Z P:14548 T:12164] ModelLoadManager::ModelLoadCallback,Load Autofill: success
2024-09-20T23:41:44.885Z P:14548 T:12164] DataTypeManagerImpl::OnAllDataTypesReadyForConfigure,Start to configure data types
2024-09-20T23:41:44.885Z P:14548 T:12164] DataTypeManagerImpl::StartNextConfiguration,Remain to be configured size: 4 and next configuring types are: Encryption Keys
2024-09-20T23:41:44.885Z P:14548 T:12164] DataTypeManagerImpl::PrepareConfigureParams,Prepare to be configured types: 
2024-09-20T23:41:44.885Z P:14548 T:29116] SyncManagerImpl::ConfigureSyncer,Types to download: 
2024-09-20T23:41:44.885Z P:14548 T:12164] DataTypeManagerImpl::ConfigurationCompleted,Remain to be configured size: 3
2024-09-20T23:41:44.885Z P:14548 T:12164] DataTypeManagerImpl::StartNextConfiguration,Remain to be configured size: 3 and next configuring types are: Preferences, Passwords, Device Info, Send Tab To Self, Edge E Drop
2024-09-20T23:41:44.885Z P:14548 T:12164] DataTypeManagerImpl::PrepareConfigureParams,Prepare to be configured types: Passwords, Encryption Keys
2024-09-20T23:41:44.885Z P:14548 T:29116] SyncManagerImpl::ConfigureSyncer,Types to download: Passwords, Encryption Keys
2024-09-20T23:41:45.663Z P:14548 T:12164] DataTypeManagerImpl::ConfigurationCompleted,Remain to be configured size: 2
2024-09-20T23:41:45.663Z P:14548 T:12164] DataTypeManagerImpl::StartNextConfiguration,Remain to be configured size: 2 and next configuring types are: Bookmarks
2024-09-20T23:41:45.663Z P:14548 T:12164] DataTypeManagerImpl::PrepareConfigureParams,Prepare to be configured types: 
2024-09-20T23:41:45.663Z P:14548 T:12892] SyncManagerImpl::ConfigureSyncer,Types to download: 
2024-09-20T23:41:45.664Z P:14548 T:12164] DataTypeManagerImpl::ConfigurationCompleted,Remain to be configured size: 1
2024-09-20T23:41:45.665Z P:14548 T:12164] DataTypeManagerImpl::StartNextConfiguration,Remain to be configured size: 1 and next configuring types are: Autofill Profiles, Autofill, Extensions, Extension settings, User Consents, Web Apps, Collection, Edge Hub App Usage, Edge Wallet
2024-09-20T23:41:45.665Z P:14548 T:12164] DataTypeManagerImpl::PrepareConfigureParams,Prepare to be configured types: 
2024-09-20T23:41:45.665Z P:14548 T:29116] SyncManagerImpl::ConfigureSyncer,Types to download: 
2024-09-20T23:41:45.665Z P:14548 T:12164] DataTypeManagerImpl::ConfigurationCompleted,Remain to be configured size: 0
2024-09-20T23:41:45.666Z P:14548 T:12164] SyncServiceImpl::OnConfigureDone,Configure DataTypeManager with: Ok
